<?xml version="1.0" encoding="UTF-8"?>
<testsuites tests="4" failures="0" disabled="0" errors="0" time="0.001" timestamp="2026-08-28T16:13:12" name="AllTests">
  <testsuite name="ToolProfileKinematicsValidation" tests="4" failures="0" disabled="0" errors="0" time="0.001" timestamp="2026-08-28T16:13:12">
    <testcase name="NamesGroupWhenRobotModelIsUnavailable" status="run" result="completed" time="0" timestamp="2026-08-28T16:13:12" classname="xczs_inspection_robot_control.ToolProfileKinematicsValidation" />
    <testcase name="RejectsAndNamesMissingJointModelGroup" status="run" result="completed" time="0" timestamp="2026-08-28T16:13:12" classname="xczs_inspection_robot_control.ToolProfileKinematicsValidation" />
    <testcase name="RejectsExistingGroupWithoutSolver" status="run" result="completed" time="0" timestamp="2026-08-28T16:13:12" classname="xczs_inspection_robot_control.ToolProfileKinematicsValidation" />
    <testcase name="ReportsEveryInvalidUniqueProfileGroup" status="run" result="completed" time="0" timestamp="2026-08-28T16:13:12" classname="xczs_inspection_robot_control.ToolProfileKinematicsValidation" />
  </testsuite>
</testsuites>
