<?xml version="1.0" encoding="utf-8"?><testsuites name="pytest tests"><testsuite name="pytest" errors="0" failures="0" skipped="0" tests="6" time="1.231" timestamp="2026-08-28T16:13:14.783525+08:00" hostname="live"><testcase classname="xczs_inspection_robot_control.xczs_inspection_robot_control.test.test_cabinet_knob_grasp_contract" name="test_every_knob_uses_compliant_twist_coupling[cabinet_xacro0]" time="0.183" /><testcase classname="xczs_inspection_robot_control.xczs_inspection_robot_control.test.test_cabinet_knob_grasp_contract" name="test_every_knob_uses_compliant_twist_coupling[cabinet_xacro1]" time="0.181" /><testcase classname="xczs_inspection_robot_control.xczs_inspection_robot_control.test.test_cabinet_knob_grasp_contract" name="test_box_5_knob_keeps_safe_standoff_for_planning_only_calibration" time="0.120" /><testcase classname="xczs_inspection_robot_control.xczs_inspection_robot_control.test.test_cabinet_knob_grasp_contract" name="test_operation_watchdog_fits_between_heartbeat_and_lease_expiry" time="0.525" /><testcase classname="xczs_inspection_robot_control.xczs_inspection_robot_control.test.test_cabinet_knob_grasp_contract" name="test_watchdog_heartbeat_and_physics_cleanup_order_is_explicit" time="0.002" /><testcase classname="xczs_inspection_robot_control.xczs_inspection_robot_control.test.test_cabinet_knob_grasp_contract" name="test_planning_scene_exemption_requires_live_exact_lease" time="0.000" /></testsuite></testsuites>