<?xml version="1.0" encoding="utf-8"?><testsuites name="pytest tests"><testsuite name="pytest" errors="0" failures="0" skipped="0" tests="29" time="0.370" timestamp="2026-08-28T16:13:12.748450+08:00" hostname="live"><testcase classname="xczs_inspection_robot_control.xczs_inspection_robot_control.test.test_launch_startup_policy" name="test_required_process_success_starts_only_configured_downstream_actions" time="0.004" /><testcase classname="xczs_inspection_robot_control.xczs_inspection_robot_control.test.test_launch_startup_policy" name="test_every_boolean_launch_argument_is_validated" time="0.004" /><testcase classname="xczs_inspection_robot_control.xczs_inspection_robot_control.test.test_launch_startup_policy" name="test_boolean_launch_arguments_are_normalized_before_use" time="0.001" /><testcase classname="xczs_inspection_robot_control.xczs_inspection_robot_control.test.test_launch_startup_policy" name="test_gazebo_plugin_instance_id_is_validated_before_xacro_execution" time="0.001" /><testcase classname="xczs_inspection_robot_control.xczs_inspection_robot_control.test.test_launch_startup_policy" name="test_robot_gazebo_plugin_names_share_the_runtime_instance_id_contract" time="0.001" /><testcase classname="xczs_inspection_robot_control.xczs_inspection_robot_control.test.test_launch_startup_policy" name="test_spawn_z_rejects_nonfinite_or_non_numeric_values[nan]" time="0.001" /><testcase classname="xczs_inspection_robot_control.xczs_inspection_robot_control.test.test_launch_startup_policy" name="test_spawn_z_rejects_nonfinite_or_non_numeric_values[inf]" time="0.001" /><testcase classname="xczs_inspection_robot_control.xczs_inspection_robot_control.test.test_launch_startup_policy" name="test_spawn_z_rejects_nonfinite_or_non_numeric_values[-inf]" time="0.001" /><testcase classname="xczs_inspection_robot_control.xczs_inspection_robot_control.test.test_launch_startup_policy" name="test_spawn_z_rejects_nonfinite_or_non_numeric_values[not-a-number]" time="0.001" /><testcase classname="xczs_inspection_robot_control.xczs_inspection_robot_control.test.test_launch_startup_policy" name="test_spawn_z_accepts_finite_decimal_and_scientific_values[0]" time="0.001" /><testcase classname="xczs_inspection_robot_control.xczs_inspection_robot_control.test.test_launch_startup_policy" name="test_spawn_z_accepts_finite_decimal_and_scientific_values[-0.125]" time="0.001" /><testcase classname="xczs_inspection_robot_control.xczs_inspection_robot_control.test.test_launch_startup_policy" name="test_spawn_z_accepts_finite_decimal_and_scientific_values[+5.15e-1]" time="0.001" /><testcase classname="xczs_inspection_robot_control.xczs_inspection_robot_control.test.test_launch_startup_policy" name="test_required_process_failure_logs_and_requests_shutdown" time="0.001" /><testcase classname="xczs_inspection_robot_control.xczs_inspection_robot_control.test.test_launch_startup_policy" name="test_spawn_pose_is_verified_without_delayed_motion" time="0.023" /><testcase classname="xczs_inspection_robot_control.xczs_inspection_robot_control.test.test_launch_startup_policy" name="test_shutdown_handler_removes_all_generated_directories" time="0.007" /><testcase classname="xczs_inspection_robot_control.xczs_inspection_robot_control.test.test_launch_startup_policy" name="test_generated_directories_use_run_all_owned_runtime_root" time="0.002" /><testcase classname="xczs_inspection_robot_control.xczs_inspection_robot_control.test.test_launch_startup_policy" name="test_required_process_handlers_are_registered_before_nodes" time="0.006" /><testcase classname="xczs_inspection_robot_control.xczs_inspection_robot_control.test.test_launch_startup_policy" name="test_external_stack_never_includes_local_moveit_or_nav2" time="0.008" /><testcase classname="xczs_inspection_robot_control.xczs_inspection_robot_control.test.test_launch_startup_policy" name="test_world_only_mode_does_not_start_duplicate_command_or_lease_nodes" time="0.007" /><testcase classname="xczs_inspection_robot_control.xczs_inspection_robot_control.test.test_launch_startup_policy" name="test_runtime_exit_requests_shutdown_even_for_clean_exit" time="0.001" /><testcase classname="xczs_inspection_robot_control.xczs_inspection_robot_control.test.test_launch_startup_policy" name="test_runtime_exit_during_launch_shutdown_is_ignored" time="0.001" /><testcase classname="xczs_inspection_robot_control.xczs_inspection_robot_control.test.test_launch_startup_policy" name="test_conditioned_off_required_node_does_not_trigger_watchdog" time="0.002" /><testcase classname="xczs_inspection_robot_control.xczs_inspection_robot_control.test.test_launch_startup_policy" name="test_required_runtime_watchdog_observes_real_process_exit" time="0.019" /><testcase classname="xczs_inspection_robot_control.xczs_inspection_robot_control.test.test_launch_startup_policy" name="test_included_nav2_nodes_are_watchdog_targets" time="0.008" /><testcase classname="xczs_inspection_robot_control.xczs_inspection_robot_control.test.test_launch_startup_policy" name="test_included_runtime_exit_resolves_label_and_requests_shutdown" time="0.002" /><testcase classname="xczs_inspection_robot_control.xczs_inspection_robot_control.test.test_launch_startup_policy" name="test_cabinet_spawn_success_starts_runtime_nodes_after_registered_handler" time="0.006" /><testcase classname="xczs_inspection_robot_control.xczs_inspection_robot_control.test.test_launch_startup_policy" name="test_cabinet_spawn_failure_shuts_down_without_runtime_nodes" time="0.006" /><testcase classname="xczs_inspection_robot_control.xczs_inspection_robot_control.test.test_launch_startup_policy" name="test_cabinet_runtime_nodes_start_directly_when_spawn_is_disabled" time="0.007" /><testcase classname="xczs_inspection_robot_control.xczs_inspection_robot_control.test.test_launch_startup_policy" name="test_scene_floor_spawn_failure_stops_the_world_launch" time="0.002" /></testsuite></testsuites>