<?xml version="1.0" encoding="utf-8"?><testsuites name="pytest tests"><testsuite name="pytest" errors="0" failures="0" skipped="0" tests="9" time="0.243" timestamp="2026-08-28T16:13:16.572253+08:00" hostname="live"><testcase classname="xczs_inspection_robot_control.xczs_inspection_robot_control.test.test_operator_tf_buffer_contract" name="test_action_results_expose_conservative_terminal_evidence" time="0.003" /><testcase classname="xczs_inspection_robot_control.xczs_inspection_robot_control.test.test_operator_tf_buffer_contract" name="test_unknown_and_busy_goals_are_structured_action_failures" time="0.002" /><testcase classname="xczs_inspection_robot_control.xczs_inspection_robot_control.test.test_operator_tf_buffer_contract" name="test_every_move_group_interface_reuses_the_warm_tf_buffer" time="0.002" /><testcase classname="xczs_inspection_robot_control.xczs_inspection_robot_control.test.test_operator_tf_buffer_contract" name="test_physical_paths_reverify_the_stopped_base_before_arm_motion" time="0.002" /><testcase classname="xczs_inspection_robot_control.xczs_inspection_robot_control.test.test_operator_tf_buffer_contract" name="test_operable_station_uses_explicit_base_footprint_clearance_gate" time="0.002" /><testcase classname="xczs_inspection_robot_control.xczs_inspection_robot_control.test.test_operator_tf_buffer_contract" name="test_rotary_controls_are_stable_at_both_pregrasp_boundaries" time="0.002" /><testcase classname="xczs_inspection_robot_control.xczs_inspection_robot_control.test.test_operator_tf_buffer_contract" name="test_pregrasp_stability_gate_is_fresh_continuous_and_fail_closed" time="0.002" /><testcase classname="xczs_inspection_robot_control.xczs_inspection_robot_control.test.test_operator_tf_buffer_contract" name="test_toolset_mismatch_finishes_before_any_moveit_profile_change" time="0.002" /><testcase classname="xczs_inspection_robot_control.xczs_inspection_robot_control.test.test_operator_tf_buffer_contract" name="test_articulated_noop_is_an_explicit_terminal_failure" time="0.002" /></testsuite></testsuites>