<?xml version="1.0" encoding="UTF-8"?>
<testsuites tests="7" failures="0" disabled="0" errors="0" time="0.001" timestamp="2026-08-28T16:13:12" name="AllTests">
  <testsuite name="RouterUtils" tests="7" failures="0" disabled="0" errors="0" time="0" timestamp="2026-08-28T16:13:12">
    <testcase name="RotatesPlanarVelocityByConfiguredYaw" status="run" result="completed" time="0" timestamp="2026-08-28T16:13:12" classname="xczs_inspection_robot_control.RouterUtils" />
    <testcase name="RotationPreservesPlanarMagnitude" status="run" result="completed" time="0" timestamp="2026-08-28T16:13:12" classname="xczs_inspection_robot_control.RouterUtils" />
    <testcase name="UsesTheSameOffsetForDockingFrameYaw" status="run" result="completed" time="0" timestamp="2026-08-28T16:13:12" classname="xczs_inspection_robot_control.RouterUtils" />
    <testcase name="RejectsInvalidJointGroups" status="run" result="completed" time="0" timestamp="2026-08-28T16:13:12" classname="xczs_inspection_robot_control.RouterUtils" />
    <testcase name="ValidatesRequiredAndOptionalTrajectoryFields" status="run" result="completed" time="0" timestamp="2026-08-28T16:13:12" classname="xczs_inspection_robot_control.RouterUtils" />
    <testcase name="ValidatesStrictlyIncreasingTrajectoryDurations" status="run" result="completed" time="0" timestamp="2026-08-28T16:13:12" classname="xczs_inspection_robot_control.RouterUtils" />
    <testcase name="GatesOnlyEmbeddedNavigationRequests" status="run" result="completed" time="0" timestamp="2026-08-28T16:13:12" classname="xczs_inspection_robot_control.RouterUtils" />
  </testsuite>
</testsuites>
