<?xml version="1.0" encoding="utf-8"?><testsuites name="pytest tests"><testsuite name="pytest" errors="0" failures="0" skipped="0" tests="6" time="0.282" timestamp="2026-08-20T15:27:39.078557+08:00" hostname="live"><testcase classname="xczs_inspection_robot_control.xczs_inspection_robot_control.test.test_set_initial_pose" name="test_sends_both_goals_before_requesting_results" time="0.131" /><testcase classname="xczs_inspection_robot_control.xczs_inspection_robot_control.test.test_set_initial_pose" name="test_missing_action_server_is_a_failure" time="0.002" /><testcase classname="xczs_inspection_robot_control.xczs_inspection_robot_control.test.test_set_initial_pose" name="test_rejected_goal_is_a_failure_but_other_arm_result_is_awaited" time="0.002" /><testcase classname="xczs_inspection_robot_control.xczs_inspection_robot_control.test.test_set_initial_pose" name="test_unsuccessful_execution_result_is_a_failure[response0-status ABORTED]" time="0.002" /><testcase classname="xczs_inspection_robot_control.xczs_inspection_robot_control.test.test_set_initial_pose" name="test_unsuccessful_execution_result_is_a_failure[response1-controller returned error -1]" time="0.002" /><testcase classname="xczs_inspection_robot_control.xczs_inspection_robot_control.test.test_set_initial_pose" name="test_main_returns_nonzero_and_cleans_up_on_initial_pose_failure" time="0.003" /></testsuite></testsuites>