<?xml version="1.0" encoding="utf-8"?><testsuites name="pytest tests"><testsuite name="pytest" errors="0" failures="0" skipped="0" tests="25" time="0.413" timestamp="2026-08-28T16:13:18.269207+08:00" hostname="live"><testcase classname="xczs_inspection_robot_control.xczs_inspection_robot_control.test.test_toolset_supervisor" name="test_normalizes_only_the_two_declared_toolsets" time="0.143" /><testcase classname="xczs_inspection_robot_control.xczs_inspection_robot_control.test.test_toolset_supervisor" name="test_static_child_arguments_cannot_override_supervisor_ownership" time="0.001" /><testcase classname="xczs_inspection_robot_control.xczs_inspection_robot_control.test.test_toolset_supervisor" name="test_toolset_specific_moveit_override_requires_a_safe_template[moveit_srdf]" time="0.001" /><testcase classname="xczs_inspection_robot_control.xczs_inspection_robot_control.test.test_toolset_supervisor" name="test_toolset_specific_moveit_override_requires_a_safe_template[moveit_joint_limits]" time="0.001" /><testcase classname="xczs_inspection_robot_control.xczs_inspection_robot_control.test.test_toolset_supervisor" name="test_toolset_specific_moveit_override_requires_a_safe_template[moveit_controllers]" time="0.001" /><testcase classname="xczs_inspection_robot_control.xczs_inspection_robot_control.test.test_toolset_supervisor" name="test_expands_only_the_audited_moveit_path_template" time="0.001" /><testcase classname="xczs_inspection_robot_control.xczs_inspection_robot_control.test.test_toolset_supervisor" name="test_capture_yaw_helper_normalizes_a_nonunit_quaternion" time="0.001" /><testcase classname="xczs_inspection_robot_control.xczs_inspection_robot_control.test.test_toolset_supervisor" name="test_switch_request_is_rejected_when_the_supervisor_is_not_ready" time="0.001" /><testcase classname="xczs_inspection_robot_control.xczs_inspection_robot_control.test.test_toolset_supervisor" name="test_stopping_supervisor_cannot_spawn_a_new_robot_child" time="0.001" /><testcase classname="xczs_inspection_robot_control.xczs_inspection_robot_control.test.test_toolset_supervisor" name="test_each_robot_child_gets_a_unique_valid_gazebo_plugin_instance_id" time="0.002" /><testcase classname="xczs_inspection_robot_control.xczs_inspection_robot_control.test.test_toolset_supervisor" name="test_global_args_guard_is_required_for_a_toolset_switch" time="0.001" /><testcase classname="xczs_inspection_robot_control.xczs_inspection_robot_control.test.test_toolset_supervisor" name="test_initial_spawn_can_continue_before_global_args_guard_is_ready" time="0.001" /><testcase classname="xczs_inspection_robot_control.xczs_inspection_robot_control.test.test_toolset_supervisor" name="test_entity_removal_requires_two_consecutive_absent_observations" time="0.001" /><testcase classname="xczs_inspection_robot_control.xczs_inspection_robot_control.test.test_toolset_supervisor" name="test_entity_removal_rejects_a_failed_model_list_query" time="0.001" /><testcase classname="xczs_inspection_robot_control.xczs_inspection_robot_control.test.test_toolset_supervisor" name="test_entity_removal_accepts_an_empty_successful_model_list" time="0.001" /><testcase classname="xczs_inspection_robot_control.xczs_inspection_robot_control.test.test_toolset_supervisor" name="test_pose_capture_failure_preserves_the_unchanged_previous_stack" time="0.002" /><testcase classname="xczs_inspection_robot_control.xczs_inspection_robot_control.test.test_toolset_supervisor" name="test_rollback_stops_a_residual_child_even_before_target_started_flag" time="0.001" /><testcase classname="xczs_inspection_robot_control.xczs_inspection_robot_control.test.test_toolset_supervisor" name="test_supervisor_does_not_forward_child_launch_arguments_to_rcl" time="0.000" /><testcase classname="xczs_inspection_robot_control.xczs_inspection_robot_control.test.test_toolset_supervisor" name="test_stopping_child_reaps_the_launch_leader_before_group_check" time="0.001" /><testcase classname="xczs_inspection_robot_control.xczs_inspection_robot_control.test.test_toolset_supervisor" name="test_child_cleanup_does_not_skip_a_group_when_its_leader_has_exited" time="0.001" /><testcase classname="xczs_inspection_robot_control.xczs_inspection_robot_control.test.test_toolset_supervisor" name="test_nav2_lifecycle_probe_requires_the_standard_trigger_to_succeed" time="0.001" /><testcase classname="xczs_inspection_robot_control.xczs_inspection_robot_control.test.test_toolset_supervisor" name="test_nav2_lifecycle_probe_is_rebound_for_every_robot_child" time="0.001" /><testcase classname="xczs_inspection_robot_control.xczs_inspection_robot_control.test.test_toolset_supervisor" name="test_late_old_lifecycle_reply_cannot_mark_the_replacement_ready" time="0.001" /><testcase classname="xczs_inspection_robot_control.xczs_inspection_robot_control.test.test_toolset_supervisor" name="test_timed_out_service_request_is_removed_from_the_client" time="0.002" /><testcase classname="xczs_inspection_robot_control.xczs_inspection_robot_control.test.test_toolset_supervisor" name="test_nav2_lifecycle_inactive_blocks_readiness_even_when_navigation_action_exists" time="0.002" /></testsuite></testsuites>