<?xml version="1.0" encoding="utf-8"?><testsuites name="pytest tests"><testsuite name="pytest" errors="0" failures="0" skipped="0" tests="8" time="0.459" timestamp="2026-08-28T16:13:17.303971+08:00" hostname="live"><testcase classname="xczs_inspection_robot_control.xczs_inspection_robot_control.test.test_tool_business_point_contract" name="test_three_cylinder_business_point_matches_zero_pose_mesh" time="0.002" /><testcase classname="xczs_inspection_robot_control.xczs_inspection_robot_control.test.test_tool_business_point_contract" name="test_robot_joint_soft_limits_stay_within_hard_limits" time="0.002" /><testcase classname="xczs_inspection_robot_control.xczs_inspection_robot_control.test.test_tool_business_point_contract" name="test_toolset_srdf_collision_pairs_are_unique[xczs_inspection_robot_toolset_A]" time="0.001" /><testcase classname="xczs_inspection_robot_control.xczs_inspection_robot_control.test.test_tool_business_point_contract" name="test_toolset_srdf_collision_pairs_are_unique[xczs_inspection_robot_toolset_B]" time="0.000" /><testcase classname="xczs_inspection_robot_control.xczs_inspection_robot_control.test.test_tool_business_point_contract" name="test_adapter_uses_full_business_point_and_zero_joint_guard" time="0.119" /><testcase classname="xczs_inspection_robot_control.xczs_inspection_robot_control.test.test_tool_business_point_contract" name="test_toolset_mismatch_guides_the_web_hot_switch_without_world_restart" time="0.112" /><testcase classname="xczs_inspection_robot_control.xczs_inspection_robot_control.test.test_tool_business_point_contract" name="test_grasp_service_carries_one_link_local_probe_through_attach_and_restore" time="0.002" /><testcase classname="xczs_inspection_robot_control.xczs_inspection_robot_control.test.test_tool_business_point_contract" name="test_operator_places_and_revalidates_the_physical_business_point" time="0.002" /></testsuite></testsuites>