<?xml version="1.0" encoding="utf-8"?><testsuites name="pytest tests"><testsuite name="pytest" errors="0" failures="0" skipped="0" tests="11" time="0.525" timestamp="2026-08-28T16:13:13.682994+08:00" hostname="live"><testcase classname="xczs_inspection_robot_control.xczs_inspection_robot_control.test.test_verify_initial_pose" name="test_verifies_measured_pose_without_sending_a_trajectory" time="0.026" /><testcase classname="xczs_inspection_robot_control.xczs_inspection_robot_control.test.test_verify_initial_pose" name="test_missing_controller_is_a_startup_failure" time="0.002" /><testcase classname="xczs_inspection_robot_control.xczs_inspection_robot_control.test.test_verify_initial_pose" name="test_pose_mismatch_is_a_startup_failure" time="0.001" /><testcase classname="xczs_inspection_robot_control.xczs_inspection_robot_control.test.test_verify_initial_pose" name="test_successful_verification_releases_spawn_only_joint_hold" time="0.001" /><testcase classname="xczs_inspection_robot_control.xczs_inspection_robot_control.test.test_verify_initial_pose" name="test_toolset_b_requires_only_its_own_tool_actions_and_joint_state" time="0.001" /><testcase classname="xczs_inspection_robot_control.xczs_inspection_robot_control.test.test_verify_initial_pose" name="test_missing_mounted_tool_joint_is_a_startup_failure" time="0.001" /><testcase classname="xczs_inspection_robot_control.xczs_inspection_robot_control.test.test_verify_initial_pose" name="test_initial_position_file_rejects_nonfinite_or_nonnumeric_values[True]" time="0.004" /><testcase classname="xczs_inspection_robot_control.xczs_inspection_robot_control.test.test_verify_initial_pose" name="test_initial_position_file_rejects_nonfinite_or_nonnumeric_values[nan]" time="0.003" /><testcase classname="xczs_inspection_robot_control.xczs_inspection_robot_control.test.test_verify_initial_pose" name="test_initial_position_file_rejects_nonfinite_or_nonnumeric_values[0.0]" time="0.004" /><testcase classname="xczs_inspection_robot_control.xczs_inspection_robot_control.test.test_verify_initial_pose" name="test_spawn_moveit_home_and_reset_share_one_arm_pose" time="0.223" /><testcase classname="xczs_inspection_robot_control.xczs_inspection_robot_control.test.test_verify_initial_pose" name="test_main_returns_nonzero_and_cleans_up_on_verification_failure" time="0.003" /></testsuite></testsuites>