<?xml version="1.0" encoding="utf-8"?><testsuites name="pytest tests"><testsuite name="pytest" errors="0" failures="0" skipped="0" tests="11" time="0.191" timestamp="2026-08-24T10:48:19.307752+08:00" hostname="live"><testcase classname="xczs_inspection_robot_moveit_config.xczs_inspection_robot_moveit_config.test.test_move_group_launch_policy" name="test_move_group_watchdog_is_registered_before_required_node" time="0.049" /><testcase classname="xczs_inspection_robot_moveit_config.xczs_inspection_robot_moveit_config.test.test_move_group_launch_policy" name="test_move_group_exit_requests_shutdown_while_launch_is_active" time="0.005" /><testcase classname="xczs_inspection_robot_moveit_config.xczs_inspection_robot_moveit_config.test.test_move_group_launch_policy" name="test_move_group_exit_during_shutdown_does_not_emit_again" time="0.002" /><testcase classname="xczs_inspection_robot_moveit_config.xczs_inspection_robot_moveit_config.test.test_move_group_launch_policy" name="test_move_group_normalizes_toolset_for_robot_description[A-A]" time="0.006" /><testcase classname="xczs_inspection_robot_moveit_config.xczs_inspection_robot_moveit_config.test.test_move_group_launch_policy" name="test_move_group_normalizes_toolset_for_robot_description[B-B]" time="0.007" /><testcase classname="xczs_inspection_robot_moveit_config.xczs_inspection_robot_moveit_config.test.test_move_group_launch_policy" name="test_move_group_normalizes_toolset_for_robot_description[b-B]" time="0.007" /><testcase classname="xczs_inspection_robot_moveit_config.xczs_inspection_robot_moveit_config.test.test_move_group_launch_policy" name="test_move_group_normalizes_toolset_for_robot_description[ b -B]" time="0.007" /><testcase classname="xczs_inspection_robot_moveit_config.xczs_inspection_robot_moveit_config.test.test_move_group_launch_policy" name="test_move_group_normalizes_toolset_for_robot_description[unsupported-A]" time="0.007" /><testcase classname="xczs_inspection_robot_moveit_config.xczs_inspection_robot_moveit_config.test.test_move_group_launch_policy" name="test_move_group_normalizes_toolset_for_robot_description[-A]" time="0.008" /><testcase classname="xczs_inspection_robot_moveit_config.xczs_inspection_robot_moveit_config.test.test_move_group_launch_policy" name="test_move_group_rejects_an_invalid_use_sim_time_value" time="0.002" /><testcase classname="xczs_inspection_robot_moveit_config.xczs_inspection_robot_moveit_config.test.test_move_group_launch_policy" name="test_move_group_rejects_an_invalid_rviz_value" time="0.002" /></testsuite></testsuites>