Start testing: Aug 22 19:27 CST
----------------------------------------------------------
1/1 Testing: navigation_launch_policy_test
1/1 Test: navigation_launch_policy_test
Command: "/usr/bin/python3" "-u" "/opt/ros/humble/share/ament_cmake_test/cmake/run_test.py" "/home/live/work01/build/xczs_inspection_robot_nav2/test_results/xczs_inspection_robot_nav2/navigation_launch_policy_test.xunit.xml" "--package-name" "xczs_inspection_robot_nav2" "--output-file" "/home/live/work01/build/xczs_inspection_robot_nav2/ament_cmake_pytest/navigation_launch_policy_test.txt" "--command" "/usr/bin/python3" "-u" "-m" "pytest" "/home/live/work01/xczs_inspection_robot_nav2/test/test_navigation_launch_policy.py" "-o" "cache_dir=/home/live/work01/build/xczs_inspection_robot_nav2/ament_cmake_pytest/navigation_launch_policy_test/.cache" "--junit-xml=/home/live/work01/build/xczs_inspection_robot_nav2/test_results/xczs_inspection_robot_nav2/navigation_launch_policy_test.xunit.xml" "--junit-prefix=xczs_inspection_robot_nav2"
Directory: /home/live/work01/build/xczs_inspection_robot_nav2
"navigation_launch_policy_test" start time: Aug 22 19:27 CST
Output:
----------------------------------------------------------
-- run_test.py: invoking following command in '/home/live/work01/build/xczs_inspection_robot_nav2':
 - /usr/bin/python3 -u -m pytest /home/live/work01/xczs_inspection_robot_nav2/test/test_navigation_launch_policy.py -o cache_dir=/home/live/work01/build/xczs_inspection_robot_nav2/ament_cmake_pytest/navigation_launch_policy_test/.cache --junit-xml=/home/live/work01/build/xczs_inspection_robot_nav2/test_results/xczs_inspection_robot_nav2/navigation_launch_policy_test.xunit.xml --junit-prefix=xczs_inspection_robot_nav2
============================= test session starts ==============================
platform linux -- Python 3.10.12, pytest-8.4.2, pluggy-1.6.0
cachedir: build/xczs_inspection_robot_nav2/ament_cmake_pytest/navigation_launch_policy_test/.cache
rootdir: /home/live/work01
plugins: ament-lint-0.12.15, ament-flake8-0.12.15, ament-xmllint-0.12.15, ament-copyright-0.12.15, launch-testing-ros-0.19.13, ament-pep257-0.12.15, launch-testing-1.0.14, anyio-4.14.2, asyncio-0.26.0, colcon-core-0.21.0, cov-3.0.0
asyncio: mode=strict, asyncio_default_fixture_loop_scope=None, asyncio_default_test_loop_scope=function
collected 2 items

../../xczs_inspection_robot_nav2/test/test_navigation_launch_policy.py . [ 50%]
.                                                                        [100%]

- generated xml file: /home/live/work01/build/xczs_inspection_robot_nav2/test_results/xczs_inspection_robot_nav2/navigation_launch_policy_test.xunit.xml -
============================== 2 passed in 0.06s ===============================
-- run_test.py: return code 0
-- run_test.py: verify result file '/home/live/work01/build/xczs_inspection_robot_nav2/test_results/xczs_inspection_robot_nav2/navigation_launch_policy_test.xunit.xml'
<end of output>
Test time =   0.71 sec
----------------------------------------------------------
Test Passed.
"navigation_launch_policy_test" end time: Aug 22 19:27 CST
"navigation_launch_policy_test" time elapsed: 00:00:00
----------------------------------------------------------

End testing: Aug 22 19:27 CST

pytest =   0.71 sec*proc

