<?xml version="1.0" encoding="UTF-8"?>
<Site BuildName="(empty)"
	BuildStamp="20260813-0723-Experimental"
	Name="live"
	Generator="ctest-3.22.1"
	CompilerName="/usr/bin/c++"
	CompilerVersion="11.4.0"
	OSName="Linux"
	Hostname="live"
	OSRelease="6.8.0-136-generic"
	OSVersion="#136~22.04.1-Ubuntu SMP PREEMPT_DYNAMIC Fri Jul  3 16:29:11 UTC "
	OSPlatform="x86_64"
	Is64Bits="1"
	VendorString="AuthenticAMD"
	VendorID="Advanced Micro Devices"
	FamilyID="25"
	ModelID="80"
	ProcessorCacheSize="512"
	NumberOfLogicalCPU="12"
	NumberOfPhysicalCPU="6"
	TotalVirtualMemory="19072"
	TotalPhysicalMemory="15843"
	LogicalProcessorsPerPhysical="2"
	ProcessorClockFrequency="3937.8"
	>
	<Testing>
		<StartDateTime>Aug 13 15:23 CST</StartDateTime>
		<StartTestTime>1786605835</StartTestTime>
		<TestList>
			<Test>./operation_validation_policy_test</Test>
			<Test>./action_and_control_state_policy_test</Test>
			<Test>./cabinet_pose_frame_contract_test</Test>
		</TestList>
		<Test Status="passed">
			<Name>operation_validation_policy_test</Name>
			<Path>.</Path>
			<FullName>./operation_validation_policy_test</FullName>
			<FullCommandLine>/usr/bin/python3 "-u" "/opt/ros/humble/share/ament_cmake_test/cmake/run_test.py" "/home/live/work01/build/xczs_inspection_robot_control/test_results/xczs_inspection_robot_control/operation_validation_policy_test.gtest.xml" "--package-name" "xczs_inspection_robot_control" "--output-file" "/home/live/work01/build/xczs_inspection_robot_control/ament_cmake_gtest/operation_validation_policy_test.txt" "--command" "/home/live/work01/build/xczs_inspection_robot_control/operation_validation_policy_test" "--gtest_output=xml:/home/live/work01/build/xczs_inspection_robot_control/test_results/xczs_inspection_robot_control/operation_validation_policy_test.gtest.xml"</FullCommandLine>
			<Results>
				<NamedMeasurement type="numeric/double" name="Execution Time">
					<Value>0.0827222</Value>
				</NamedMeasurement>
				<NamedMeasurement type="numeric/double" name="Processors">
					<Value>1</Value>
				</NamedMeasurement>
				<NamedMeasurement type="text/string" name="Completion Status">
					<Value>Completed</Value>
				</NamedMeasurement>
				<NamedMeasurement type="text/string" name="Command Line">
					<Value>/usr/bin/python3 "-u" "/opt/ros/humble/share/ament_cmake_test/cmake/run_test.py" "/home/live/work01/build/xczs_inspection_robot_control/test_results/xczs_inspection_robot_control/operation_validation_policy_test.gtest.xml" "--package-name" "xczs_inspection_robot_control" "--output-file" "/home/live/work01/build/xczs_inspection_robot_control/ament_cmake_gtest/operation_validation_policy_test.txt" "--command" "/home/live/work01/build/xczs_inspection_robot_control/operation_validation_policy_test" "--gtest_output=xml:/home/live/work01/build/xczs_inspection_robot_control/test_results/xczs_inspection_robot_control/operation_validation_policy_test.gtest.xml"</Value>
				</NamedMeasurement>
				<NamedMeasurement type="text/string" name="Environment">
					<Value>#CTEST_RESOURCE_GROUP_COUNT=</Value>
				</NamedMeasurement>
				<Measurement>
					<Value>-- run_test.py: invoking following command in '/home/live/work01/build/xczs_inspection_robot_control':
 - /home/live/work01/build/xczs_inspection_robot_control/operation_validation_policy_test --gtest_output=xml:/home/live/work01/build/xczs_inspection_robot_control/test_results/xczs_inspection_robot_control/operation_validation_policy_test.gtest.xml
Running main() from /opt/ros/humble/src/gtest_vendor/src/gtest_main.cc
[==========] Running 11 tests from 1 test suite.
[----------] Global test environment set-up.
[----------] 11 tests from OperationValidationPolicy
[ RUN      ] OperationValidationPolicy.PlanningOnlyPreparationNeverOwnsBaseMotion
[       OK ] OperationValidationPolicy.PlanningOnlyPreparationNeverOwnsBaseMotion (0 ms)
[ RUN      ] OperationValidationPolicy.PhysicalPreparationUsesConfiguredMotionLayers
[       OK ] OperationValidationPolicy.PhysicalPreparationUsesConfiguredMotionLayers (0 ms)
[ RUN      ] OperationValidationPolicy.AcceptedOrPendingGoalDoesNotOwnMotionResources
[       OK ] OperationValidationPolicy.AcceptedOrPendingGoalDoesNotOwnMotionResources (0 ms)
[ RUN      ] OperationValidationPolicy.ActivePhysicalGoalOwnsResourcesAfterLease
[       OK ] OperationValidationPolicy.ActivePhysicalGoalOwnsResourcesAfterLease (0 ms)
[ RUN      ] OperationValidationPolicy.PlanningOnlyNeverOwnsMotionResources
[       OK ] OperationValidationPolicy.PlanningOnlyNeverOwnsMotionResources (0 ms)
[ RUN      ] OperationValidationPolicy.UnverifiedControlRequiresPlanningOnly
[       OK ] OperationValidationPolicy.UnverifiedControlRequiresPlanningOnly (0 ms)
[ RUN      ] OperationValidationPolicy.VerifiedControlMayUsePhysicalExecution
[       OK ] OperationValidationPolicy.VerifiedControlMayUsePhysicalExecution (0 ms)
[ RUN      ] OperationValidationPolicy.ValidationAlwaysBlocksPhysicalMotion
[       OK ] OperationValidationPolicy.ValidationAlwaysBlocksPhysicalMotion (0 ms)
[ RUN      ] OperationValidationPolicy.PreflightAndDockingFailuresNeedNoRecoveryMotion
[       OK ] OperationValidationPolicy.PreflightAndDockingFailuresNeedNoRecoveryMotion (0 ms)
[ RUN      ] OperationValidationPolicy.ExecutedOperationStillRequiresSafetyRecovery
[       OK ] OperationValidationPolicy.ExecutedOperationStillRequiresSafetyRecovery (0 ms)
[ RUN      ] OperationValidationPolicy.EngagementFlagsConservativelyRequireRecovery
[       OK ] OperationValidationPolicy.EngagementFlagsConservativelyRequireRecovery (0 ms)
[----------] 11 tests from OperationValidationPolicy (0 ms total)

[----------] Global test environment tear-down
[==========] 11 tests from 1 test suite ran. (0 ms total)
[  PASSED  ] 11 tests.
-- run_test.py: return code 0
-- run_test.py: inject classname prefix into gtest result file '/home/live/work01/build/xczs_inspection_robot_control/test_results/xczs_inspection_robot_control/operation_validation_policy_test.gtest.xml'
-- run_test.py: verify result file '/home/live/work01/build/xczs_inspection_robot_control/test_results/xczs_inspection_robot_control/operation_validation_policy_test.gtest.xml'
</Value>
				</Measurement>
			</Results>
			<Labels>
				<Label>gtest</Label>
			</Labels>
		</Test>
		<Test Status="passed">
			<Name>action_and_control_state_policy_test</Name>
			<Path>.</Path>
			<FullName>./action_and_control_state_policy_test</FullName>
			<FullCommandLine>/usr/bin/python3 "-u" "/opt/ros/humble/share/ament_cmake_test/cmake/run_test.py" "/home/live/work01/build/xczs_inspection_robot_control/test_results/xczs_inspection_robot_control/action_and_control_state_policy_test.gtest.xml" "--package-name" "xczs_inspection_robot_control" "--output-file" "/home/live/work01/build/xczs_inspection_robot_control/ament_cmake_gtest/action_and_control_state_policy_test.txt" "--command" "/home/live/work01/build/xczs_inspection_robot_control/action_and_control_state_policy_test" "--gtest_output=xml:/home/live/work01/build/xczs_inspection_robot_control/test_results/xczs_inspection_robot_control/action_and_control_state_policy_test.gtest.xml"</FullCommandLine>
			<Results>
				<NamedMeasurement type="numeric/double" name="Execution Time">
					<Value>0.0900733</Value>
				</NamedMeasurement>
				<NamedMeasurement type="numeric/double" name="Processors">
					<Value>1</Value>
				</NamedMeasurement>
				<NamedMeasurement type="text/string" name="Completion Status">
					<Value>Completed</Value>
				</NamedMeasurement>
				<NamedMeasurement type="text/string" name="Command Line">
					<Value>/usr/bin/python3 "-u" "/opt/ros/humble/share/ament_cmake_test/cmake/run_test.py" "/home/live/work01/build/xczs_inspection_robot_control/test_results/xczs_inspection_robot_control/action_and_control_state_policy_test.gtest.xml" "--package-name" "xczs_inspection_robot_control" "--output-file" "/home/live/work01/build/xczs_inspection_robot_control/ament_cmake_gtest/action_and_control_state_policy_test.txt" "--command" "/home/live/work01/build/xczs_inspection_robot_control/action_and_control_state_policy_test" "--gtest_output=xml:/home/live/work01/build/xczs_inspection_robot_control/test_results/xczs_inspection_robot_control/action_and_control_state_policy_test.gtest.xml"</Value>
				</NamedMeasurement>
				<NamedMeasurement type="text/string" name="Environment">
					<Value>#CTEST_RESOURCE_GROUP_COUNT=</Value>
				</NamedMeasurement>
				<Measurement>
					<Value>-- run_test.py: invoking following command in '/home/live/work01/build/xczs_inspection_robot_control':
 - /home/live/work01/build/xczs_inspection_robot_control/action_and_control_state_policy_test --gtest_output=xml:/home/live/work01/build/xczs_inspection_robot_control/test_results/xczs_inspection_robot_control/action_and_control_state_policy_test.gtest.xml
Running main() from /opt/ros/humble/src/gtest_vendor/src/gtest_main.cc
[==========] Running 7 tests from 2 test suites.
[----------] Global test environment set-up.
[----------] 4 tests from ActionTerminalPolicy
[ RUN      ] ActionTerminalPolicy.PhysicalSuccessWinsAConcurrentLateCancel
[       OK ] ActionTerminalPolicy.PhysicalSuccessWinsAConcurrentLateCancel (0 ms)
[ RUN      ] ActionTerminalPolicy.CancelWinsOnlyBeforeSuccessIsCommitted
[       OK ] ActionTerminalPolicy.CancelWinsOnlyBeforeSuccessIsCommitted (0 ms)
[ RUN      ] ActionTerminalPolicy.CancelIsAcceptedBeforePhysicalCommit
[       OK ] ActionTerminalPolicy.CancelIsAcceptedBeforePhysicalCommit (0 ms)
[ RUN      ] ActionTerminalPolicy.CancelIsRejectedAfterPhysicalCommit
[       OK ] ActionTerminalPolicy.CancelIsRejectedAfterPhysicalCommit (0 ms)
[----------] 4 tests from ActionTerminalPolicy (0 ms total)

[----------] 3 tests from StructuredControlStatePolicy
[ RUN      ] StructuredControlStatePolicy.RejectsDeclaredInvalidAndNonFiniteSamples
[       OK ] StructuredControlStatePolicy.RejectsDeclaredInvalidAndNonFiniteSamples (0 ms)
[ RUN      ] StructuredControlStatePolicy.IgnoresAnotherControlsSample
[       OK ] StructuredControlStatePolicy.IgnoresAnotherControlsSample (0 ms)
[ RUN      ] StructuredControlStatePolicy.JointTrafficCannotKeepStructuredStateAlive
[       OK ] StructuredControlStatePolicy.JointTrafficCannotKeepStructuredStateAlive (0 ms)
[----------] 3 tests from StructuredControlStatePolicy (0 ms total)

[----------] Global test environment tear-down
[==========] 7 tests from 2 test suites ran. (0 ms total)
[  PASSED  ] 7 tests.
-- run_test.py: return code 0
-- run_test.py: inject classname prefix into gtest result file '/home/live/work01/build/xczs_inspection_robot_control/test_results/xczs_inspection_robot_control/action_and_control_state_policy_test.gtest.xml'
-- run_test.py: verify result file '/home/live/work01/build/xczs_inspection_robot_control/test_results/xczs_inspection_robot_control/action_and_control_state_policy_test.gtest.xml'
</Value>
				</Measurement>
			</Results>
			<Labels>
				<Label>gtest</Label>
			</Labels>
		</Test>
		<Test Status="passed">
			<Name>cabinet_pose_frame_contract_test</Name>
			<Path>.</Path>
			<FullName>./cabinet_pose_frame_contract_test</FullName>
			<FullCommandLine>/usr/bin/python3 "-u" "/opt/ros/humble/share/ament_cmake_test/cmake/run_test.py" "/home/live/work01/build/xczs_inspection_robot_control/test_results/xczs_inspection_robot_control/cabinet_pose_frame_contract_test.gtest.xml" "--package-name" "xczs_inspection_robot_control" "--output-file" "/home/live/work01/build/xczs_inspection_robot_control/ament_cmake_gtest/cabinet_pose_frame_contract_test.txt" "--command" "/home/live/work01/build/xczs_inspection_robot_control/cabinet_pose_frame_contract_test" "--gtest_output=xml:/home/live/work01/build/xczs_inspection_robot_control/test_results/xczs_inspection_robot_control/cabinet_pose_frame_contract_test.gtest.xml"</FullCommandLine>
			<Results>
				<NamedMeasurement type="numeric/double" name="Execution Time">
					<Value>0.0940297</Value>
				</NamedMeasurement>
				<NamedMeasurement type="numeric/double" name="Processors">
					<Value>1</Value>
				</NamedMeasurement>
				<NamedMeasurement type="text/string" name="Completion Status">
					<Value>Completed</Value>
				</NamedMeasurement>
				<NamedMeasurement type="text/string" name="Command Line">
					<Value>/usr/bin/python3 "-u" "/opt/ros/humble/share/ament_cmake_test/cmake/run_test.py" "/home/live/work01/build/xczs_inspection_robot_control/test_results/xczs_inspection_robot_control/cabinet_pose_frame_contract_test.gtest.xml" "--package-name" "xczs_inspection_robot_control" "--output-file" "/home/live/work01/build/xczs_inspection_robot_control/ament_cmake_gtest/cabinet_pose_frame_contract_test.txt" "--command" "/home/live/work01/build/xczs_inspection_robot_control/cabinet_pose_frame_contract_test" "--gtest_output=xml:/home/live/work01/build/xczs_inspection_robot_control/test_results/xczs_inspection_robot_control/cabinet_pose_frame_contract_test.gtest.xml"</Value>
				</NamedMeasurement>
				<NamedMeasurement type="text/string" name="Environment">
					<Value>#CTEST_RESOURCE_GROUP_COUNT=</Value>
				</NamedMeasurement>
				<Measurement>
					<Value>-- run_test.py: invoking following command in '/home/live/work01/build/xczs_inspection_robot_control':
 - /home/live/work01/build/xczs_inspection_robot_control/cabinet_pose_frame_contract_test --gtest_output=xml:/home/live/work01/build/xczs_inspection_robot_control/test_results/xczs_inspection_robot_control/cabinet_pose_frame_contract_test.gtest.xml
Running main() from /opt/ros/humble/src/gtest_vendor/src/gtest_main.cc
[==========] Running 1 test from 1 test suite.
[----------] Global test environment set-up.
[----------] 1 test from CabinetPoseFrameContract
[ RUN      ] CabinetPoseFrameContract.SpawnAndPoseAuthorityShareOdomWorld
[       OK ] CabinetPoseFrameContract.SpawnAndPoseAuthorityShareOdomWorld (0 ms)
[----------] 1 test from CabinetPoseFrameContract (0 ms total)

[----------] Global test environment tear-down
[==========] 1 test from 1 test suite ran. (1 ms total)
[  PASSED  ] 1 test.
-- run_test.py: return code 0
-- run_test.py: inject classname prefix into gtest result file '/home/live/work01/build/xczs_inspection_robot_control/test_results/xczs_inspection_robot_control/cabinet_pose_frame_contract_test.gtest.xml'
-- run_test.py: verify result file '/home/live/work01/build/xczs_inspection_robot_control/test_results/xczs_inspection_robot_control/cabinet_pose_frame_contract_test.gtest.xml'
</Value>
				</Measurement>
			</Results>
			<Labels>
				<Label>gtest</Label>
			</Labels>
		</Test>
		<EndDateTime>Aug 13 15:23 CST</EndDateTime>
		<EndTestTime>1786605836</EndTestTime>
		<ElapsedMinutes>0</ElapsedMinutes>
	</Testing>
</Site>
