<?xml version="1.0" encoding="UTF-8"?>
<Site BuildName="(empty)"
	BuildStamp="20260820-0727-Experimental"
	Name="live"
	Generator="ctest-3.22.1"
	CompilerName="/usr/bin/c++"
	CompilerVersion="11.4.0"
	OSName="Linux"
	Hostname="live"
	OSRelease="6.8.0-136-generic"
	OSVersion="#136~22.04.1-Ubuntu SMP PREEMPT_DYNAMIC Fri Jul  3 16:29:11 UTC "
	OSPlatform="x86_64"
	Is64Bits="1"
	VendorString="AuthenticAMD"
	VendorID="Advanced Micro Devices"
	FamilyID="25"
	ModelID="80"
	ProcessorCacheSize="512"
	NumberOfLogicalCPU="12"
	NumberOfPhysicalCPU="6"
	TotalVirtualMemory="19072"
	TotalPhysicalMemory="15843"
	LogicalProcessorsPerPhysical="2"
	ProcessorClockFrequency="3648.55"
	>
	<Testing>
		<StartDateTime>Aug 20 15:27 CST</StartDateTime>
		<StartTestTime>1787210856</StartTestTime>
		<TestList>
			<Test>./operation_lease_state_test</Test>
			<Test>./router_utils_test</Test>
			<Test>./planning_scene_profile_test</Test>
			<Test>./operation_validation_policy_test</Test>
			<Test>./action_and_control_state_policy_test</Test>
			<Test>./cabinet_pose_frame_contract_test</Test>
			<Test>./cabinet_button_operator_kinematics_test</Test>
			<Test>./launch_startup_policy_test</Test>
			<Test>./set_initial_pose_test</Test>
			<Test>./cabinet_knob_grasp_contract_test</Test>
		</TestList>
		<Test Status="passed">
			<Name>operation_lease_state_test</Name>
			<Path>.</Path>
			<FullName>./operation_lease_state_test</FullName>
			<FullCommandLine>/usr/bin/python3 "-u" "/opt/ros/humble/share/ament_cmake_test/cmake/run_test.py" "/home/live/work01/build/xczs_inspection_robot_control/test_results/xczs_inspection_robot_control/operation_lease_state_test.gtest.xml" "--package-name" "xczs_inspection_robot_control" "--output-file" "/home/live/work01/build/xczs_inspection_robot_control/ament_cmake_gtest/operation_lease_state_test.txt" "--command" "/home/live/work01/build/xczs_inspection_robot_control/operation_lease_state_test" "--gtest_output=xml:/home/live/work01/build/xczs_inspection_robot_control/test_results/xczs_inspection_robot_control/operation_lease_state_test.gtest.xml"</FullCommandLine>
			<Results>
				<NamedMeasurement type="numeric/double" name="Execution Time">
					<Value>0.0827916</Value>
				</NamedMeasurement>
				<NamedMeasurement type="numeric/double" name="Processors">
					<Value>1</Value>
				</NamedMeasurement>
				<NamedMeasurement type="text/string" name="Completion Status">
					<Value>Completed</Value>
				</NamedMeasurement>
				<NamedMeasurement type="text/string" name="Command Line">
					<Value>/usr/bin/python3 "-u" "/opt/ros/humble/share/ament_cmake_test/cmake/run_test.py" "/home/live/work01/build/xczs_inspection_robot_control/test_results/xczs_inspection_robot_control/operation_lease_state_test.gtest.xml" "--package-name" "xczs_inspection_robot_control" "--output-file" "/home/live/work01/build/xczs_inspection_robot_control/ament_cmake_gtest/operation_lease_state_test.txt" "--command" "/home/live/work01/build/xczs_inspection_robot_control/operation_lease_state_test" "--gtest_output=xml:/home/live/work01/build/xczs_inspection_robot_control/test_results/xczs_inspection_robot_control/operation_lease_state_test.gtest.xml"</Value>
				</NamedMeasurement>
				<NamedMeasurement type="text/string" name="Environment">
					<Value>#CTEST_RESOURCE_GROUP_COUNT=</Value>
				</NamedMeasurement>
				<Measurement>
					<Value>-- run_test.py: invoking following command in '/home/live/work01/build/xczs_inspection_robot_control':
 - /home/live/work01/build/xczs_inspection_robot_control/operation_lease_state_test --gtest_output=xml:/home/live/work01/build/xczs_inspection_robot_control/test_results/xczs_inspection_robot_control/operation_lease_state_test.gtest.xml
Running main() from /opt/ros/humble/src/gtest_vendor/src/gtest_main.cc
[==========] Running 5 tests from 1 test suite.
[----------] Global test environment set-up.
[----------] 5 tests from OperationLeaseState
[ RUN      ] OperationLeaseState.ExcludesOtherOwnersAndAllowsRelease
[       OK ] OperationLeaseState.ExcludesOtherOwnersAndAllowsRelease (0 ms)
[ RUN      ] OperationLeaseState.ConcurrentAcquireHasExactlyOneWinner
[       OK ] OperationLeaseState.ConcurrentAcquireHasExactlyOneWinner (1 ms)
[ RUN      ] OperationLeaseState.RenewalExtendsLeaseAndStaleTokenCannotRelease
[       OK ] OperationLeaseState.RenewalExtendsLeaseAndStaleTokenCannotRelease (0 ms)
[ RUN      ] OperationLeaseState.ExpiredOwnerCannotRenewAndResourceRecovers
[       OK ] OperationLeaseState.ExpiredOwnerCannotRenewAndResourceRecovers (0 ms)
[ RUN      ] OperationLeaseState.SubTickDurationIsRejected
[       OK ] OperationLeaseState.SubTickDurationIsRejected (0 ms)
[----------] 5 tests from OperationLeaseState (1 ms total)

[----------] Global test environment tear-down
[==========] 5 tests from 1 test suite ran. (1 ms total)
[  PASSED  ] 5 tests.
-- run_test.py: return code 0
-- run_test.py: inject classname prefix into gtest result file '/home/live/work01/build/xczs_inspection_robot_control/test_results/xczs_inspection_robot_control/operation_lease_state_test.gtest.xml'
-- run_test.py: verify result file '/home/live/work01/build/xczs_inspection_robot_control/test_results/xczs_inspection_robot_control/operation_lease_state_test.gtest.xml'
</Value>
				</Measurement>
			</Results>
			<Labels>
				<Label>gtest</Label>
			</Labels>
		</Test>
		<Test Status="passed">
			<Name>router_utils_test</Name>
			<Path>.</Path>
			<FullName>./router_utils_test</FullName>
			<FullCommandLine>/usr/bin/python3 "-u" "/opt/ros/humble/share/ament_cmake_test/cmake/run_test.py" "/home/live/work01/build/xczs_inspection_robot_control/test_results/xczs_inspection_robot_control/router_utils_test.gtest.xml" "--package-name" "xczs_inspection_robot_control" "--output-file" "/home/live/work01/build/xczs_inspection_robot_control/ament_cmake_gtest/router_utils_test.txt" "--command" "/home/live/work01/build/xczs_inspection_robot_control/router_utils_test" "--gtest_output=xml:/home/live/work01/build/xczs_inspection_robot_control/test_results/xczs_inspection_robot_control/router_utils_test.gtest.xml"</FullCommandLine>
			<Results>
				<NamedMeasurement type="numeric/double" name="Execution Time">
					<Value>0.0763612</Value>
				</NamedMeasurement>
				<NamedMeasurement type="numeric/double" name="Processors">
					<Value>1</Value>
				</NamedMeasurement>
				<NamedMeasurement type="text/string" name="Completion Status">
					<Value>Completed</Value>
				</NamedMeasurement>
				<NamedMeasurement type="text/string" name="Command Line">
					<Value>/usr/bin/python3 "-u" "/opt/ros/humble/share/ament_cmake_test/cmake/run_test.py" "/home/live/work01/build/xczs_inspection_robot_control/test_results/xczs_inspection_robot_control/router_utils_test.gtest.xml" "--package-name" "xczs_inspection_robot_control" "--output-file" "/home/live/work01/build/xczs_inspection_robot_control/ament_cmake_gtest/router_utils_test.txt" "--command" "/home/live/work01/build/xczs_inspection_robot_control/router_utils_test" "--gtest_output=xml:/home/live/work01/build/xczs_inspection_robot_control/test_results/xczs_inspection_robot_control/router_utils_test.gtest.xml"</Value>
				</NamedMeasurement>
				<NamedMeasurement type="text/string" name="Environment">
					<Value>#CTEST_RESOURCE_GROUP_COUNT=</Value>
				</NamedMeasurement>
				<Measurement>
					<Value>-- run_test.py: invoking following command in '/home/live/work01/build/xczs_inspection_robot_control':
 - /home/live/work01/build/xczs_inspection_robot_control/router_utils_test --gtest_output=xml:/home/live/work01/build/xczs_inspection_robot_control/test_results/xczs_inspection_robot_control/router_utils_test.gtest.xml
Running main() from /opt/ros/humble/src/gtest_vendor/src/gtest_main.cc
[==========] Running 7 tests from 1 test suite.
[----------] Global test environment set-up.
[----------] 7 tests from RouterUtils
[ RUN      ] RouterUtils.RotatesPlanarVelocityByConfiguredYaw
[       OK ] RouterUtils.RotatesPlanarVelocityByConfiguredYaw (0 ms)
[ RUN      ] RouterUtils.RotationPreservesPlanarMagnitude
[       OK ] RouterUtils.RotationPreservesPlanarMagnitude (0 ms)
[ RUN      ] RouterUtils.UsesTheSameOffsetForDockingFrameYaw
[       OK ] RouterUtils.UsesTheSameOffsetForDockingFrameYaw (1 ms)
[ RUN      ] RouterUtils.RejectsInvalidJointGroups
[       OK ] RouterUtils.RejectsInvalidJointGroups (0 ms)
[ RUN      ] RouterUtils.ValidatesRequiredAndOptionalTrajectoryFields
[       OK ] RouterUtils.ValidatesRequiredAndOptionalTrajectoryFields (0 ms)
[ RUN      ] RouterUtils.ValidatesStrictlyIncreasingTrajectoryDurations
[       OK ] RouterUtils.ValidatesStrictlyIncreasingTrajectoryDurations (0 ms)
[ RUN      ] RouterUtils.GatesOnlyEmbeddedNavigationRequests
[       OK ] RouterUtils.GatesOnlyEmbeddedNavigationRequests (0 ms)
[----------] 7 tests from RouterUtils (1 ms total)

[----------] Global test environment tear-down
[==========] 7 tests from 1 test suite ran. (1 ms total)
[  PASSED  ] 7 tests.
-- run_test.py: return code 0
-- run_test.py: inject classname prefix into gtest result file '/home/live/work01/build/xczs_inspection_robot_control/test_results/xczs_inspection_robot_control/router_utils_test.gtest.xml'
-- run_test.py: verify result file '/home/live/work01/build/xczs_inspection_robot_control/test_results/xczs_inspection_robot_control/router_utils_test.gtest.xml'
</Value>
				</Measurement>
			</Results>
			<Labels>
				<Label>gtest</Label>
			</Labels>
		</Test>
		<Test Status="passed">
			<Name>planning_scene_profile_test</Name>
			<Path>.</Path>
			<FullName>./planning_scene_profile_test</FullName>
			<FullCommandLine>/usr/bin/python3 "-u" "/opt/ros/humble/share/ament_cmake_test/cmake/run_test.py" "/home/live/work01/build/xczs_inspection_robot_control/test_results/xczs_inspection_robot_control/planning_scene_profile_test.gtest.xml" "--package-name" "xczs_inspection_robot_control" "--output-file" "/home/live/work01/build/xczs_inspection_robot_control/ament_cmake_gtest/planning_scene_profile_test.txt" "--command" "/home/live/work01/build/xczs_inspection_robot_control/planning_scene_profile_test" "--gtest_output=xml:/home/live/work01/build/xczs_inspection_robot_control/test_results/xczs_inspection_robot_control/planning_scene_profile_test.gtest.xml"</FullCommandLine>
			<Results>
				<NamedMeasurement type="numeric/double" name="Execution Time">
					<Value>0.0779668</Value>
				</NamedMeasurement>
				<NamedMeasurement type="numeric/double" name="Processors">
					<Value>1</Value>
				</NamedMeasurement>
				<NamedMeasurement type="text/string" name="Completion Status">
					<Value>Completed</Value>
				</NamedMeasurement>
				<NamedMeasurement type="text/string" name="Command Line">
					<Value>/usr/bin/python3 "-u" "/opt/ros/humble/share/ament_cmake_test/cmake/run_test.py" "/home/live/work01/build/xczs_inspection_robot_control/test_results/xczs_inspection_robot_control/planning_scene_profile_test.gtest.xml" "--package-name" "xczs_inspection_robot_control" "--output-file" "/home/live/work01/build/xczs_inspection_robot_control/ament_cmake_gtest/planning_scene_profile_test.txt" "--command" "/home/live/work01/build/xczs_inspection_robot_control/planning_scene_profile_test" "--gtest_output=xml:/home/live/work01/build/xczs_inspection_robot_control/test_results/xczs_inspection_robot_control/planning_scene_profile_test.gtest.xml"</Value>
				</NamedMeasurement>
				<NamedMeasurement type="text/string" name="Environment">
					<Value>#CTEST_RESOURCE_GROUP_COUNT=</Value>
				</NamedMeasurement>
				<Measurement>
					<Value>-- run_test.py: invoking following command in '/home/live/work01/build/xczs_inspection_robot_control':
 - /home/live/work01/build/xczs_inspection_robot_control/planning_scene_profile_test --gtest_output=xml:/home/live/work01/build/xczs_inspection_robot_control/test_results/xczs_inspection_robot_control/planning_scene_profile_test.gtest.xml
Running main() from /opt/ros/humble/src/gtest_vendor/src/gtest_main.cc
[==========] Running 7 tests from 1 test suite.
[----------] Global test environment set-up.
[----------] 7 tests from PlanningSceneProfile
[ RUN      ] PlanningSceneProfile.AcceptsButtonAndKnobOnlyDevice
[       OK ] PlanningSceneProfile.AcceptsButtonAndKnobOnlyDevice (0 ms)
[ RUN      ] PlanningSceneProfile.AcceptsDoorWithoutSwitch
[       OK ] PlanningSceneProfile.AcceptsDoorWithoutSwitch (0 ms)
[ RUN      ] PlanningSceneProfile.AcceptsUnparentedSwitchWithoutDoor
[       OK ] PlanningSceneProfile.AcceptsUnparentedSwitchWithoutDoor (0 ms)
[ RUN      ] PlanningSceneProfile.AcceptsSwitchParentedToDoor
[       OK ] PlanningSceneProfile.AcceptsSwitchParentedToDoor (0 ms)
[ RUN      ] PlanningSceneProfile.RejectsMissingSwitchParent
[       OK ] PlanningSceneProfile.RejectsMissingSwitchParent (0 ms)
[ RUN      ] PlanningSceneProfile.RejectsSwitchParentThatIsNotDoor
[       OK ] PlanningSceneProfile.RejectsSwitchParentThatIsNotDoor (0 ms)
[ RUN      ] PlanningSceneProfile.RejectsMultipleDoorsOrSwitches
[       OK ] PlanningSceneProfile.RejectsMultipleDoorsOrSwitches (0 ms)
[----------] 7 tests from PlanningSceneProfile (0 ms total)

[----------] Global test environment tear-down
[==========] 7 tests from 1 test suite ran. (0 ms total)
[  PASSED  ] 7 tests.
-- run_test.py: return code 0
-- run_test.py: inject classname prefix into gtest result file '/home/live/work01/build/xczs_inspection_robot_control/test_results/xczs_inspection_robot_control/planning_scene_profile_test.gtest.xml'
-- run_test.py: verify result file '/home/live/work01/build/xczs_inspection_robot_control/test_results/xczs_inspection_robot_control/planning_scene_profile_test.gtest.xml'
</Value>
				</Measurement>
			</Results>
			<Labels>
				<Label>gtest</Label>
			</Labels>
		</Test>
		<Test Status="passed">
			<Name>operation_validation_policy_test</Name>
			<Path>.</Path>
			<FullName>./operation_validation_policy_test</FullName>
			<FullCommandLine>/usr/bin/python3 "-u" "/opt/ros/humble/share/ament_cmake_test/cmake/run_test.py" "/home/live/work01/build/xczs_inspection_robot_control/test_results/xczs_inspection_robot_control/operation_validation_policy_test.gtest.xml" "--package-name" "xczs_inspection_robot_control" "--output-file" "/home/live/work01/build/xczs_inspection_robot_control/ament_cmake_gtest/operation_validation_policy_test.txt" "--command" "/home/live/work01/build/xczs_inspection_robot_control/operation_validation_policy_test" "--gtest_output=xml:/home/live/work01/build/xczs_inspection_robot_control/test_results/xczs_inspection_robot_control/operation_validation_policy_test.gtest.xml"</FullCommandLine>
			<Results>
				<NamedMeasurement type="numeric/double" name="Execution Time">
					<Value>0.0837944</Value>
				</NamedMeasurement>
				<NamedMeasurement type="numeric/double" name="Processors">
					<Value>1</Value>
				</NamedMeasurement>
				<NamedMeasurement type="text/string" name="Completion Status">
					<Value>Completed</Value>
				</NamedMeasurement>
				<NamedMeasurement type="text/string" name="Command Line">
					<Value>/usr/bin/python3 "-u" "/opt/ros/humble/share/ament_cmake_test/cmake/run_test.py" "/home/live/work01/build/xczs_inspection_robot_control/test_results/xczs_inspection_robot_control/operation_validation_policy_test.gtest.xml" "--package-name" "xczs_inspection_robot_control" "--output-file" "/home/live/work01/build/xczs_inspection_robot_control/ament_cmake_gtest/operation_validation_policy_test.txt" "--command" "/home/live/work01/build/xczs_inspection_robot_control/operation_validation_policy_test" "--gtest_output=xml:/home/live/work01/build/xczs_inspection_robot_control/test_results/xczs_inspection_robot_control/operation_validation_policy_test.gtest.xml"</Value>
				</NamedMeasurement>
				<NamedMeasurement type="text/string" name="Environment">
					<Value>#CTEST_RESOURCE_GROUP_COUNT=</Value>
				</NamedMeasurement>
				<Measurement>
					<Value>-- run_test.py: invoking following command in '/home/live/work01/build/xczs_inspection_robot_control':
 - /home/live/work01/build/xczs_inspection_robot_control/operation_validation_policy_test --gtest_output=xml:/home/live/work01/build/xczs_inspection_robot_control/test_results/xczs_inspection_robot_control/operation_validation_policy_test.gtest.xml
Running main() from /opt/ros/humble/src/gtest_vendor/src/gtest_main.cc
[==========] Running 11 tests from 1 test suite.
[----------] Global test environment set-up.
[----------] 11 tests from OperationValidationPolicy
[ RUN      ] OperationValidationPolicy.PlanningOnlyPreparationNeverOwnsBaseMotion
[       OK ] OperationValidationPolicy.PlanningOnlyPreparationNeverOwnsBaseMotion (0 ms)
[ RUN      ] OperationValidationPolicy.PhysicalPreparationUsesConfiguredMotionLayers
[       OK ] OperationValidationPolicy.PhysicalPreparationUsesConfiguredMotionLayers (0 ms)
[ RUN      ] OperationValidationPolicy.AcceptedOrPendingGoalDoesNotOwnMotionResources
[       OK ] OperationValidationPolicy.AcceptedOrPendingGoalDoesNotOwnMotionResources (0 ms)
[ RUN      ] OperationValidationPolicy.ActivePhysicalGoalOwnsResourcesAfterLease
[       OK ] OperationValidationPolicy.ActivePhysicalGoalOwnsResourcesAfterLease (0 ms)
[ RUN      ] OperationValidationPolicy.PlanningOnlyNeverOwnsMotionResources
[       OK ] OperationValidationPolicy.PlanningOnlyNeverOwnsMotionResources (0 ms)
[ RUN      ] OperationValidationPolicy.UnverifiedControlRequiresPlanningOnly
[       OK ] OperationValidationPolicy.UnverifiedControlRequiresPlanningOnly (0 ms)
[ RUN      ] OperationValidationPolicy.VerifiedControlMayUsePhysicalExecution
[       OK ] OperationValidationPolicy.VerifiedControlMayUsePhysicalExecution (0 ms)
[ RUN      ] OperationValidationPolicy.ValidationAlwaysBlocksPhysicalMotion
[       OK ] OperationValidationPolicy.ValidationAlwaysBlocksPhysicalMotion (0 ms)
[ RUN      ] OperationValidationPolicy.PreflightAndDockingFailuresNeedNoRecoveryMotion
[       OK ] OperationValidationPolicy.PreflightAndDockingFailuresNeedNoRecoveryMotion (0 ms)
[ RUN      ] OperationValidationPolicy.ExecutedOperationStillRequiresSafetyRecovery
[       OK ] OperationValidationPolicy.ExecutedOperationStillRequiresSafetyRecovery (0 ms)
[ RUN      ] OperationValidationPolicy.EngagementFlagsConservativelyRequireRecovery
[       OK ] OperationValidationPolicy.EngagementFlagsConservativelyRequireRecovery (0 ms)
[----------] 11 tests from OperationValidationPolicy (0 ms total)

[----------] Global test environment tear-down
[==========] 11 tests from 1 test suite ran. (0 ms total)
[  PASSED  ] 11 tests.
-- run_test.py: return code 0
-- run_test.py: inject classname prefix into gtest result file '/home/live/work01/build/xczs_inspection_robot_control/test_results/xczs_inspection_robot_control/operation_validation_policy_test.gtest.xml'
-- run_test.py: verify result file '/home/live/work01/build/xczs_inspection_robot_control/test_results/xczs_inspection_robot_control/operation_validation_policy_test.gtest.xml'
</Value>
				</Measurement>
			</Results>
			<Labels>
				<Label>gtest</Label>
			</Labels>
		</Test>
		<Test Status="passed">
			<Name>action_and_control_state_policy_test</Name>
			<Path>.</Path>
			<FullName>./action_and_control_state_policy_test</FullName>
			<FullCommandLine>/usr/bin/python3 "-u" "/opt/ros/humble/share/ament_cmake_test/cmake/run_test.py" "/home/live/work01/build/xczs_inspection_robot_control/test_results/xczs_inspection_robot_control/action_and_control_state_policy_test.gtest.xml" "--package-name" "xczs_inspection_robot_control" "--output-file" "/home/live/work01/build/xczs_inspection_robot_control/ament_cmake_gtest/action_and_control_state_policy_test.txt" "--command" "/home/live/work01/build/xczs_inspection_robot_control/action_and_control_state_policy_test" "--gtest_output=xml:/home/live/work01/build/xczs_inspection_robot_control/test_results/xczs_inspection_robot_control/action_and_control_state_policy_test.gtest.xml"</FullCommandLine>
			<Results>
				<NamedMeasurement type="numeric/double" name="Execution Time">
					<Value>0.0762712</Value>
				</NamedMeasurement>
				<NamedMeasurement type="numeric/double" name="Processors">
					<Value>1</Value>
				</NamedMeasurement>
				<NamedMeasurement type="text/string" name="Completion Status">
					<Value>Completed</Value>
				</NamedMeasurement>
				<NamedMeasurement type="text/string" name="Command Line">
					<Value>/usr/bin/python3 "-u" "/opt/ros/humble/share/ament_cmake_test/cmake/run_test.py" "/home/live/work01/build/xczs_inspection_robot_control/test_results/xczs_inspection_robot_control/action_and_control_state_policy_test.gtest.xml" "--package-name" "xczs_inspection_robot_control" "--output-file" "/home/live/work01/build/xczs_inspection_robot_control/ament_cmake_gtest/action_and_control_state_policy_test.txt" "--command" "/home/live/work01/build/xczs_inspection_robot_control/action_and_control_state_policy_test" "--gtest_output=xml:/home/live/work01/build/xczs_inspection_robot_control/test_results/xczs_inspection_robot_control/action_and_control_state_policy_test.gtest.xml"</Value>
				</NamedMeasurement>
				<NamedMeasurement type="text/string" name="Environment">
					<Value>#CTEST_RESOURCE_GROUP_COUNT=</Value>
				</NamedMeasurement>
				<Measurement>
					<Value>-- run_test.py: invoking following command in '/home/live/work01/build/xczs_inspection_robot_control':
 - /home/live/work01/build/xczs_inspection_robot_control/action_and_control_state_policy_test --gtest_output=xml:/home/live/work01/build/xczs_inspection_robot_control/test_results/xczs_inspection_robot_control/action_and_control_state_policy_test.gtest.xml
Running main() from /opt/ros/humble/src/gtest_vendor/src/gtest_main.cc
[==========] Running 8 tests from 2 test suites.
[----------] Global test environment set-up.
[----------] 5 tests from ActionTerminalPolicy
[ RUN      ] ActionTerminalPolicy.PhysicalSuccessWinsAConcurrentLateCancel
[       OK ] ActionTerminalPolicy.PhysicalSuccessWinsAConcurrentLateCancel (0 ms)
[ RUN      ] ActionTerminalPolicy.CancelWinsOnlyBeforeSuccessIsCommitted
[       OK ] ActionTerminalPolicy.CancelWinsOnlyBeforeSuccessIsCommitted (0 ms)
[ RUN      ] ActionTerminalPolicy.AppliesEveryTerminalDispositionExactlyOnce
[       OK ] ActionTerminalPolicy.AppliesEveryTerminalDispositionExactlyOnce (0 ms)
[ RUN      ] ActionTerminalPolicy.CancelIsAcceptedBeforePhysicalCommit
[       OK ] ActionTerminalPolicy.CancelIsAcceptedBeforePhysicalCommit (0 ms)
[ RUN      ] ActionTerminalPolicy.CancelIsRejectedAfterPhysicalCommit
[       OK ] ActionTerminalPolicy.CancelIsRejectedAfterPhysicalCommit (0 ms)
[----------] 5 tests from ActionTerminalPolicy (0 ms total)

[----------] 3 tests from StructuredControlStatePolicy
[ RUN      ] StructuredControlStatePolicy.RejectsDeclaredInvalidAndNonFiniteSamples
[       OK ] StructuredControlStatePolicy.RejectsDeclaredInvalidAndNonFiniteSamples (0 ms)
[ RUN      ] StructuredControlStatePolicy.IgnoresAnotherControlsSample
[       OK ] StructuredControlStatePolicy.IgnoresAnotherControlsSample (0 ms)
[ RUN      ] StructuredControlStatePolicy.JointTrafficCannotKeepStructuredStateAlive
[       OK ] StructuredControlStatePolicy.JointTrafficCannotKeepStructuredStateAlive (0 ms)
[----------] 3 tests from StructuredControlStatePolicy (0 ms total)

[----------] Global test environment tear-down
[==========] 8 tests from 2 test suites ran. (0 ms total)
[  PASSED  ] 8 tests.
-- run_test.py: return code 0
-- run_test.py: inject classname prefix into gtest result file '/home/live/work01/build/xczs_inspection_robot_control/test_results/xczs_inspection_robot_control/action_and_control_state_policy_test.gtest.xml'
-- run_test.py: verify result file '/home/live/work01/build/xczs_inspection_robot_control/test_results/xczs_inspection_robot_control/action_and_control_state_policy_test.gtest.xml'
</Value>
				</Measurement>
			</Results>
			<Labels>
				<Label>gtest</Label>
			</Labels>
		</Test>
		<Test Status="passed">
			<Name>cabinet_pose_frame_contract_test</Name>
			<Path>.</Path>
			<FullName>./cabinet_pose_frame_contract_test</FullName>
			<FullCommandLine>/usr/bin/python3 "-u" "/opt/ros/humble/share/ament_cmake_test/cmake/run_test.py" "/home/live/work01/build/xczs_inspection_robot_control/test_results/xczs_inspection_robot_control/cabinet_pose_frame_contract_test.gtest.xml" "--package-name" "xczs_inspection_robot_control" "--output-file" "/home/live/work01/build/xczs_inspection_robot_control/ament_cmake_gtest/cabinet_pose_frame_contract_test.txt" "--command" "/home/live/work01/build/xczs_inspection_robot_control/cabinet_pose_frame_contract_test" "--gtest_output=xml:/home/live/work01/build/xczs_inspection_robot_control/test_results/xczs_inspection_robot_control/cabinet_pose_frame_contract_test.gtest.xml"</FullCommandLine>
			<Results>
				<NamedMeasurement type="numeric/double" name="Execution Time">
					<Value>0.0766421</Value>
				</NamedMeasurement>
				<NamedMeasurement type="numeric/double" name="Processors">
					<Value>1</Value>
				</NamedMeasurement>
				<NamedMeasurement type="text/string" name="Completion Status">
					<Value>Completed</Value>
				</NamedMeasurement>
				<NamedMeasurement type="text/string" name="Command Line">
					<Value>/usr/bin/python3 "-u" "/opt/ros/humble/share/ament_cmake_test/cmake/run_test.py" "/home/live/work01/build/xczs_inspection_robot_control/test_results/xczs_inspection_robot_control/cabinet_pose_frame_contract_test.gtest.xml" "--package-name" "xczs_inspection_robot_control" "--output-file" "/home/live/work01/build/xczs_inspection_robot_control/ament_cmake_gtest/cabinet_pose_frame_contract_test.txt" "--command" "/home/live/work01/build/xczs_inspection_robot_control/cabinet_pose_frame_contract_test" "--gtest_output=xml:/home/live/work01/build/xczs_inspection_robot_control/test_results/xczs_inspection_robot_control/cabinet_pose_frame_contract_test.gtest.xml"</Value>
				</NamedMeasurement>
				<NamedMeasurement type="text/string" name="Environment">
					<Value>#CTEST_RESOURCE_GROUP_COUNT=</Value>
				</NamedMeasurement>
				<Measurement>
					<Value>-- run_test.py: invoking following command in '/home/live/work01/build/xczs_inspection_robot_control':
 - /home/live/work01/build/xczs_inspection_robot_control/cabinet_pose_frame_contract_test --gtest_output=xml:/home/live/work01/build/xczs_inspection_robot_control/test_results/xczs_inspection_robot_control/cabinet_pose_frame_contract_test.gtest.xml
Running main() from /opt/ros/humble/src/gtest_vendor/src/gtest_main.cc
[==========] Running 1 test from 1 test suite.
[----------] Global test environment set-up.
[----------] 1 test from CabinetPoseFrameContract
[ RUN      ] CabinetPoseFrameContract.SpawnAndPoseAuthorityShareOdomWorld
[       OK ] CabinetPoseFrameContract.SpawnAndPoseAuthorityShareOdomWorld (0 ms)
[----------] 1 test from CabinetPoseFrameContract (0 ms total)

[----------] Global test environment tear-down
[==========] 1 test from 1 test suite ran. (0 ms total)
[  PASSED  ] 1 test.
-- run_test.py: return code 0
-- run_test.py: inject classname prefix into gtest result file '/home/live/work01/build/xczs_inspection_robot_control/test_results/xczs_inspection_robot_control/cabinet_pose_frame_contract_test.gtest.xml'
-- run_test.py: verify result file '/home/live/work01/build/xczs_inspection_robot_control/test_results/xczs_inspection_robot_control/cabinet_pose_frame_contract_test.gtest.xml'
</Value>
				</Measurement>
			</Results>
			<Labels>
				<Label>gtest</Label>
			</Labels>
		</Test>
		<Test Status="passed">
			<Name>cabinet_button_operator_kinematics_test</Name>
			<Path>.</Path>
			<FullName>./cabinet_button_operator_kinematics_test</FullName>
			<FullCommandLine>/usr/bin/python3 "-u" "/opt/ros/humble/share/ament_cmake_test/cmake/run_test.py" "/home/live/work01/build/xczs_inspection_robot_control/test_results/xczs_inspection_robot_control/cabinet_button_operator_kinematics_test.gtest.xml" "--package-name" "xczs_inspection_robot_control" "--output-file" "/home/live/work01/build/xczs_inspection_robot_control/ament_cmake_gtest/cabinet_button_operator_kinematics_test.txt" "--command" "/home/live/work01/build/xczs_inspection_robot_control/cabinet_button_operator_kinematics_test" "--gtest_output=xml:/home/live/work01/build/xczs_inspection_robot_control/test_results/xczs_inspection_robot_control/cabinet_button_operator_kinematics_test.gtest.xml"</FullCommandLine>
			<Results>
				<NamedMeasurement type="numeric/double" name="Execution Time">
					<Value>0.0969886</Value>
				</NamedMeasurement>
				<NamedMeasurement type="numeric/double" name="Processors">
					<Value>1</Value>
				</NamedMeasurement>
				<NamedMeasurement type="text/string" name="Completion Status">
					<Value>Completed</Value>
				</NamedMeasurement>
				<NamedMeasurement type="text/string" name="Command Line">
					<Value>/usr/bin/python3 "-u" "/opt/ros/humble/share/ament_cmake_test/cmake/run_test.py" "/home/live/work01/build/xczs_inspection_robot_control/test_results/xczs_inspection_robot_control/cabinet_button_operator_kinematics_test.gtest.xml" "--package-name" "xczs_inspection_robot_control" "--output-file" "/home/live/work01/build/xczs_inspection_robot_control/ament_cmake_gtest/cabinet_button_operator_kinematics_test.txt" "--command" "/home/live/work01/build/xczs_inspection_robot_control/cabinet_button_operator_kinematics_test" "--gtest_output=xml:/home/live/work01/build/xczs_inspection_robot_control/test_results/xczs_inspection_robot_control/cabinet_button_operator_kinematics_test.gtest.xml"</Value>
				</NamedMeasurement>
				<NamedMeasurement type="text/string" name="Environment">
					<Value>#CTEST_RESOURCE_GROUP_COUNT=</Value>
				</NamedMeasurement>
				<Measurement>
					<Value>-- run_test.py: invoking following command in '/home/live/work01/build/xczs_inspection_robot_control':
 - /home/live/work01/build/xczs_inspection_robot_control/cabinet_button_operator_kinematics_test --gtest_output=xml:/home/live/work01/build/xczs_inspection_robot_control/test_results/xczs_inspection_robot_control/cabinet_button_operator_kinematics_test.gtest.xml
Running main() from /opt/ros/humble/src/gtest_vendor/src/gtest_main.cc
[==========] Running 4 tests from 1 test suite.
[----------] Global test environment set-up.
[----------] 4 tests from ToolProfileKinematicsValidation
[ RUN      ] ToolProfileKinematicsValidation.NamesGroupWhenRobotModelIsUnavailable
[       OK ] ToolProfileKinematicsValidation.NamesGroupWhenRobotModelIsUnavailable (0 ms)
[ RUN      ] ToolProfileKinematicsValidation.RejectsAndNamesMissingJointModelGroup
[INFO] [1787210857.475691538] [moveit_robot_model.robot_model]: Loading robot model 'kinematics_validation_test_robot'...
[INFO] [1787210857.475717519] [moveit_robot_model.robot_model]: No root/virtual joint specified in SRDF. Assuming fixed joint
[WARN] [1787210857.475754256] [moveit_robot_model.robot_model]: No geometry is associated to any robot links
[ERROR] [1787210857.475769970] [moveit_robot_model.robot_model]: Group 'missing_arm' not found in model 'kinematics_validation_test_robot'
[       OK ] ToolProfileKinematicsValidation.RejectsAndNamesMissingJointModelGroup (0 ms)
[ RUN      ] ToolProfileKinematicsValidation.RejectsExistingGroupWithoutSolver
[INFO] [1787210857.475824865] [moveit_robot_model.robot_model]: Loading robot model 'kinematics_validation_test_robot'...
[INFO] [1787210857.475830103] [moveit_robot_model.robot_model]: No root/virtual joint specified in SRDF. Assuming fixed joint
[WARN] [1787210857.475838624] [moveit_robot_model.robot_model]: No geometry is associated to any robot links
[       OK ] ToolProfileKinematicsValidation.RejectsExistingGroupWithoutSolver (0 ms)
[ RUN      ] ToolProfileKinematicsValidation.ReportsEveryInvalidUniqueProfileGroup
[INFO] [1787210857.475888281] [moveit_robot_model.robot_model]: Loading robot model 'kinematics_validation_test_robot'...
[INFO] [1787210857.475894846] [moveit_robot_model.robot_model]: No root/virtual joint specified in SRDF. Assuming fixed joint
[WARN] [1787210857.475918382] [moveit_robot_model.robot_model]: No geometry is associated to any robot links
[ERROR] [1787210857.475932630] [moveit_robot_model.robot_model]: Group 'missing_arm' not found in model 'kinematics_validation_test_robot'
[       OK ] ToolProfileKinematicsValidation.ReportsEveryInvalidUniqueProfileGroup (0 ms)
[----------] 4 tests from ToolProfileKinematicsValidation (0 ms total)

[----------] Global test environment tear-down
[==========] 4 tests from 1 test suite ran. (0 ms total)
[  PASSED  ] 4 tests.
-- run_test.py: return code 0
-- run_test.py: inject classname prefix into gtest result file '/home/live/work01/build/xczs_inspection_robot_control/test_results/xczs_inspection_robot_control/cabinet_button_operator_kinematics_test.gtest.xml'
-- run_test.py: verify result file '/home/live/work01/build/xczs_inspection_robot_control/test_results/xczs_inspection_robot_control/cabinet_button_operator_kinematics_test.gtest.xml'
</Value>
				</Measurement>
			</Results>
			<Labels>
				<Label>gtest</Label>
			</Labels>
		</Test>
		<Test Status="passed">
			<Name>launch_startup_policy_test</Name>
			<Path>.</Path>
			<FullName>./launch_startup_policy_test</FullName>
			<FullCommandLine>/usr/bin/python3 "-u" "/opt/ros/humble/share/ament_cmake_test/cmake/run_test.py" "/home/live/work01/build/xczs_inspection_robot_control/test_results/xczs_inspection_robot_control/launch_startup_policy_test.xunit.xml" "--package-name" "xczs_inspection_robot_control" "--output-file" "/home/live/work01/build/xczs_inspection_robot_control/ament_cmake_pytest/launch_startup_policy_test.txt" "--command" "/usr/bin/python3" "-u" "-m" "pytest" "/home/live/work01/xczs_inspection_robot_control/test/test_launch_startup_policy.py" "-o" "cache_dir=/home/live/work01/build/xczs_inspection_robot_control/ament_cmake_pytest/launch_startup_policy_test/.cache" "--junit-xml=/home/live/work01/build/xczs_inspection_robot_control/test_results/xczs_inspection_robot_control/launch_startup_policy_test.xunit.xml" "--junit-prefix=xczs_inspection_robot_control"</FullCommandLine>
			<Results>
				<NamedMeasurement type="numeric/double" name="Execution Time">
					<Value>1.12225</Value>
				</NamedMeasurement>
				<NamedMeasurement type="numeric/double" name="Processors">
					<Value>1</Value>
				</NamedMeasurement>
				<NamedMeasurement type="text/string" name="Completion Status">
					<Value>Completed</Value>
				</NamedMeasurement>
				<NamedMeasurement type="text/string" name="Command Line">
					<Value>/usr/bin/python3 "-u" "/opt/ros/humble/share/ament_cmake_test/cmake/run_test.py" "/home/live/work01/build/xczs_inspection_robot_control/test_results/xczs_inspection_robot_control/launch_startup_policy_test.xunit.xml" "--package-name" "xczs_inspection_robot_control" "--output-file" "/home/live/work01/build/xczs_inspection_robot_control/ament_cmake_pytest/launch_startup_policy_test.txt" "--command" "/usr/bin/python3" "-u" "-m" "pytest" "/home/live/work01/xczs_inspection_robot_control/test/test_launch_startup_policy.py" "-o" "cache_dir=/home/live/work01/build/xczs_inspection_robot_control/ament_cmake_pytest/launch_startup_policy_test/.cache" "--junit-xml=/home/live/work01/build/xczs_inspection_robot_control/test_results/xczs_inspection_robot_control/launch_startup_policy_test.xunit.xml" "--junit-prefix=xczs_inspection_robot_control"</Value>
				</NamedMeasurement>
				<NamedMeasurement type="text/string" name="Environment">
					<Value>#CTEST_RESOURCE_GROUP_COUNT=</Value>
				</NamedMeasurement>
				<Measurement>
					<Value>-- run_test.py: invoking following command in '/home/live/work01/build/xczs_inspection_robot_control':
 - /usr/bin/python3 -u -m pytest /home/live/work01/xczs_inspection_robot_control/test/test_launch_startup_policy.py -o cache_dir=/home/live/work01/build/xczs_inspection_robot_control/ament_cmake_pytest/launch_startup_policy_test/.cache --junit-xml=/home/live/work01/build/xczs_inspection_robot_control/test_results/xczs_inspection_robot_control/launch_startup_policy_test.xunit.xml --junit-prefix=xczs_inspection_robot_control
============================= test session starts ==============================
platform linux -- Python 3.10.12, pytest-8.4.2, pluggy-1.6.0
cachedir: build/xczs_inspection_robot_control/ament_cmake_pytest/launch_startup_policy_test/.cache
rootdir: /home/live/work01
plugins: ament-lint-0.12.15, ament-flake8-0.12.15, ament-xmllint-0.12.15, ament-copyright-0.12.15, launch-testing-ros-0.19.13, ament-pep257-0.12.15, launch-testing-1.0.14, anyio-4.14.2, asyncio-0.26.0, colcon-core-0.21.0, cov-3.0.0
asyncio: mode=strict, asyncio_default_fixture_loop_scope=None, asyncio_default_test_loop_scope=function
collected 25 items

../../xczs_inspection_robot_control/test/test_launch_startup_policy.py . [  4%]
........................                                                 [100%]

=============================== warnings summary ===============================
xczs_inspection_robot_control/test/test_launch_startup_policy.py::test_required_process_success_starts_only_configured_downstream_actions
  Warning: private variables, such as '_ConstructUnits__ConstructUnitsValue', will be normal attributes in 3.11

-- Docs: https://docs.pytest.org/en/stable/how-to/capture-warnings.html
- generated xml file: /home/live/work01/build/xczs_inspection_robot_control/test_results/xczs_inspection_robot_control/launch_startup_policy_test.xunit.xml -
======================== 25 passed, 1 warning in 0.34s =========================
-- run_test.py: return code 0
-- run_test.py: verify result file '/home/live/work01/build/xczs_inspection_robot_control/test_results/xczs_inspection_robot_control/launch_startup_policy_test.xunit.xml'
</Value>
				</Measurement>
			</Results>
			<Labels>
				<Label>pytest</Label>
			</Labels>
		</Test>
		<Test Status="passed">
			<Name>set_initial_pose_test</Name>
			<Path>.</Path>
			<FullName>./set_initial_pose_test</FullName>
			<FullCommandLine>/usr/bin/python3 "-u" "/opt/ros/humble/share/ament_cmake_test/cmake/run_test.py" "/home/live/work01/build/xczs_inspection_robot_control/test_results/xczs_inspection_robot_control/set_initial_pose_test.xunit.xml" "--package-name" "xczs_inspection_robot_control" "--output-file" "/home/live/work01/build/xczs_inspection_robot_control/ament_cmake_pytest/set_initial_pose_test.txt" "--command" "/usr/bin/python3" "-u" "-m" "pytest" "/home/live/work01/xczs_inspection_robot_control/test/test_set_initial_pose.py" "-o" "cache_dir=/home/live/work01/build/xczs_inspection_robot_control/ament_cmake_pytest/set_initial_pose_test/.cache" "--junit-xml=/home/live/work01/build/xczs_inspection_robot_control/test_results/xczs_inspection_robot_control/set_initial_pose_test.xunit.xml" "--junit-prefix=xczs_inspection_robot_control"</FullCommandLine>
			<Results>
				<NamedMeasurement type="numeric/double" name="Execution Time">
					<Value>1.05196</Value>
				</NamedMeasurement>
				<NamedMeasurement type="numeric/double" name="Processors">
					<Value>1</Value>
				</NamedMeasurement>
				<NamedMeasurement type="text/string" name="Completion Status">
					<Value>Completed</Value>
				</NamedMeasurement>
				<NamedMeasurement type="text/string" name="Command Line">
					<Value>/usr/bin/python3 "-u" "/opt/ros/humble/share/ament_cmake_test/cmake/run_test.py" "/home/live/work01/build/xczs_inspection_robot_control/test_results/xczs_inspection_robot_control/set_initial_pose_test.xunit.xml" "--package-name" "xczs_inspection_robot_control" "--output-file" "/home/live/work01/build/xczs_inspection_robot_control/ament_cmake_pytest/set_initial_pose_test.txt" "--command" "/usr/bin/python3" "-u" "-m" "pytest" "/home/live/work01/xczs_inspection_robot_control/test/test_set_initial_pose.py" "-o" "cache_dir=/home/live/work01/build/xczs_inspection_robot_control/ament_cmake_pytest/set_initial_pose_test/.cache" "--junit-xml=/home/live/work01/build/xczs_inspection_robot_control/test_results/xczs_inspection_robot_control/set_initial_pose_test.xunit.xml" "--junit-prefix=xczs_inspection_robot_control"</Value>
				</NamedMeasurement>
				<NamedMeasurement type="text/string" name="Environment">
					<Value>#CTEST_RESOURCE_GROUP_COUNT=</Value>
				</NamedMeasurement>
				<Measurement>
					<Value>-- run_test.py: invoking following command in '/home/live/work01/build/xczs_inspection_robot_control':
 - /usr/bin/python3 -u -m pytest /home/live/work01/xczs_inspection_robot_control/test/test_set_initial_pose.py -o cache_dir=/home/live/work01/build/xczs_inspection_robot_control/ament_cmake_pytest/set_initial_pose_test/.cache --junit-xml=/home/live/work01/build/xczs_inspection_robot_control/test_results/xczs_inspection_robot_control/set_initial_pose_test.xunit.xml --junit-prefix=xczs_inspection_robot_control
============================= test session starts ==============================
platform linux -- Python 3.10.12, pytest-8.4.2, pluggy-1.6.0
cachedir: build/xczs_inspection_robot_control/ament_cmake_pytest/set_initial_pose_test/.cache
rootdir: /home/live/work01
plugins: ament-lint-0.12.15, ament-flake8-0.12.15, ament-xmllint-0.12.15, ament-copyright-0.12.15, launch-testing-ros-0.19.13, ament-pep257-0.12.15, launch-testing-1.0.14, anyio-4.14.2, asyncio-0.26.0, colcon-core-0.21.0, cov-3.0.0
asyncio: mode=strict, asyncio_default_fixture_loop_scope=None, asyncio_default_test_loop_scope=function
collected 6 items

../../xczs_inspection_robot_control/test/test_set_initial_pose.py ...... [100%]

- generated xml file: /home/live/work01/build/xczs_inspection_robot_control/test_results/xczs_inspection_robot_control/set_initial_pose_test.xunit.xml -
============================== 6 passed in 0.28s ===============================
-- run_test.py: return code 0
-- run_test.py: verify result file '/home/live/work01/build/xczs_inspection_robot_control/test_results/xczs_inspection_robot_control/set_initial_pose_test.xunit.xml'
</Value>
				</Measurement>
			</Results>
			<Labels>
				<Label>pytest</Label>
			</Labels>
		</Test>
		<Test Status="passed">
			<Name>cabinet_knob_grasp_contract_test</Name>
			<Path>.</Path>
			<FullName>./cabinet_knob_grasp_contract_test</FullName>
			<FullCommandLine>/usr/bin/python3 "-u" "/opt/ros/humble/share/ament_cmake_test/cmake/run_test.py" "/home/live/work01/build/xczs_inspection_robot_control/test_results/xczs_inspection_robot_control/cabinet_knob_grasp_contract_test.xunit.xml" "--package-name" "xczs_inspection_robot_control" "--output-file" "/home/live/work01/build/xczs_inspection_robot_control/ament_cmake_pytest/cabinet_knob_grasp_contract_test.txt" "--command" "/usr/bin/python3" "-u" "-m" "pytest" "/home/live/work01/xczs_inspection_robot_control/test/test_cabinet_knob_grasp_contract.py" "-o" "cache_dir=/home/live/work01/build/xczs_inspection_robot_control/ament_cmake_pytest/cabinet_knob_grasp_contract_test/.cache" "--junit-xml=/home/live/work01/build/xczs_inspection_robot_control/test_results/xczs_inspection_robot_control/cabinet_knob_grasp_contract_test.xunit.xml" "--junit-prefix=xczs_inspection_robot_control"</FullCommandLine>
			<Results>
				<NamedMeasurement type="numeric/double" name="Execution Time">
					<Value>1.4853</Value>
				</NamedMeasurement>
				<NamedMeasurement type="numeric/double" name="Processors">
					<Value>1</Value>
				</NamedMeasurement>
				<NamedMeasurement type="text/string" name="Completion Status">
					<Value>Completed</Value>
				</NamedMeasurement>
				<NamedMeasurement type="text/string" name="Command Line">
					<Value>/usr/bin/python3 "-u" "/opt/ros/humble/share/ament_cmake_test/cmake/run_test.py" "/home/live/work01/build/xczs_inspection_robot_control/test_results/xczs_inspection_robot_control/cabinet_knob_grasp_contract_test.xunit.xml" "--package-name" "xczs_inspection_robot_control" "--output-file" "/home/live/work01/build/xczs_inspection_robot_control/ament_cmake_pytest/cabinet_knob_grasp_contract_test.txt" "--command" "/usr/bin/python3" "-u" "-m" "pytest" "/home/live/work01/xczs_inspection_robot_control/test/test_cabinet_knob_grasp_contract.py" "-o" "cache_dir=/home/live/work01/build/xczs_inspection_robot_control/ament_cmake_pytest/cabinet_knob_grasp_contract_test/.cache" "--junit-xml=/home/live/work01/build/xczs_inspection_robot_control/test_results/xczs_inspection_robot_control/cabinet_knob_grasp_contract_test.xunit.xml" "--junit-prefix=xczs_inspection_robot_control"</Value>
				</NamedMeasurement>
				<NamedMeasurement type="text/string" name="Environment">
					<Value>#CTEST_RESOURCE_GROUP_COUNT=</Value>
				</NamedMeasurement>
				<Measurement>
					<Value>-- run_test.py: invoking following command in '/home/live/work01/build/xczs_inspection_robot_control':
 - /usr/bin/python3 -u -m pytest /home/live/work01/xczs_inspection_robot_control/test/test_cabinet_knob_grasp_contract.py -o cache_dir=/home/live/work01/build/xczs_inspection_robot_control/ament_cmake_pytest/cabinet_knob_grasp_contract_test/.cache --junit-xml=/home/live/work01/build/xczs_inspection_robot_control/test_results/xczs_inspection_robot_control/cabinet_knob_grasp_contract_test.xunit.xml --junit-prefix=xczs_inspection_robot_control
============================= test session starts ==============================
platform linux -- Python 3.10.12, pytest-8.4.2, pluggy-1.6.0
cachedir: build/xczs_inspection_robot_control/ament_cmake_pytest/cabinet_knob_grasp_contract_test/.cache
rootdir: /home/live/work01
plugins: ament-lint-0.12.15, ament-flake8-0.12.15, ament-xmllint-0.12.15, ament-copyright-0.12.15, launch-testing-ros-0.19.13, ament-pep257-0.12.15, launch-testing-1.0.14, anyio-4.14.2, asyncio-0.26.0, colcon-core-0.21.0, cov-3.0.0
asyncio: mode=strict, asyncio_default_fixture_loop_scope=None, asyncio_default_test_loop_scope=function
collected 2 items

../../xczs_inspection_robot_control/test/test_cabinet_knob_grasp_contract.py . [ 50%]
.                                                                        [100%]

- generated xml file: /home/live/work01/build/xczs_inspection_robot_control/test_results/xczs_inspection_robot_control/cabinet_knob_grasp_contract_test.xunit.xml -
============================== 2 passed in 0.72s ===============================
-- run_test.py: return code 0
-- run_test.py: verify result file '/home/live/work01/build/xczs_inspection_robot_control/test_results/xczs_inspection_robot_control/cabinet_knob_grasp_contract_test.xunit.xml'
</Value>
				</Measurement>
			</Results>
			<Labels>
				<Label>pytest</Label>
			</Labels>
		</Test>
		<EndDateTime>Aug 20 15:27 CST</EndDateTime>
		<EndTestTime>1787210861</EndTestTime>
		<ElapsedMinutes>0</ElapsedMinutes>
	</Testing>
</Site>
