<?xml version="1.0" encoding="UTF-8"?>
<Site BuildName="(empty)"
	BuildStamp="20260823-1646-Experimental"
	Name="live"
	Generator="ctest-3.22.1"
	CompilerName="/usr/bin/c++"
	CompilerVersion="11.4.0"
	OSName="Linux"
	Hostname="live"
	OSRelease="6.8.0-136-generic"
	OSVersion="#136~22.04.1-Ubuntu SMP PREEMPT_DYNAMIC Fri Jul  3 16:29:11 UTC "
	OSPlatform="x86_64"
	Is64Bits="1"
	VendorString="AuthenticAMD"
	VendorID="Advanced Micro Devices"
	FamilyID="25"
	ModelID="80"
	ProcessorCacheSize="512"
	NumberOfLogicalCPU="12"
	NumberOfPhysicalCPU="6"
	TotalVirtualMemory="19072"
	TotalPhysicalMemory="15843"
	LogicalProcessorsPerPhysical="2"
	ProcessorClockFrequency="3699.17"
	>
	<Testing>
		<StartDateTime>Aug 24 00:46 CST</StartDateTime>
		<StartTestTime>1787503579</StartTestTime>
		<TestList>
			<Test>./operation_lease_state_test</Test>
			<Test>./router_utils_test</Test>
			<Test>./planning_scene_profile_test</Test>
			<Test>./operation_validation_policy_test</Test>
			<Test>./action_and_control_state_policy_test</Test>
			<Test>./cabinet_pose_frame_contract_test</Test>
			<Test>./cabinet_button_operator_kinematics_test</Test>
			<Test>./launch_startup_policy_test</Test>
			<Test>./verify_initial_pose_test</Test>
			<Test>./cabinet_knob_grasp_contract_test</Test>
			<Test>./operator_tf_buffer_contract_test</Test>
			<Test>./tool_business_point_contract_test</Test>
		</TestList>
		<Test Status="passed">
			<Name>operation_lease_state_test</Name>
			<Path>.</Path>
			<FullName>./operation_lease_state_test</FullName>
			<FullCommandLine>/usr/bin/python3 "-u" "/opt/ros/humble/share/ament_cmake_test/cmake/run_test.py" "/home/live/work01/build/xczs_inspection_robot_control/test_results/xczs_inspection_robot_control/operation_lease_state_test.gtest.xml" "--package-name" "xczs_inspection_robot_control" "--output-file" "/home/live/work01/build/xczs_inspection_robot_control/ament_cmake_gtest/operation_lease_state_test.txt" "--command" "/home/live/work01/build/xczs_inspection_robot_control/operation_lease_state_test" "--gtest_output=xml:/home/live/work01/build/xczs_inspection_robot_control/test_results/xczs_inspection_robot_control/operation_lease_state_test.gtest.xml"</FullCommandLine>
			<Results>
				<NamedMeasurement type="numeric/double" name="Execution Time">
					<Value>0.0612797</Value>
				</NamedMeasurement>
				<NamedMeasurement type="numeric/double" name="Processors">
					<Value>1</Value>
				</NamedMeasurement>
				<NamedMeasurement type="text/string" name="Completion Status">
					<Value>Completed</Value>
				</NamedMeasurement>
				<NamedMeasurement type="text/string" name="Command Line">
					<Value>/usr/bin/python3 "-u" "/opt/ros/humble/share/ament_cmake_test/cmake/run_test.py" "/home/live/work01/build/xczs_inspection_robot_control/test_results/xczs_inspection_robot_control/operation_lease_state_test.gtest.xml" "--package-name" "xczs_inspection_robot_control" "--output-file" "/home/live/work01/build/xczs_inspection_robot_control/ament_cmake_gtest/operation_lease_state_test.txt" "--command" "/home/live/work01/build/xczs_inspection_robot_control/operation_lease_state_test" "--gtest_output=xml:/home/live/work01/build/xczs_inspection_robot_control/test_results/xczs_inspection_robot_control/operation_lease_state_test.gtest.xml"</Value>
				</NamedMeasurement>
				<NamedMeasurement type="text/string" name="Environment">
					<Value>#CTEST_RESOURCE_GROUP_COUNT=</Value>
				</NamedMeasurement>
				<Measurement>
					<Value>-- run_test.py: invoking following command in '/home/live/work01/build/xczs_inspection_robot_control':
 - /home/live/work01/build/xczs_inspection_robot_control/operation_lease_state_test --gtest_output=xml:/home/live/work01/build/xczs_inspection_robot_control/test_results/xczs_inspection_robot_control/operation_lease_state_test.gtest.xml
Running main() from /opt/ros/humble/src/gtest_vendor/src/gtest_main.cc
[==========] Running 5 tests from 1 test suite.
[----------] Global test environment set-up.
[----------] 5 tests from OperationLeaseState
[ RUN      ] OperationLeaseState.ExcludesOtherOwnersAndAllowsRelease
[       OK ] OperationLeaseState.ExcludesOtherOwnersAndAllowsRelease (0 ms)
[ RUN      ] OperationLeaseState.ConcurrentAcquireHasExactlyOneWinner
[       OK ] OperationLeaseState.ConcurrentAcquireHasExactlyOneWinner (1 ms)
[ RUN      ] OperationLeaseState.RenewalExtendsLeaseAndStaleTokenCannotRelease
[       OK ] OperationLeaseState.RenewalExtendsLeaseAndStaleTokenCannotRelease (0 ms)
[ RUN      ] OperationLeaseState.ExpiredOwnerCannotRenewAndResourceRecovers
[       OK ] OperationLeaseState.ExpiredOwnerCannotRenewAndResourceRecovers (0 ms)
[ RUN      ] OperationLeaseState.SubTickDurationIsRejected
[       OK ] OperationLeaseState.SubTickDurationIsRejected (0 ms)
[----------] 5 tests from OperationLeaseState (1 ms total)

[----------] Global test environment tear-down
[==========] 5 tests from 1 test suite ran. (1 ms total)
[  PASSED  ] 5 tests.
-- run_test.py: return code 0
-- run_test.py: inject classname prefix into gtest result file '/home/live/work01/build/xczs_inspection_robot_control/test_results/xczs_inspection_robot_control/operation_lease_state_test.gtest.xml'
-- run_test.py: verify result file '/home/live/work01/build/xczs_inspection_robot_control/test_results/xczs_inspection_robot_control/operation_lease_state_test.gtest.xml'
</Value>
				</Measurement>
			</Results>
			<Labels>
				<Label>gtest</Label>
			</Labels>
		</Test>
		<Test Status="passed">
			<Name>router_utils_test</Name>
			<Path>.</Path>
			<FullName>./router_utils_test</FullName>
			<FullCommandLine>/usr/bin/python3 "-u" "/opt/ros/humble/share/ament_cmake_test/cmake/run_test.py" "/home/live/work01/build/xczs_inspection_robot_control/test_results/xczs_inspection_robot_control/router_utils_test.gtest.xml" "--package-name" "xczs_inspection_robot_control" "--output-file" "/home/live/work01/build/xczs_inspection_robot_control/ament_cmake_gtest/router_utils_test.txt" "--command" "/home/live/work01/build/xczs_inspection_robot_control/router_utils_test" "--gtest_output=xml:/home/live/work01/build/xczs_inspection_robot_control/test_results/xczs_inspection_robot_control/router_utils_test.gtest.xml"</FullCommandLine>
			<Results>
				<NamedMeasurement type="numeric/double" name="Execution Time">
					<Value>0.0529759</Value>
				</NamedMeasurement>
				<NamedMeasurement type="numeric/double" name="Processors">
					<Value>1</Value>
				</NamedMeasurement>
				<NamedMeasurement type="text/string" name="Completion Status">
					<Value>Completed</Value>
				</NamedMeasurement>
				<NamedMeasurement type="text/string" name="Command Line">
					<Value>/usr/bin/python3 "-u" "/opt/ros/humble/share/ament_cmake_test/cmake/run_test.py" "/home/live/work01/build/xczs_inspection_robot_control/test_results/xczs_inspection_robot_control/router_utils_test.gtest.xml" "--package-name" "xczs_inspection_robot_control" "--output-file" "/home/live/work01/build/xczs_inspection_robot_control/ament_cmake_gtest/router_utils_test.txt" "--command" "/home/live/work01/build/xczs_inspection_robot_control/router_utils_test" "--gtest_output=xml:/home/live/work01/build/xczs_inspection_robot_control/test_results/xczs_inspection_robot_control/router_utils_test.gtest.xml"</Value>
				</NamedMeasurement>
				<NamedMeasurement type="text/string" name="Environment">
					<Value>#CTEST_RESOURCE_GROUP_COUNT=</Value>
				</NamedMeasurement>
				<Measurement>
					<Value>-- run_test.py: invoking following command in '/home/live/work01/build/xczs_inspection_robot_control':
 - /home/live/work01/build/xczs_inspection_robot_control/router_utils_test --gtest_output=xml:/home/live/work01/build/xczs_inspection_robot_control/test_results/xczs_inspection_robot_control/router_utils_test.gtest.xml
Running main() from /opt/ros/humble/src/gtest_vendor/src/gtest_main.cc
[==========] Running 7 tests from 1 test suite.
[----------] Global test environment set-up.
[----------] 7 tests from RouterUtils
[ RUN      ] RouterUtils.RotatesPlanarVelocityByConfiguredYaw
[       OK ] RouterUtils.RotatesPlanarVelocityByConfiguredYaw (0 ms)
[ RUN      ] RouterUtils.RotationPreservesPlanarMagnitude
[       OK ] RouterUtils.RotationPreservesPlanarMagnitude (0 ms)
[ RUN      ] RouterUtils.UsesTheSameOffsetForDockingFrameYaw
[       OK ] RouterUtils.UsesTheSameOffsetForDockingFrameYaw (0 ms)
[ RUN      ] RouterUtils.RejectsInvalidJointGroups
[       OK ] RouterUtils.RejectsInvalidJointGroups (0 ms)
[ RUN      ] RouterUtils.ValidatesRequiredAndOptionalTrajectoryFields
[       OK ] RouterUtils.ValidatesRequiredAndOptionalTrajectoryFields (0 ms)
[ RUN      ] RouterUtils.ValidatesStrictlyIncreasingTrajectoryDurations
[       OK ] RouterUtils.ValidatesStrictlyIncreasingTrajectoryDurations (0 ms)
[ RUN      ] RouterUtils.GatesOnlyEmbeddedNavigationRequests
[       OK ] RouterUtils.GatesOnlyEmbeddedNavigationRequests (0 ms)
[----------] 7 tests from RouterUtils (0 ms total)

[----------] Global test environment tear-down
[==========] 7 tests from 1 test suite ran. (1 ms total)
[  PASSED  ] 7 tests.
-- run_test.py: return code 0
-- run_test.py: inject classname prefix into gtest result file '/home/live/work01/build/xczs_inspection_robot_control/test_results/xczs_inspection_robot_control/router_utils_test.gtest.xml'
-- run_test.py: verify result file '/home/live/work01/build/xczs_inspection_robot_control/test_results/xczs_inspection_robot_control/router_utils_test.gtest.xml'
</Value>
				</Measurement>
			</Results>
			<Labels>
				<Label>gtest</Label>
			</Labels>
		</Test>
		<Test Status="passed">
			<Name>planning_scene_profile_test</Name>
			<Path>.</Path>
			<FullName>./planning_scene_profile_test</FullName>
			<FullCommandLine>/usr/bin/python3 "-u" "/opt/ros/humble/share/ament_cmake_test/cmake/run_test.py" "/home/live/work01/build/xczs_inspection_robot_control/test_results/xczs_inspection_robot_control/planning_scene_profile_test.gtest.xml" "--package-name" "xczs_inspection_robot_control" "--output-file" "/home/live/work01/build/xczs_inspection_robot_control/ament_cmake_gtest/planning_scene_profile_test.txt" "--command" "/home/live/work01/build/xczs_inspection_robot_control/planning_scene_profile_test" "--gtest_output=xml:/home/live/work01/build/xczs_inspection_robot_control/test_results/xczs_inspection_robot_control/planning_scene_profile_test.gtest.xml"</FullCommandLine>
			<Results>
				<NamedMeasurement type="numeric/double" name="Execution Time">
					<Value>0.0537849</Value>
				</NamedMeasurement>
				<NamedMeasurement type="numeric/double" name="Processors">
					<Value>1</Value>
				</NamedMeasurement>
				<NamedMeasurement type="text/string" name="Completion Status">
					<Value>Completed</Value>
				</NamedMeasurement>
				<NamedMeasurement type="text/string" name="Command Line">
					<Value>/usr/bin/python3 "-u" "/opt/ros/humble/share/ament_cmake_test/cmake/run_test.py" "/home/live/work01/build/xczs_inspection_robot_control/test_results/xczs_inspection_robot_control/planning_scene_profile_test.gtest.xml" "--package-name" "xczs_inspection_robot_control" "--output-file" "/home/live/work01/build/xczs_inspection_robot_control/ament_cmake_gtest/planning_scene_profile_test.txt" "--command" "/home/live/work01/build/xczs_inspection_robot_control/planning_scene_profile_test" "--gtest_output=xml:/home/live/work01/build/xczs_inspection_robot_control/test_results/xczs_inspection_robot_control/planning_scene_profile_test.gtest.xml"</Value>
				</NamedMeasurement>
				<NamedMeasurement type="text/string" name="Environment">
					<Value>#CTEST_RESOURCE_GROUP_COUNT=</Value>
				</NamedMeasurement>
				<Measurement>
					<Value>-- run_test.py: invoking following command in '/home/live/work01/build/xczs_inspection_robot_control':
 - /home/live/work01/build/xczs_inspection_robot_control/planning_scene_profile_test --gtest_output=xml:/home/live/work01/build/xczs_inspection_robot_control/test_results/xczs_inspection_robot_control/planning_scene_profile_test.gtest.xml
Running main() from /opt/ros/humble/src/gtest_vendor/src/gtest_main.cc
[==========] Running 7 tests from 1 test suite.
[----------] Global test environment set-up.
[----------] 7 tests from PlanningSceneProfile
[ RUN      ] PlanningSceneProfile.AcceptsButtonAndKnobOnlyDevice
[       OK ] PlanningSceneProfile.AcceptsButtonAndKnobOnlyDevice (0 ms)
[ RUN      ] PlanningSceneProfile.AcceptsDoorWithoutSwitch
[       OK ] PlanningSceneProfile.AcceptsDoorWithoutSwitch (0 ms)
[ RUN      ] PlanningSceneProfile.AcceptsUnparentedSwitchWithoutDoor
[       OK ] PlanningSceneProfile.AcceptsUnparentedSwitchWithoutDoor (0 ms)
[ RUN      ] PlanningSceneProfile.AcceptsSwitchParentedToDoor
[       OK ] PlanningSceneProfile.AcceptsSwitchParentedToDoor (0 ms)
[ RUN      ] PlanningSceneProfile.RejectsMissingSwitchParent
[       OK ] PlanningSceneProfile.RejectsMissingSwitchParent (0 ms)
[ RUN      ] PlanningSceneProfile.RejectsSwitchParentThatIsNotDoor
[       OK ] PlanningSceneProfile.RejectsSwitchParentThatIsNotDoor (0 ms)
[ RUN      ] PlanningSceneProfile.RejectsMultipleDoorsOrSwitches
[       OK ] PlanningSceneProfile.RejectsMultipleDoorsOrSwitches (0 ms)
[----------] 7 tests from PlanningSceneProfile (0 ms total)

[----------] Global test environment tear-down
[==========] 7 tests from 1 test suite ran. (0 ms total)
[  PASSED  ] 7 tests.
-- run_test.py: return code 0
-- run_test.py: inject classname prefix into gtest result file '/home/live/work01/build/xczs_inspection_robot_control/test_results/xczs_inspection_robot_control/planning_scene_profile_test.gtest.xml'
-- run_test.py: verify result file '/home/live/work01/build/xczs_inspection_robot_control/test_results/xczs_inspection_robot_control/planning_scene_profile_test.gtest.xml'
</Value>
				</Measurement>
			</Results>
			<Labels>
				<Label>gtest</Label>
			</Labels>
		</Test>
		<Test Status="passed">
			<Name>operation_validation_policy_test</Name>
			<Path>.</Path>
			<FullName>./operation_validation_policy_test</FullName>
			<FullCommandLine>/usr/bin/python3 "-u" "/opt/ros/humble/share/ament_cmake_test/cmake/run_test.py" "/home/live/work01/build/xczs_inspection_robot_control/test_results/xczs_inspection_robot_control/operation_validation_policy_test.gtest.xml" "--package-name" "xczs_inspection_robot_control" "--output-file" "/home/live/work01/build/xczs_inspection_robot_control/ament_cmake_gtest/operation_validation_policy_test.txt" "--command" "/home/live/work01/build/xczs_inspection_robot_control/operation_validation_policy_test" "--gtest_output=xml:/home/live/work01/build/xczs_inspection_robot_control/test_results/xczs_inspection_robot_control/operation_validation_policy_test.gtest.xml"</FullCommandLine>
			<Results>
				<NamedMeasurement type="numeric/double" name="Execution Time">
					<Value>0.0539252</Value>
				</NamedMeasurement>
				<NamedMeasurement type="numeric/double" name="Processors">
					<Value>1</Value>
				</NamedMeasurement>
				<NamedMeasurement type="text/string" name="Completion Status">
					<Value>Completed</Value>
				</NamedMeasurement>
				<NamedMeasurement type="text/string" name="Command Line">
					<Value>/usr/bin/python3 "-u" "/opt/ros/humble/share/ament_cmake_test/cmake/run_test.py" "/home/live/work01/build/xczs_inspection_robot_control/test_results/xczs_inspection_robot_control/operation_validation_policy_test.gtest.xml" "--package-name" "xczs_inspection_robot_control" "--output-file" "/home/live/work01/build/xczs_inspection_robot_control/ament_cmake_gtest/operation_validation_policy_test.txt" "--command" "/home/live/work01/build/xczs_inspection_robot_control/operation_validation_policy_test" "--gtest_output=xml:/home/live/work01/build/xczs_inspection_robot_control/test_results/xczs_inspection_robot_control/operation_validation_policy_test.gtest.xml"</Value>
				</NamedMeasurement>
				<NamedMeasurement type="text/string" name="Environment">
					<Value>#CTEST_RESOURCE_GROUP_COUNT=</Value>
				</NamedMeasurement>
				<Measurement>
					<Value>-- run_test.py: invoking following command in '/home/live/work01/build/xczs_inspection_robot_control':
 - /home/live/work01/build/xczs_inspection_robot_control/operation_validation_policy_test --gtest_output=xml:/home/live/work01/build/xczs_inspection_robot_control/test_results/xczs_inspection_robot_control/operation_validation_policy_test.gtest.xml
Running main() from /opt/ros/humble/src/gtest_vendor/src/gtest_main.cc
[==========] Running 19 tests from 3 test suites.
[----------] Global test environment set-up.
[----------] 11 tests from OperationValidationPolicy
[ RUN      ] OperationValidationPolicy.PlanningOnlyPreparationNeverOwnsBaseMotion
[       OK ] OperationValidationPolicy.PlanningOnlyPreparationNeverOwnsBaseMotion (0 ms)
[ RUN      ] OperationValidationPolicy.PhysicalPreparationUsesConfiguredMotionLayers
[       OK ] OperationValidationPolicy.PhysicalPreparationUsesConfiguredMotionLayers (0 ms)
[ RUN      ] OperationValidationPolicy.AcceptedOrPendingGoalDoesNotOwnMotionResources
[       OK ] OperationValidationPolicy.AcceptedOrPendingGoalDoesNotOwnMotionResources (0 ms)
[ RUN      ] OperationValidationPolicy.ActivePhysicalGoalOwnsResourcesAfterLease
[       OK ] OperationValidationPolicy.ActivePhysicalGoalOwnsResourcesAfterLease (0 ms)
[ RUN      ] OperationValidationPolicy.PlanningOnlyNeverOwnsMotionResources
[       OK ] OperationValidationPolicy.PlanningOnlyNeverOwnsMotionResources (0 ms)
[ RUN      ] OperationValidationPolicy.UnverifiedControlRequiresPlanningOnly
[       OK ] OperationValidationPolicy.UnverifiedControlRequiresPlanningOnly (0 ms)
[ RUN      ] OperationValidationPolicy.VerifiedControlMayUsePhysicalExecution
[       OK ] OperationValidationPolicy.VerifiedControlMayUsePhysicalExecution (0 ms)
[ RUN      ] OperationValidationPolicy.ValidationAlwaysBlocksPhysicalMotion
[       OK ] OperationValidationPolicy.ValidationAlwaysBlocksPhysicalMotion (0 ms)
[ RUN      ] OperationValidationPolicy.PreflightAndDockingFailuresNeedNoRecoveryMotion
[       OK ] OperationValidationPolicy.PreflightAndDockingFailuresNeedNoRecoveryMotion (0 ms)
[ RUN      ] OperationValidationPolicy.ExecutedOperationStillRequiresSafetyRecovery
[       OK ] OperationValidationPolicy.ExecutedOperationStillRequiresSafetyRecovery (0 ms)
[ RUN      ] OperationValidationPolicy.EngagementFlagsConservativelyRequireRecovery
[       OK ] OperationValidationPolicy.EngagementFlagsConservativelyRequireRecovery (0 ms)
[----------] 11 tests from OperationValidationPolicy (0 ms total)

[----------] 5 tests from StagingSafetyPolicy
[ RUN      ] StagingSafetyPolicy.UsesAsymmetricFootprintInCabinetDirection
[       OK ] StagingSafetyPolicy.UsesAsymmetricFootprintInCabinetDirection (0 ms)
[ RUN      ] StagingSafetyPolicy.IncludesPaddingAndWorstDockingError
[       OK ] StagingSafetyPolicy.IncludesPaddingAndWorstDockingError (0 ms)
[ RUN      ] StagingSafetyPolicy.InvalidFootprintFailsClosed
[       OK ] StagingSafetyPolicy.InvalidFootprintFailsClosed (0 ms)
[ RUN      ] StagingSafetyPolicy.WideYawIntervalUsesEachVertexRadialExtent
[       OK ] StagingSafetyPolicy.WideYawIntervalUsesEachVertexRadialExtent (0 ms)
[ RUN      ] StagingSafetyPolicy.RequiresBothStoppedPoseErrorsWithinTolerance
[       OK ] StagingSafetyPolicy.RequiresBothStoppedPoseErrorsWithinTolerance (0 ms)
[----------] 5 tests from StagingSafetyPolicy (0 ms total)

[----------] 3 tests from RotaryOperationPolicy
[ RUN      ] RotaryOperationPolicy.TransitionMatrixUsesSourceThenTarget
[       OK ] RotaryOperationPolicy.TransitionMatrixUsesSourceThenTarget (0 ms)
[ RUN      ] RotaryOperationPolicy.ThreePositionKnobRejectsOnlySkippedDetent
[       OK ] RotaryOperationPolicy.ThreePositionKnobRejectsOnlySkippedDetent (0 ms)
[ RUN      ] RotaryOperationPolicy.PartialReleaseCrossesAdjacentDetentMidpoint
[       OK ] RotaryOperationPolicy.PartialReleaseCrossesAdjacentDetentMidpoint (0 ms)
[----------] 3 tests from RotaryOperationPolicy (0 ms total)

[----------] Global test environment tear-down
[==========] 19 tests from 3 test suites ran. (0 ms total)
[  PASSED  ] 19 tests.
-- run_test.py: return code 0
-- run_test.py: inject classname prefix into gtest result file '/home/live/work01/build/xczs_inspection_robot_control/test_results/xczs_inspection_robot_control/operation_validation_policy_test.gtest.xml'
-- run_test.py: verify result file '/home/live/work01/build/xczs_inspection_robot_control/test_results/xczs_inspection_robot_control/operation_validation_policy_test.gtest.xml'
</Value>
				</Measurement>
			</Results>
			<Labels>
				<Label>gtest</Label>
			</Labels>
		</Test>
		<Test Status="passed">
			<Name>action_and_control_state_policy_test</Name>
			<Path>.</Path>
			<FullName>./action_and_control_state_policy_test</FullName>
			<FullCommandLine>/usr/bin/python3 "-u" "/opt/ros/humble/share/ament_cmake_test/cmake/run_test.py" "/home/live/work01/build/xczs_inspection_robot_control/test_results/xczs_inspection_robot_control/action_and_control_state_policy_test.gtest.xml" "--package-name" "xczs_inspection_robot_control" "--output-file" "/home/live/work01/build/xczs_inspection_robot_control/ament_cmake_gtest/action_and_control_state_policy_test.txt" "--command" "/home/live/work01/build/xczs_inspection_robot_control/action_and_control_state_policy_test" "--gtest_output=xml:/home/live/work01/build/xczs_inspection_robot_control/test_results/xczs_inspection_robot_control/action_and_control_state_policy_test.gtest.xml"</FullCommandLine>
			<Results>
				<NamedMeasurement type="numeric/double" name="Execution Time">
					<Value>0.0612012</Value>
				</NamedMeasurement>
				<NamedMeasurement type="numeric/double" name="Processors">
					<Value>1</Value>
				</NamedMeasurement>
				<NamedMeasurement type="text/string" name="Completion Status">
					<Value>Completed</Value>
				</NamedMeasurement>
				<NamedMeasurement type="text/string" name="Command Line">
					<Value>/usr/bin/python3 "-u" "/opt/ros/humble/share/ament_cmake_test/cmake/run_test.py" "/home/live/work01/build/xczs_inspection_robot_control/test_results/xczs_inspection_robot_control/action_and_control_state_policy_test.gtest.xml" "--package-name" "xczs_inspection_robot_control" "--output-file" "/home/live/work01/build/xczs_inspection_robot_control/ament_cmake_gtest/action_and_control_state_policy_test.txt" "--command" "/home/live/work01/build/xczs_inspection_robot_control/action_and_control_state_policy_test" "--gtest_output=xml:/home/live/work01/build/xczs_inspection_robot_control/test_results/xczs_inspection_robot_control/action_and_control_state_policy_test.gtest.xml"</Value>
				</NamedMeasurement>
				<NamedMeasurement type="text/string" name="Environment">
					<Value>#CTEST_RESOURCE_GROUP_COUNT=</Value>
				</NamedMeasurement>
				<Measurement>
					<Value>-- run_test.py: invoking following command in '/home/live/work01/build/xczs_inspection_robot_control':
 - /home/live/work01/build/xczs_inspection_robot_control/action_and_control_state_policy_test --gtest_output=xml:/home/live/work01/build/xczs_inspection_robot_control/test_results/xczs_inspection_robot_control/action_and_control_state_policy_test.gtest.xml
Running main() from /opt/ros/humble/src/gtest_vendor/src/gtest_main.cc
[==========] Running 22 tests from 3 test suites.
[----------] Global test environment set-up.
[----------] 5 tests from ActionTerminalPolicy
[ RUN      ] ActionTerminalPolicy.PhysicalSuccessWinsAConcurrentLateCancel
[       OK ] ActionTerminalPolicy.PhysicalSuccessWinsAConcurrentLateCancel (0 ms)
[ RUN      ] ActionTerminalPolicy.CancelWinsOnlyBeforeSuccessIsCommitted
[       OK ] ActionTerminalPolicy.CancelWinsOnlyBeforeSuccessIsCommitted (0 ms)
[ RUN      ] ActionTerminalPolicy.AppliesEveryTerminalDispositionExactlyOnce
[       OK ] ActionTerminalPolicy.AppliesEveryTerminalDispositionExactlyOnce (0 ms)
[ RUN      ] ActionTerminalPolicy.CancelIsAcceptedBeforePhysicalCommit
[       OK ] ActionTerminalPolicy.CancelIsAcceptedBeforePhysicalCommit (0 ms)
[ RUN      ] ActionTerminalPolicy.CancelIsRejectedAfterPhysicalCommit
[       OK ] ActionTerminalPolicy.CancelIsRejectedAfterPhysicalCommit (0 ms)
[----------] 5 tests from ActionTerminalPolicy (0 ms total)

[----------] 8 tests from StructuredControlStatePolicy
[ RUN      ] StructuredControlStatePolicy.RejectsDeclaredInvalidAndNonFiniteSamples
[       OK ] StructuredControlStatePolicy.RejectsDeclaredInvalidAndNonFiniteSamples (0 ms)
[ RUN      ] StructuredControlStatePolicy.IgnoresAnotherControlsSample
[       OK ] StructuredControlStatePolicy.IgnoresAnotherControlsSample (0 ms)
[ RUN      ] StructuredControlStatePolicy.JointTrafficCannotKeepStructuredStateAlive
[       OK ] StructuredControlStatePolicy.JointTrafficCannotKeepStructuredStateAlive (0 ms)
[ RUN      ] StructuredControlStatePolicy.AcceptsFreshStationaryInitialDetentSample
[       OK ] StructuredControlStatePolicy.AcceptsFreshStationaryInitialDetentSample (0 ms)
[ RUN      ] StructuredControlStatePolicy.WaitsForUsableAndStationarySamples
[       OK ] StructuredControlStatePolicy.WaitsForUsableAndStationarySamples (0 ms)
[ RUN      ] StructuredControlStatePolicy.DetectsInitialStateOrPositionChange
[       OK ] StructuredControlStatePolicy.DetectsInitialStateOrPositionChange (0 ms)
[ RUN      ] StructuredControlStatePolicy.FailsClosedForNonFiniteStabilityInputs
[       OK ] StructuredControlStatePolicy.FailsClosedForNonFiniteStabilityInputs (0 ms)
[ RUN      ] StructuredControlStatePolicy.TracksNegativeMotionAsAbsolutePeak
[       OK ] StructuredControlStatePolicy.TracksNegativeMotionAsAbsolutePeak (0 ms)
[----------] 8 tests from StructuredControlStatePolicy (0 ms total)

[----------] 9 tests from CabinetGraspSafetyPolicy
[ RUN      ] CabinetGraspSafetyPolicy.RequiresGraspExactlyForNonButtons
[       OK ] CabinetGraspSafetyPolicy.RequiresGraspExactlyForNonButtons (0 ms)
[ RUN      ] CabinetGraspSafetyPolicy.RejectsNonFiniteRobotGraspPoints
[       OK ] CabinetGraspSafetyPolicy.RejectsNonFiniteRobotGraspPoints (0 ms)
[ RUN      ] CabinetGraspSafetyPolicy.WatchdogArmsOnlyForOperationActivity
[       OK ] CabinetGraspSafetyPolicy.WatchdogArmsOnlyForOperationActivity (0 ms)
[ RUN      ] CabinetGraspSafetyPolicy.ActiveWatchdogFailsClosedOnInvalidTiming
[       OK ] CabinetGraspSafetyPolicy.ActiveWatchdogFailsClosedOnInvalidTiming (0 ms)
[ RUN      ] CabinetGraspSafetyPolicy.OperationSessionRequiresExactControlAndLease
[       OK ] CabinetGraspSafetyPolicy.OperationSessionRequiresExactControlAndLease (0 ms)
[ RUN      ] CabinetGraspSafetyPolicy.StaleReleaseCannotMatchSuccessorLease
[       OK ] CabinetGraspSafetyPolicy.StaleReleaseCannotMatchSuccessorLease (0 ms)
[ RUN      ] CabinetGraspSafetyPolicy.StaleFaultCannotCancelAnotherLease
[       OK ] CabinetGraspSafetyPolicy.StaleFaultCannotCancelAnotherLease (0 ms)
[ RUN      ] CabinetGraspSafetyPolicy.AcceptsOnlySettledPregraspDetent
[       OK ] CabinetGraspSafetyPolicy.AcceptsOnlySettledPregraspDetent (0 ms)
[ RUN      ] CabinetGraspSafetyPolicy.FailsClosedForInvalidMeasurementsOrLimits
[       OK ] CabinetGraspSafetyPolicy.FailsClosedForInvalidMeasurementsOrLimits (0 ms)
[----------] 9 tests from CabinetGraspSafetyPolicy (0 ms total)

[----------] Global test environment tear-down
[==========] 22 tests from 3 test suites ran. (0 ms total)
[  PASSED  ] 22 tests.
-- run_test.py: return code 0
-- run_test.py: inject classname prefix into gtest result file '/home/live/work01/build/xczs_inspection_robot_control/test_results/xczs_inspection_robot_control/action_and_control_state_policy_test.gtest.xml'
-- run_test.py: verify result file '/home/live/work01/build/xczs_inspection_robot_control/test_results/xczs_inspection_robot_control/action_and_control_state_policy_test.gtest.xml'
</Value>
				</Measurement>
			</Results>
			<Labels>
				<Label>gtest</Label>
			</Labels>
		</Test>
		<Test Status="passed">
			<Name>cabinet_pose_frame_contract_test</Name>
			<Path>.</Path>
			<FullName>./cabinet_pose_frame_contract_test</FullName>
			<FullCommandLine>/usr/bin/python3 "-u" "/opt/ros/humble/share/ament_cmake_test/cmake/run_test.py" "/home/live/work01/build/xczs_inspection_robot_control/test_results/xczs_inspection_robot_control/cabinet_pose_frame_contract_test.gtest.xml" "--package-name" "xczs_inspection_robot_control" "--output-file" "/home/live/work01/build/xczs_inspection_robot_control/ament_cmake_gtest/cabinet_pose_frame_contract_test.txt" "--command" "/home/live/work01/build/xczs_inspection_robot_control/cabinet_pose_frame_contract_test" "--gtest_output=xml:/home/live/work01/build/xczs_inspection_robot_control/test_results/xczs_inspection_robot_control/cabinet_pose_frame_contract_test.gtest.xml"</FullCommandLine>
			<Results>
				<NamedMeasurement type="numeric/double" name="Execution Time">
					<Value>0.0538245</Value>
				</NamedMeasurement>
				<NamedMeasurement type="numeric/double" name="Processors">
					<Value>1</Value>
				</NamedMeasurement>
				<NamedMeasurement type="text/string" name="Completion Status">
					<Value>Completed</Value>
				</NamedMeasurement>
				<NamedMeasurement type="text/string" name="Command Line">
					<Value>/usr/bin/python3 "-u" "/opt/ros/humble/share/ament_cmake_test/cmake/run_test.py" "/home/live/work01/build/xczs_inspection_robot_control/test_results/xczs_inspection_robot_control/cabinet_pose_frame_contract_test.gtest.xml" "--package-name" "xczs_inspection_robot_control" "--output-file" "/home/live/work01/build/xczs_inspection_robot_control/ament_cmake_gtest/cabinet_pose_frame_contract_test.txt" "--command" "/home/live/work01/build/xczs_inspection_robot_control/cabinet_pose_frame_contract_test" "--gtest_output=xml:/home/live/work01/build/xczs_inspection_robot_control/test_results/xczs_inspection_robot_control/cabinet_pose_frame_contract_test.gtest.xml"</Value>
				</NamedMeasurement>
				<NamedMeasurement type="text/string" name="Environment">
					<Value>#CTEST_RESOURCE_GROUP_COUNT=</Value>
				</NamedMeasurement>
				<Measurement>
					<Value>-- run_test.py: invoking following command in '/home/live/work01/build/xczs_inspection_robot_control':
 - /home/live/work01/build/xczs_inspection_robot_control/cabinet_pose_frame_contract_test --gtest_output=xml:/home/live/work01/build/xczs_inspection_robot_control/test_results/xczs_inspection_robot_control/cabinet_pose_frame_contract_test.gtest.xml
Running main() from /opt/ros/humble/src/gtest_vendor/src/gtest_main.cc
[==========] Running 1 test from 1 test suite.
[----------] Global test environment set-up.
[----------] 1 test from CabinetPoseFrameContract
[ RUN      ] CabinetPoseFrameContract.SpawnAndPoseAuthorityShareOdomWorld
[       OK ] CabinetPoseFrameContract.SpawnAndPoseAuthorityShareOdomWorld (0 ms)
[----------] 1 test from CabinetPoseFrameContract (0 ms total)

[----------] Global test environment tear-down
[==========] 1 test from 1 test suite ran. (0 ms total)
[  PASSED  ] 1 test.
-- run_test.py: return code 0
-- run_test.py: inject classname prefix into gtest result file '/home/live/work01/build/xczs_inspection_robot_control/test_results/xczs_inspection_robot_control/cabinet_pose_frame_contract_test.gtest.xml'
-- run_test.py: verify result file '/home/live/work01/build/xczs_inspection_robot_control/test_results/xczs_inspection_robot_control/cabinet_pose_frame_contract_test.gtest.xml'
</Value>
				</Measurement>
			</Results>
			<Labels>
				<Label>gtest</Label>
			</Labels>
		</Test>
		<Test Status="passed">
			<Name>cabinet_button_operator_kinematics_test</Name>
			<Path>.</Path>
			<FullName>./cabinet_button_operator_kinematics_test</FullName>
			<FullCommandLine>/usr/bin/python3 "-u" "/opt/ros/humble/share/ament_cmake_test/cmake/run_test.py" "/home/live/work01/build/xczs_inspection_robot_control/test_results/xczs_inspection_robot_control/cabinet_button_operator_kinematics_test.gtest.xml" "--package-name" "xczs_inspection_robot_control" "--output-file" "/home/live/work01/build/xczs_inspection_robot_control/ament_cmake_gtest/cabinet_button_operator_kinematics_test.txt" "--command" "/home/live/work01/build/xczs_inspection_robot_control/cabinet_button_operator_kinematics_test" "--gtest_output=xml:/home/live/work01/build/xczs_inspection_robot_control/test_results/xczs_inspection_robot_control/cabinet_button_operator_kinematics_test.gtest.xml"</FullCommandLine>
			<Results>
				<NamedMeasurement type="numeric/double" name="Execution Time">
					<Value>0.0671769</Value>
				</NamedMeasurement>
				<NamedMeasurement type="numeric/double" name="Processors">
					<Value>1</Value>
				</NamedMeasurement>
				<NamedMeasurement type="text/string" name="Completion Status">
					<Value>Completed</Value>
				</NamedMeasurement>
				<NamedMeasurement type="text/string" name="Command Line">
					<Value>/usr/bin/python3 "-u" "/opt/ros/humble/share/ament_cmake_test/cmake/run_test.py" "/home/live/work01/build/xczs_inspection_robot_control/test_results/xczs_inspection_robot_control/cabinet_button_operator_kinematics_test.gtest.xml" "--package-name" "xczs_inspection_robot_control" "--output-file" "/home/live/work01/build/xczs_inspection_robot_control/ament_cmake_gtest/cabinet_button_operator_kinematics_test.txt" "--command" "/home/live/work01/build/xczs_inspection_robot_control/cabinet_button_operator_kinematics_test" "--gtest_output=xml:/home/live/work01/build/xczs_inspection_robot_control/test_results/xczs_inspection_robot_control/cabinet_button_operator_kinematics_test.gtest.xml"</Value>
				</NamedMeasurement>
				<NamedMeasurement type="text/string" name="Environment">
					<Value>#CTEST_RESOURCE_GROUP_COUNT=</Value>
				</NamedMeasurement>
				<Measurement>
					<Value>-- run_test.py: invoking following command in '/home/live/work01/build/xczs_inspection_robot_control':
 - /home/live/work01/build/xczs_inspection_robot_control/cabinet_button_operator_kinematics_test --gtest_output=xml:/home/live/work01/build/xczs_inspection_robot_control/test_results/xczs_inspection_robot_control/cabinet_button_operator_kinematics_test.gtest.xml
Running main() from /opt/ros/humble/src/gtest_vendor/src/gtest_main.cc
[==========] Running 4 tests from 1 test suite.
[----------] Global test environment set-up.
[----------] 4 tests from ToolProfileKinematicsValidation
[ RUN      ] ToolProfileKinematicsValidation.NamesGroupWhenRobotModelIsUnavailable
[       OK ] ToolProfileKinematicsValidation.NamesGroupWhenRobotModelIsUnavailable (0 ms)
[ RUN      ] ToolProfileKinematicsValidation.RejectsAndNamesMissingJointModelGroup
[INFO] [1787503580.293123530] [moveit_robot_model.robot_model]: Loading robot model 'kinematics_validation_test_robot'...
[INFO] [1787503580.293138686] [moveit_robot_model.robot_model]: No root/virtual joint specified in SRDF. Assuming fixed joint
[WARN] [1787503580.293181778] [moveit_robot_model.robot_model]: No geometry is associated to any robot links
[ERROR] [1787503580.293202031] [moveit_robot_model.robot_model]: Group 'missing_arm' not found in model 'kinematics_validation_test_robot'
[       OK ] ToolProfileKinematicsValidation.RejectsAndNamesMissingJointModelGroup (1 ms)
[ RUN      ] ToolProfileKinematicsValidation.RejectsExistingGroupWithoutSolver
[INFO] [1787503580.293268520] [moveit_robot_model.robot_model]: Loading robot model 'kinematics_validation_test_robot'...
[INFO] [1787503580.293274247] [moveit_robot_model.robot_model]: No root/virtual joint specified in SRDF. Assuming fixed joint
[WARN] [1787503580.293285771] [moveit_robot_model.robot_model]: No geometry is associated to any robot links
[       OK ] ToolProfileKinematicsValidation.RejectsExistingGroupWithoutSolver (0 ms)
[ RUN      ] ToolProfileKinematicsValidation.ReportsEveryInvalidUniqueProfileGroup
[INFO] [1787503580.293348209] [moveit_robot_model.robot_model]: Loading robot model 'kinematics_validation_test_robot'...
[INFO] [1787503580.293353866] [moveit_robot_model.robot_model]: No root/virtual joint specified in SRDF. Assuming fixed joint
[WARN] [1787503580.293365320] [moveit_robot_model.robot_model]: No geometry is associated to any robot links
[ERROR] [1787503580.293379218] [moveit_robot_model.robot_model]: Group 'missing_arm' not found in model 'kinematics_validation_test_robot'
[       OK ] ToolProfileKinematicsValidation.ReportsEveryInvalidUniqueProfileGroup (0 ms)
[----------] 4 tests from ToolProfileKinematicsValidation (1 ms total)

[----------] Global test environment tear-down
[==========] 4 tests from 1 test suite ran. (1 ms total)
[  PASSED  ] 4 tests.
-- run_test.py: return code 0
-- run_test.py: inject classname prefix into gtest result file '/home/live/work01/build/xczs_inspection_robot_control/test_results/xczs_inspection_robot_control/cabinet_button_operator_kinematics_test.gtest.xml'
-- run_test.py: verify result file '/home/live/work01/build/xczs_inspection_robot_control/test_results/xczs_inspection_robot_control/cabinet_button_operator_kinematics_test.gtest.xml'
</Value>
				</Measurement>
			</Results>
			<Labels>
				<Label>gtest</Label>
			</Labels>
		</Test>
		<Test Status="passed">
			<Name>launch_startup_policy_test</Name>
			<Path>.</Path>
			<FullName>./launch_startup_policy_test</FullName>
			<FullCommandLine>/usr/bin/python3 "-u" "/opt/ros/humble/share/ament_cmake_test/cmake/run_test.py" "/home/live/work01/build/xczs_inspection_robot_control/test_results/xczs_inspection_robot_control/launch_startup_policy_test.xunit.xml" "--package-name" "xczs_inspection_robot_control" "--output-file" "/home/live/work01/build/xczs_inspection_robot_control/ament_cmake_pytest/launch_startup_policy_test.txt" "--command" "/usr/bin/python3" "-u" "-m" "pytest" "/home/live/work01/xczs_inspection_robot_control/test/test_launch_startup_policy.py" "-o" "cache_dir=/home/live/work01/build/xczs_inspection_robot_control/ament_cmake_pytest/launch_startup_policy_test/.cache" "--junit-xml=/home/live/work01/build/xczs_inspection_robot_control/test_results/xczs_inspection_robot_control/launch_startup_policy_test.xunit.xml" "--junit-prefix=xczs_inspection_robot_control"</FullCommandLine>
			<Results>
				<NamedMeasurement type="numeric/double" name="Execution Time">
					<Value>0.761323</Value>
				</NamedMeasurement>
				<NamedMeasurement type="numeric/double" name="Processors">
					<Value>1</Value>
				</NamedMeasurement>
				<NamedMeasurement type="text/string" name="Completion Status">
					<Value>Completed</Value>
				</NamedMeasurement>
				<NamedMeasurement type="text/string" name="Command Line">
					<Value>/usr/bin/python3 "-u" "/opt/ros/humble/share/ament_cmake_test/cmake/run_test.py" "/home/live/work01/build/xczs_inspection_robot_control/test_results/xczs_inspection_robot_control/launch_startup_policy_test.xunit.xml" "--package-name" "xczs_inspection_robot_control" "--output-file" "/home/live/work01/build/xczs_inspection_robot_control/ament_cmake_pytest/launch_startup_policy_test.txt" "--command" "/usr/bin/python3" "-u" "-m" "pytest" "/home/live/work01/xczs_inspection_robot_control/test/test_launch_startup_policy.py" "-o" "cache_dir=/home/live/work01/build/xczs_inspection_robot_control/ament_cmake_pytest/launch_startup_policy_test/.cache" "--junit-xml=/home/live/work01/build/xczs_inspection_robot_control/test_results/xczs_inspection_robot_control/launch_startup_policy_test.xunit.xml" "--junit-prefix=xczs_inspection_robot_control"</Value>
				</NamedMeasurement>
				<NamedMeasurement type="text/string" name="Environment">
					<Value>#CTEST_RESOURCE_GROUP_COUNT=</Value>
				</NamedMeasurement>
				<Measurement>
					<Value>-- run_test.py: invoking following command in '/home/live/work01/build/xczs_inspection_robot_control':
 - /usr/bin/python3 -u -m pytest /home/live/work01/xczs_inspection_robot_control/test/test_launch_startup_policy.py -o cache_dir=/home/live/work01/build/xczs_inspection_robot_control/ament_cmake_pytest/launch_startup_policy_test/.cache --junit-xml=/home/live/work01/build/xczs_inspection_robot_control/test_results/xczs_inspection_robot_control/launch_startup_policy_test.xunit.xml --junit-prefix=xczs_inspection_robot_control
============================= test session starts ==============================
platform linux -- Python 3.10.12, pytest-8.4.2, pluggy-1.6.0
cachedir: build/xczs_inspection_robot_control/ament_cmake_pytest/launch_startup_policy_test/.cache
rootdir: /home/live/work01
plugins: ament-lint-0.12.15, ament-flake8-0.12.15, ament-xmllint-0.12.15, ament-copyright-0.12.15, launch-testing-ros-0.19.13, ament-pep257-0.12.15, launch-testing-1.0.14, anyio-4.14.2, asyncio-0.26.0, colcon-core-0.21.0, cov-3.0.0
asyncio: mode=strict, asyncio_default_fixture_loop_scope=None, asyncio_default_test_loop_scope=function
collected 29 items

../../xczs_inspection_robot_control/test/test_launch_startup_policy.py . [  3%]
............................                                             [100%]

=============================== warnings summary ===============================
../../../../../opt/ros/humble/local/lib/python3.10/dist-packages/xacro/__init__.py:115
  Warning: private variables, such as '_ConstructUnits__ConstructUnitsValue', will be normal attributes in 3.11

-- Docs: https://docs.pytest.org/en/stable/how-to/capture-warnings.html
- generated xml file: /home/live/work01/build/xczs_inspection_robot_control/test_results/xczs_inspection_robot_control/launch_startup_policy_test.xunit.xml -
======================== 29 passed, 1 warning in 0.27s =========================
-- run_test.py: return code 0
-- run_test.py: verify result file '/home/live/work01/build/xczs_inspection_robot_control/test_results/xczs_inspection_robot_control/launch_startup_policy_test.xunit.xml'
</Value>
				</Measurement>
			</Results>
			<Labels>
				<Label>pytest</Label>
			</Labels>
		</Test>
		<Test Status="passed">
			<Name>verify_initial_pose_test</Name>
			<Path>.</Path>
			<FullName>./verify_initial_pose_test</FullName>
			<FullCommandLine>/usr/bin/python3 "-u" "/opt/ros/humble/share/ament_cmake_test/cmake/run_test.py" "/home/live/work01/build/xczs_inspection_robot_control/test_results/xczs_inspection_robot_control/verify_initial_pose_test.xunit.xml" "--package-name" "xczs_inspection_robot_control" "--output-file" "/home/live/work01/build/xczs_inspection_robot_control/ament_cmake_pytest/verify_initial_pose_test.txt" "--command" "/usr/bin/python3" "-u" "-m" "pytest" "/home/live/work01/xczs_inspection_robot_control/test/test_verify_initial_pose.py" "-o" "cache_dir=/home/live/work01/build/xczs_inspection_robot_control/ament_cmake_pytest/verify_initial_pose_test/.cache" "--junit-xml=/home/live/work01/build/xczs_inspection_robot_control/test_results/xczs_inspection_robot_control/verify_initial_pose_test.xunit.xml" "--junit-prefix=xczs_inspection_robot_control"</FullCommandLine>
			<Results>
				<NamedMeasurement type="numeric/double" name="Execution Time">
					<Value>0.853876</Value>
				</NamedMeasurement>
				<NamedMeasurement type="numeric/double" name="Processors">
					<Value>1</Value>
				</NamedMeasurement>
				<NamedMeasurement type="text/string" name="Completion Status">
					<Value>Completed</Value>
				</NamedMeasurement>
				<NamedMeasurement type="text/string" name="Command Line">
					<Value>/usr/bin/python3 "-u" "/opt/ros/humble/share/ament_cmake_test/cmake/run_test.py" "/home/live/work01/build/xczs_inspection_robot_control/test_results/xczs_inspection_robot_control/verify_initial_pose_test.xunit.xml" "--package-name" "xczs_inspection_robot_control" "--output-file" "/home/live/work01/build/xczs_inspection_robot_control/ament_cmake_pytest/verify_initial_pose_test.txt" "--command" "/usr/bin/python3" "-u" "-m" "pytest" "/home/live/work01/xczs_inspection_robot_control/test/test_verify_initial_pose.py" "-o" "cache_dir=/home/live/work01/build/xczs_inspection_robot_control/ament_cmake_pytest/verify_initial_pose_test/.cache" "--junit-xml=/home/live/work01/build/xczs_inspection_robot_control/test_results/xczs_inspection_robot_control/verify_initial_pose_test.xunit.xml" "--junit-prefix=xczs_inspection_robot_control"</Value>
				</NamedMeasurement>
				<NamedMeasurement type="text/string" name="Environment">
					<Value>#CTEST_RESOURCE_GROUP_COUNT=</Value>
				</NamedMeasurement>
				<Measurement>
					<Value>-- run_test.py: invoking following command in '/home/live/work01/build/xczs_inspection_robot_control':
 - /usr/bin/python3 -u -m pytest /home/live/work01/xczs_inspection_robot_control/test/test_verify_initial_pose.py -o cache_dir=/home/live/work01/build/xczs_inspection_robot_control/ament_cmake_pytest/verify_initial_pose_test/.cache --junit-xml=/home/live/work01/build/xczs_inspection_robot_control/test_results/xczs_inspection_robot_control/verify_initial_pose_test.xunit.xml --junit-prefix=xczs_inspection_robot_control
============================= test session starts ==============================
platform linux -- Python 3.10.12, pytest-8.4.2, pluggy-1.6.0
cachedir: build/xczs_inspection_robot_control/ament_cmake_pytest/verify_initial_pose_test/.cache
rootdir: /home/live/work01
plugins: ament-lint-0.12.15, ament-flake8-0.12.15, ament-xmllint-0.12.15, ament-copyright-0.12.15, launch-testing-ros-0.19.13, ament-pep257-0.12.15, launch-testing-1.0.14, anyio-4.14.2, asyncio-0.26.0, colcon-core-0.21.0, cov-3.0.0
asyncio: mode=strict, asyncio_default_fixture_loop_scope=None, asyncio_default_test_loop_scope=function
collected 11 items

../../xczs_inspection_robot_control/test/test_verify_initial_pose.py ... [ 27%]
........                                                                 [100%]

=============================== warnings summary ===============================
../../../../../opt/ros/humble/local/lib/python3.10/dist-packages/xacro/__init__.py:115
  Warning: private variables, such as '_ConstructUnits__ConstructUnitsValue', will be normal attributes in 3.11

-- Docs: https://docs.pytest.org/en/stable/how-to/capture-warnings.html
- generated xml file: /home/live/work01/build/xczs_inspection_robot_control/test_results/xczs_inspection_robot_control/verify_initial_pose_test.xunit.xml -
======================== 11 passed, 1 warning in 0.38s =========================
-- run_test.py: return code 0
-- run_test.py: verify result file '/home/live/work01/build/xczs_inspection_robot_control/test_results/xczs_inspection_robot_control/verify_initial_pose_test.xunit.xml'
</Value>
				</Measurement>
			</Results>
			<Labels>
				<Label>pytest</Label>
			</Labels>
		</Test>
		<Test Status="passed">
			<Name>cabinet_knob_grasp_contract_test</Name>
			<Path>.</Path>
			<FullName>./cabinet_knob_grasp_contract_test</FullName>
			<FullCommandLine>/usr/bin/python3 "-u" "/opt/ros/humble/share/ament_cmake_test/cmake/run_test.py" "/home/live/work01/build/xczs_inspection_robot_control/test_results/xczs_inspection_robot_control/cabinet_knob_grasp_contract_test.xunit.xml" "--package-name" "xczs_inspection_robot_control" "--output-file" "/home/live/work01/build/xczs_inspection_robot_control/ament_cmake_pytest/cabinet_knob_grasp_contract_test.txt" "--command" "/usr/bin/python3" "-u" "-m" "pytest" "/home/live/work01/xczs_inspection_robot_control/test/test_cabinet_knob_grasp_contract.py" "-o" "cache_dir=/home/live/work01/build/xczs_inspection_robot_control/ament_cmake_pytest/cabinet_knob_grasp_contract_test/.cache" "--junit-xml=/home/live/work01/build/xczs_inspection_robot_control/test_results/xczs_inspection_robot_control/cabinet_knob_grasp_contract_test.xunit.xml" "--junit-prefix=xczs_inspection_robot_control"</FullCommandLine>
			<Results>
				<NamedMeasurement type="numeric/double" name="Execution Time">
					<Value>1.61996</Value>
				</NamedMeasurement>
				<NamedMeasurement type="numeric/double" name="Processors">
					<Value>1</Value>
				</NamedMeasurement>
				<NamedMeasurement type="text/string" name="Completion Status">
					<Value>Completed</Value>
				</NamedMeasurement>
				<NamedMeasurement type="text/string" name="Command Line">
					<Value>/usr/bin/python3 "-u" "/opt/ros/humble/share/ament_cmake_test/cmake/run_test.py" "/home/live/work01/build/xczs_inspection_robot_control/test_results/xczs_inspection_robot_control/cabinet_knob_grasp_contract_test.xunit.xml" "--package-name" "xczs_inspection_robot_control" "--output-file" "/home/live/work01/build/xczs_inspection_robot_control/ament_cmake_pytest/cabinet_knob_grasp_contract_test.txt" "--command" "/usr/bin/python3" "-u" "-m" "pytest" "/home/live/work01/xczs_inspection_robot_control/test/test_cabinet_knob_grasp_contract.py" "-o" "cache_dir=/home/live/work01/build/xczs_inspection_robot_control/ament_cmake_pytest/cabinet_knob_grasp_contract_test/.cache" "--junit-xml=/home/live/work01/build/xczs_inspection_robot_control/test_results/xczs_inspection_robot_control/cabinet_knob_grasp_contract_test.xunit.xml" "--junit-prefix=xczs_inspection_robot_control"</Value>
				</NamedMeasurement>
				<NamedMeasurement type="text/string" name="Environment">
					<Value>#CTEST_RESOURCE_GROUP_COUNT=</Value>
				</NamedMeasurement>
				<Measurement>
					<Value>-- run_test.py: invoking following command in '/home/live/work01/build/xczs_inspection_robot_control':
 - /usr/bin/python3 -u -m pytest /home/live/work01/xczs_inspection_robot_control/test/test_cabinet_knob_grasp_contract.py -o cache_dir=/home/live/work01/build/xczs_inspection_robot_control/ament_cmake_pytest/cabinet_knob_grasp_contract_test/.cache --junit-xml=/home/live/work01/build/xczs_inspection_robot_control/test_results/xczs_inspection_robot_control/cabinet_knob_grasp_contract_test.xunit.xml --junit-prefix=xczs_inspection_robot_control
============================= test session starts ==============================
platform linux -- Python 3.10.12, pytest-8.4.2, pluggy-1.6.0
cachedir: build/xczs_inspection_robot_control/ament_cmake_pytest/cabinet_knob_grasp_contract_test/.cache
rootdir: /home/live/work01
plugins: ament-lint-0.12.15, ament-flake8-0.12.15, ament-xmllint-0.12.15, ament-copyright-0.12.15, launch-testing-ros-0.19.13, ament-pep257-0.12.15, launch-testing-1.0.14, anyio-4.14.2, asyncio-0.26.0, colcon-core-0.21.0, cov-3.0.0
asyncio: mode=strict, asyncio_default_fixture_loop_scope=None, asyncio_default_test_loop_scope=function
collected 6 items

../../xczs_inspection_robot_control/test/test_cabinet_knob_grasp_contract.py . [ 16%]
.....                                                                    [100%]

=============================== warnings summary ===============================
../../../../../opt/ros/humble/local/lib/python3.10/dist-packages/xacro/__init__.py:115
  Warning: private variables, such as '_ConstructUnits__ConstructUnitsValue', will be normal attributes in 3.11

-- Docs: https://docs.pytest.org/en/stable/how-to/capture-warnings.html
- generated xml file: /home/live/work01/build/xczs_inspection_robot_control/test_results/xczs_inspection_robot_control/cabinet_knob_grasp_contract_test.xunit.xml -
========================= 6 passed, 1 warning in 1.16s =========================
-- run_test.py: return code 0
-- run_test.py: verify result file '/home/live/work01/build/xczs_inspection_robot_control/test_results/xczs_inspection_robot_control/cabinet_knob_grasp_contract_test.xunit.xml'
</Value>
				</Measurement>
			</Results>
			<Labels>
				<Label>pytest</Label>
			</Labels>
		</Test>
		<Test Status="passed">
			<Name>operator_tf_buffer_contract_test</Name>
			<Path>.</Path>
			<FullName>./operator_tf_buffer_contract_test</FullName>
			<FullCommandLine>/usr/bin/python3 "-u" "/opt/ros/humble/share/ament_cmake_test/cmake/run_test.py" "/home/live/work01/build/xczs_inspection_robot_control/test_results/xczs_inspection_robot_control/operator_tf_buffer_contract_test.xunit.xml" "--package-name" "xczs_inspection_robot_control" "--output-file" "/home/live/work01/build/xczs_inspection_robot_control/ament_cmake_pytest/operator_tf_buffer_contract_test.txt" "--command" "/usr/bin/python3" "-u" "-m" "pytest" "/home/live/work01/xczs_inspection_robot_control/test/test_operator_tf_buffer_contract.py" "-o" "cache_dir=/home/live/work01/build/xczs_inspection_robot_control/ament_cmake_pytest/operator_tf_buffer_contract_test/.cache" "--junit-xml=/home/live/work01/build/xczs_inspection_robot_control/test_results/xczs_inspection_robot_control/operator_tf_buffer_contract_test.xunit.xml" "--junit-prefix=xczs_inspection_robot_control"</FullCommandLine>
			<Results>
				<NamedMeasurement type="numeric/double" name="Execution Time">
					<Value>0.66357</Value>
				</NamedMeasurement>
				<NamedMeasurement type="numeric/double" name="Processors">
					<Value>1</Value>
				</NamedMeasurement>
				<NamedMeasurement type="text/string" name="Completion Status">
					<Value>Completed</Value>
				</NamedMeasurement>
				<NamedMeasurement type="text/string" name="Command Line">
					<Value>/usr/bin/python3 "-u" "/opt/ros/humble/share/ament_cmake_test/cmake/run_test.py" "/home/live/work01/build/xczs_inspection_robot_control/test_results/xczs_inspection_robot_control/operator_tf_buffer_contract_test.xunit.xml" "--package-name" "xczs_inspection_robot_control" "--output-file" "/home/live/work01/build/xczs_inspection_robot_control/ament_cmake_pytest/operator_tf_buffer_contract_test.txt" "--command" "/usr/bin/python3" "-u" "-m" "pytest" "/home/live/work01/xczs_inspection_robot_control/test/test_operator_tf_buffer_contract.py" "-o" "cache_dir=/home/live/work01/build/xczs_inspection_robot_control/ament_cmake_pytest/operator_tf_buffer_contract_test/.cache" "--junit-xml=/home/live/work01/build/xczs_inspection_robot_control/test_results/xczs_inspection_robot_control/operator_tf_buffer_contract_test.xunit.xml" "--junit-prefix=xczs_inspection_robot_control"</Value>
				</NamedMeasurement>
				<NamedMeasurement type="text/string" name="Environment">
					<Value>#CTEST_RESOURCE_GROUP_COUNT=</Value>
				</NamedMeasurement>
				<Measurement>
					<Value>-- run_test.py: invoking following command in '/home/live/work01/build/xczs_inspection_robot_control':
 - /usr/bin/python3 -u -m pytest /home/live/work01/xczs_inspection_robot_control/test/test_operator_tf_buffer_contract.py -o cache_dir=/home/live/work01/build/xczs_inspection_robot_control/ament_cmake_pytest/operator_tf_buffer_contract_test/.cache --junit-xml=/home/live/work01/build/xczs_inspection_robot_control/test_results/xczs_inspection_robot_control/operator_tf_buffer_contract_test.xunit.xml --junit-prefix=xczs_inspection_robot_control
============================= test session starts ==============================
platform linux -- Python 3.10.12, pytest-8.4.2, pluggy-1.6.0
cachedir: build/xczs_inspection_robot_control/ament_cmake_pytest/operator_tf_buffer_contract_test/.cache
rootdir: /home/live/work01
plugins: ament-lint-0.12.15, ament-flake8-0.12.15, ament-xmllint-0.12.15, ament-copyright-0.12.15, launch-testing-ros-0.19.13, ament-pep257-0.12.15, launch-testing-1.0.14, anyio-4.14.2, asyncio-0.26.0, colcon-core-0.21.0, cov-3.0.0
asyncio: mode=strict, asyncio_default_fixture_loop_scope=None, asyncio_default_test_loop_scope=function
collected 5 items

../../xczs_inspection_robot_control/test/test_operator_tf_buffer_contract.py . [ 20%]
....                                                                     [100%]

=============================== warnings summary ===============================
../../../../../opt/ros/humble/local/lib/python3.10/dist-packages/xacro/__init__.py:115
  Warning: private variables, such as '_ConstructUnits__ConstructUnitsValue', will be normal attributes in 3.11

-- Docs: https://docs.pytest.org/en/stable/how-to/capture-warnings.html
- generated xml file: /home/live/work01/build/xczs_inspection_robot_control/test_results/xczs_inspection_robot_control/operator_tf_buffer_contract_test.xunit.xml -
========================= 5 passed, 1 warning in 0.18s =========================
-- run_test.py: return code 0
-- run_test.py: verify result file '/home/live/work01/build/xczs_inspection_robot_control/test_results/xczs_inspection_robot_control/operator_tf_buffer_contract_test.xunit.xml'
</Value>
				</Measurement>
			</Results>
			<Labels>
				<Label>pytest</Label>
			</Labels>
		</Test>
		<Test Status="passed">
			<Name>tool_business_point_contract_test</Name>
			<Path>.</Path>
			<FullName>./tool_business_point_contract_test</FullName>
			<FullCommandLine>/usr/bin/python3 "-u" "/opt/ros/humble/share/ament_cmake_test/cmake/run_test.py" "/home/live/work01/build/xczs_inspection_robot_control/test_results/xczs_inspection_robot_control/tool_business_point_contract_test.xunit.xml" "--package-name" "xczs_inspection_robot_control" "--output-file" "/home/live/work01/build/xczs_inspection_robot_control/ament_cmake_pytest/tool_business_point_contract_test.txt" "--command" "/usr/bin/python3" "-u" "-m" "pytest" "/home/live/work01/xczs_inspection_robot_control/test/test_tool_business_point_contract.py" "-o" "cache_dir=/home/live/work01/build/xczs_inspection_robot_control/ament_cmake_pytest/tool_business_point_contract_test/.cache" "--junit-xml=/home/live/work01/build/xczs_inspection_robot_control/test_results/xczs_inspection_robot_control/tool_business_point_contract_test.xunit.xml" "--junit-prefix=xczs_inspection_robot_control"</FullCommandLine>
			<Results>
				<NamedMeasurement type="numeric/double" name="Execution Time">
					<Value>0.707085</Value>
				</NamedMeasurement>
				<NamedMeasurement type="numeric/double" name="Processors">
					<Value>1</Value>
				</NamedMeasurement>
				<NamedMeasurement type="text/string" name="Completion Status">
					<Value>Completed</Value>
				</NamedMeasurement>
				<NamedMeasurement type="text/string" name="Command Line">
					<Value>/usr/bin/python3 "-u" "/opt/ros/humble/share/ament_cmake_test/cmake/run_test.py" "/home/live/work01/build/xczs_inspection_robot_control/test_results/xczs_inspection_robot_control/tool_business_point_contract_test.xunit.xml" "--package-name" "xczs_inspection_robot_control" "--output-file" "/home/live/work01/build/xczs_inspection_robot_control/ament_cmake_pytest/tool_business_point_contract_test.txt" "--command" "/usr/bin/python3" "-u" "-m" "pytest" "/home/live/work01/xczs_inspection_robot_control/test/test_tool_business_point_contract.py" "-o" "cache_dir=/home/live/work01/build/xczs_inspection_robot_control/ament_cmake_pytest/tool_business_point_contract_test/.cache" "--junit-xml=/home/live/work01/build/xczs_inspection_robot_control/test_results/xczs_inspection_robot_control/tool_business_point_contract_test.xunit.xml" "--junit-prefix=xczs_inspection_robot_control"</Value>
				</NamedMeasurement>
				<NamedMeasurement type="text/string" name="Environment">
					<Value>#CTEST_RESOURCE_GROUP_COUNT=</Value>
				</NamedMeasurement>
				<Measurement>
					<Value>-- run_test.py: invoking following command in '/home/live/work01/build/xczs_inspection_robot_control':
 - /usr/bin/python3 -u -m pytest /home/live/work01/xczs_inspection_robot_control/test/test_tool_business_point_contract.py -o cache_dir=/home/live/work01/build/xczs_inspection_robot_control/ament_cmake_pytest/tool_business_point_contract_test/.cache --junit-xml=/home/live/work01/build/xczs_inspection_robot_control/test_results/xczs_inspection_robot_control/tool_business_point_contract_test.xunit.xml --junit-prefix=xczs_inspection_robot_control
============================= test session starts ==============================
platform linux -- Python 3.10.12, pytest-8.4.2, pluggy-1.6.0
cachedir: build/xczs_inspection_robot_control/ament_cmake_pytest/tool_business_point_contract_test/.cache
rootdir: /home/live/work01
plugins: ament-lint-0.12.15, ament-flake8-0.12.15, ament-xmllint-0.12.15, ament-copyright-0.12.15, launch-testing-ros-0.19.13, ament-pep257-0.12.15, launch-testing-1.0.14, anyio-4.14.2, asyncio-0.26.0, colcon-core-0.21.0, cov-3.0.0
asyncio: mode=strict, asyncio_default_fixture_loop_scope=None, asyncio_default_test_loop_scope=function
collected 7 items

../../xczs_inspection_robot_control/test/test_tool_business_point_contract.py . [ 14%]
......                                                                   [100%]

=============================== warnings summary ===============================
../../../../../opt/ros/humble/local/lib/python3.10/dist-packages/xacro/__init__.py:115
  Warning: private variables, such as '_ConstructUnits__ConstructUnitsValue', will be normal attributes in 3.11

-- Docs: https://docs.pytest.org/en/stable/how-to/capture-warnings.html
- generated xml file: /home/live/work01/build/xczs_inspection_robot_control/test_results/xczs_inspection_robot_control/tool_business_point_contract_test.xunit.xml -
========================= 7 passed, 1 warning in 0.26s =========================
-- run_test.py: return code 0
-- run_test.py: verify result file '/home/live/work01/build/xczs_inspection_robot_control/test_results/xczs_inspection_robot_control/tool_business_point_contract_test.xunit.xml'
</Value>
				</Measurement>
			</Results>
			<Labels>
				<Label>pytest</Label>
			</Labels>
		</Test>
		<EndDateTime>Aug 24 00:46 CST</EndDateTime>
		<EndTestTime>1787503584</EndTestTime>
		<ElapsedMinutes>0</ElapsedMinutes>
	</Testing>
</Site>
