Start testing: Aug 11 10:58 CST
----------------------------------------------------------
1/4 Testing: operation_lease_state_test
1/4 Test: operation_lease_state_test
Command: "/usr/bin/python3" "-u" "/opt/ros/humble/share/ament_cmake_test/cmake/run_test.py" "/home/live/work01/build/xczs_inspection_robot_control/test_results/xczs_inspection_robot_control/operation_lease_state_test.gtest.xml" "--package-name" "xczs_inspection_robot_control" "--output-file" "/home/live/work01/build/xczs_inspection_robot_control/ament_cmake_gtest/operation_lease_state_test.txt" "--command" "/home/live/work01/build/xczs_inspection_robot_control/operation_lease_state_test" "--gtest_output=xml:/home/live/work01/build/xczs_inspection_robot_control/test_results/xczs_inspection_robot_control/operation_lease_state_test.gtest.xml"
Directory: /home/live/work01/build/xczs_inspection_robot_control
"operation_lease_state_test" start time: Aug 11 10:58 CST
Output:
----------------------------------------------------------
-- run_test.py: invoking following command in '/home/live/work01/build/xczs_inspection_robot_control':
 - /home/live/work01/build/xczs_inspection_robot_control/operation_lease_state_test --gtest_output=xml:/home/live/work01/build/xczs_inspection_robot_control/test_results/xczs_inspection_robot_control/operation_lease_state_test.gtest.xml
Running main() from /opt/ros/humble/src/gtest_vendor/src/gtest_main.cc
[==========] Running 4 tests from 1 test suite.
[----------] Global test environment set-up.
[----------] 4 tests from OperationLeaseState
[ RUN      ] OperationLeaseState.ExcludesOtherOwnersAndAllowsRelease
[       OK ] OperationLeaseState.ExcludesOtherOwnersAndAllowsRelease (0 ms)
[ RUN      ] OperationLeaseState.ConcurrentAcquireHasExactlyOneWinner
[       OK ] OperationLeaseState.ConcurrentAcquireHasExactlyOneWinner (2 ms)
[ RUN      ] OperationLeaseState.RenewalExtendsLeaseAndStaleTokenCannotRelease
[       OK ] OperationLeaseState.RenewalExtendsLeaseAndStaleTokenCannotRelease (0 ms)
[ RUN      ] OperationLeaseState.ExpiredOwnerCannotRenewAndResourceRecovers
[       OK ] OperationLeaseState.ExpiredOwnerCannotRenewAndResourceRecovers (0 ms)
[----------] 4 tests from OperationLeaseState (2 ms total)

[----------] Global test environment tear-down
[==========] 4 tests from 1 test suite ran. (2 ms total)
[  PASSED  ] 4 tests.
-- run_test.py: return code 0
-- run_test.py: inject classname prefix into gtest result file '/home/live/work01/build/xczs_inspection_robot_control/test_results/xczs_inspection_robot_control/operation_lease_state_test.gtest.xml'
-- run_test.py: verify result file '/home/live/work01/build/xczs_inspection_robot_control/test_results/xczs_inspection_robot_control/operation_lease_state_test.gtest.xml'
<end of output>
Test time =   0.07 sec
----------------------------------------------------------
Test Passed.
"operation_lease_state_test" end time: Aug 11 10:58 CST
"operation_lease_state_test" time elapsed: 00:00:00
----------------------------------------------------------

2/4 Testing: router_utils_test
2/4 Test: router_utils_test
Command: "/usr/bin/python3" "-u" "/opt/ros/humble/share/ament_cmake_test/cmake/run_test.py" "/home/live/work01/build/xczs_inspection_robot_control/test_results/xczs_inspection_robot_control/router_utils_test.gtest.xml" "--package-name" "xczs_inspection_robot_control" "--output-file" "/home/live/work01/build/xczs_inspection_robot_control/ament_cmake_gtest/router_utils_test.txt" "--command" "/home/live/work01/build/xczs_inspection_robot_control/router_utils_test" "--gtest_output=xml:/home/live/work01/build/xczs_inspection_robot_control/test_results/xczs_inspection_robot_control/router_utils_test.gtest.xml"
Directory: /home/live/work01/build/xczs_inspection_robot_control
"router_utils_test" start time: Aug 11 10:58 CST
Output:
----------------------------------------------------------
-- run_test.py: invoking following command in '/home/live/work01/build/xczs_inspection_robot_control':
 - /home/live/work01/build/xczs_inspection_robot_control/router_utils_test --gtest_output=xml:/home/live/work01/build/xczs_inspection_robot_control/test_results/xczs_inspection_robot_control/router_utils_test.gtest.xml
Running main() from /opt/ros/humble/src/gtest_vendor/src/gtest_main.cc
[==========] Running 5 tests from 1 test suite.
[----------] Global test environment set-up.
[----------] 5 tests from RouterUtils
[ RUN      ] RouterUtils.RotatesPlanarVelocityByConfiguredYaw
[       OK ] RouterUtils.RotatesPlanarVelocityByConfiguredYaw (0 ms)
[ RUN      ] RouterUtils.RotationPreservesPlanarMagnitude
[       OK ] RouterUtils.RotationPreservesPlanarMagnitude (0 ms)
[ RUN      ] RouterUtils.UsesTheSameOffsetForDockingFrameYaw
[       OK ] RouterUtils.UsesTheSameOffsetForDockingFrameYaw (0 ms)
[ RUN      ] RouterUtils.RejectsInvalidJointGroups
[       OK ] RouterUtils.RejectsInvalidJointGroups (0 ms)
[ RUN      ] RouterUtils.GatesOnlyEmbeddedNavigationRequests
[       OK ] RouterUtils.GatesOnlyEmbeddedNavigationRequests (0 ms)
[----------] 5 tests from RouterUtils (0 ms total)

[----------] Global test environment tear-down
[==========] 5 tests from 1 test suite ran. (0 ms total)
[  PASSED  ] 5 tests.
-- run_test.py: return code 0
-- run_test.py: inject classname prefix into gtest result file '/home/live/work01/build/xczs_inspection_robot_control/test_results/xczs_inspection_robot_control/router_utils_test.gtest.xml'
-- run_test.py: verify result file '/home/live/work01/build/xczs_inspection_robot_control/test_results/xczs_inspection_robot_control/router_utils_test.gtest.xml'
<end of output>
Test time =   0.08 sec
----------------------------------------------------------
Test Passed.
"router_utils_test" end time: Aug 11 10:58 CST
"router_utils_test" time elapsed: 00:00:00
----------------------------------------------------------

3/4 Testing: planning_scene_profile_test
3/4 Test: planning_scene_profile_test
Command: "/usr/bin/python3" "-u" "/opt/ros/humble/share/ament_cmake_test/cmake/run_test.py" "/home/live/work01/build/xczs_inspection_robot_control/test_results/xczs_inspection_robot_control/planning_scene_profile_test.gtest.xml" "--package-name" "xczs_inspection_robot_control" "--output-file" "/home/live/work01/build/xczs_inspection_robot_control/ament_cmake_gtest/planning_scene_profile_test.txt" "--command" "/home/live/work01/build/xczs_inspection_robot_control/planning_scene_profile_test" "--gtest_output=xml:/home/live/work01/build/xczs_inspection_robot_control/test_results/xczs_inspection_robot_control/planning_scene_profile_test.gtest.xml"
Directory: /home/live/work01/build/xczs_inspection_robot_control
"planning_scene_profile_test" start time: Aug 11 10:58 CST
Output:
----------------------------------------------------------
-- run_test.py: invoking following command in '/home/live/work01/build/xczs_inspection_robot_control':
 - /home/live/work01/build/xczs_inspection_robot_control/planning_scene_profile_test --gtest_output=xml:/home/live/work01/build/xczs_inspection_robot_control/test_results/xczs_inspection_robot_control/planning_scene_profile_test.gtest.xml
Running main() from /opt/ros/humble/src/gtest_vendor/src/gtest_main.cc
[==========] Running 7 tests from 1 test suite.
[----------] Global test environment set-up.
[----------] 7 tests from PlanningSceneProfile
[ RUN      ] PlanningSceneProfile.AcceptsButtonAndKnobOnlyDevice
[       OK ] PlanningSceneProfile.AcceptsButtonAndKnobOnlyDevice (0 ms)
[ RUN      ] PlanningSceneProfile.AcceptsDoorWithoutSwitch
[       OK ] PlanningSceneProfile.AcceptsDoorWithoutSwitch (0 ms)
[ RUN      ] PlanningSceneProfile.AcceptsUnparentedSwitchWithoutDoor
[       OK ] PlanningSceneProfile.AcceptsUnparentedSwitchWithoutDoor (0 ms)
[ RUN      ] PlanningSceneProfile.AcceptsSwitchParentedToDoor
[       OK ] PlanningSceneProfile.AcceptsSwitchParentedToDoor (0 ms)
[ RUN      ] PlanningSceneProfile.RejectsMissingSwitchParent
[       OK ] PlanningSceneProfile.RejectsMissingSwitchParent (0 ms)
[ RUN      ] PlanningSceneProfile.RejectsSwitchParentThatIsNotDoor
[       OK ] PlanningSceneProfile.RejectsSwitchParentThatIsNotDoor (0 ms)
[ RUN      ] PlanningSceneProfile.RejectsMultipleDoorsOrSwitches
[       OK ] PlanningSceneProfile.RejectsMultipleDoorsOrSwitches (0 ms)
[----------] 7 tests from PlanningSceneProfile (0 ms total)

[----------] Global test environment tear-down
[==========] 7 tests from 1 test suite ran. (0 ms total)
[  PASSED  ] 7 tests.
-- run_test.py: return code 0
-- run_test.py: inject classname prefix into gtest result file '/home/live/work01/build/xczs_inspection_robot_control/test_results/xczs_inspection_robot_control/planning_scene_profile_test.gtest.xml'
-- run_test.py: verify result file '/home/live/work01/build/xczs_inspection_robot_control/test_results/xczs_inspection_robot_control/planning_scene_profile_test.gtest.xml'
<end of output>
Test time =   0.08 sec
----------------------------------------------------------
Test Passed.
"planning_scene_profile_test" end time: Aug 11 10:58 CST
"planning_scene_profile_test" time elapsed: 00:00:00
----------------------------------------------------------

4/4 Testing: operation_validation_policy_test
4/4 Test: operation_validation_policy_test
Command: "/usr/bin/python3" "-u" "/opt/ros/humble/share/ament_cmake_test/cmake/run_test.py" "/home/live/work01/build/xczs_inspection_robot_control/test_results/xczs_inspection_robot_control/operation_validation_policy_test.gtest.xml" "--package-name" "xczs_inspection_robot_control" "--output-file" "/home/live/work01/build/xczs_inspection_robot_control/ament_cmake_gtest/operation_validation_policy_test.txt" "--command" "/home/live/work01/build/xczs_inspection_robot_control/operation_validation_policy_test" "--gtest_output=xml:/home/live/work01/build/xczs_inspection_robot_control/test_results/xczs_inspection_robot_control/operation_validation_policy_test.gtest.xml"
Directory: /home/live/work01/build/xczs_inspection_robot_control
"operation_validation_policy_test" start time: Aug 11 10:58 CST
Output:
----------------------------------------------------------
-- run_test.py: invoking following command in '/home/live/work01/build/xczs_inspection_robot_control':
 - /home/live/work01/build/xczs_inspection_robot_control/operation_validation_policy_test --gtest_output=xml:/home/live/work01/build/xczs_inspection_robot_control/test_results/xczs_inspection_robot_control/operation_validation_policy_test.gtest.xml
Running main() from /opt/ros/humble/src/gtest_vendor/src/gtest_main.cc
[==========] Running 6 tests from 1 test suite.
[----------] Global test environment set-up.
[----------] 6 tests from OperationValidationPolicy
[ RUN      ] OperationValidationPolicy.UnverifiedControlRequiresPlanningOnly
[       OK ] OperationValidationPolicy.UnverifiedControlRequiresPlanningOnly (0 ms)
[ RUN      ] OperationValidationPolicy.VerifiedControlMayUsePhysicalExecution
[       OK ] OperationValidationPolicy.VerifiedControlMayUsePhysicalExecution (0 ms)
[ RUN      ] OperationValidationPolicy.ValidationAlwaysBlocksPhysicalMotion
[       OK ] OperationValidationPolicy.ValidationAlwaysBlocksPhysicalMotion (0 ms)
[ RUN      ] OperationValidationPolicy.PreflightAndDockingFailuresNeedNoRecoveryMotion
[       OK ] OperationValidationPolicy.PreflightAndDockingFailuresNeedNoRecoveryMotion (0 ms)
[ RUN      ] OperationValidationPolicy.ExecutedOperationStillRequiresSafetyRecovery
[       OK ] OperationValidationPolicy.ExecutedOperationStillRequiresSafetyRecovery (0 ms)
[ RUN      ] OperationValidationPolicy.EngagementFlagsConservativelyRequireRecovery
[       OK ] OperationValidationPolicy.EngagementFlagsConservativelyRequireRecovery (0 ms)
[----------] 6 tests from OperationValidationPolicy (0 ms total)

[----------] Global test environment tear-down
[==========] 6 tests from 1 test suite ran. (0 ms total)
[  PASSED  ] 6 tests.
-- run_test.py: return code 0
-- run_test.py: inject classname prefix into gtest result file '/home/live/work01/build/xczs_inspection_robot_control/test_results/xczs_inspection_robot_control/operation_validation_policy_test.gtest.xml'
-- run_test.py: verify result file '/home/live/work01/build/xczs_inspection_robot_control/test_results/xczs_inspection_robot_control/operation_validation_policy_test.gtest.xml'
<end of output>
Test time =   0.08 sec
----------------------------------------------------------
Test Passed.
"operation_validation_policy_test" end time: Aug 11 10:58 CST
"operation_validation_policy_test" time elapsed: 00:00:00
----------------------------------------------------------

End testing: Aug 11 10:58 CST

gtest =   0.31 sec*proc

