Start testing: Aug 13 15:19 CST
----------------------------------------------------------
5/7 Testing: action_and_control_state_policy_test
5/7 Test: action_and_control_state_policy_test
Command: "/usr/bin/python3" "-u" "/opt/ros/humble/share/ament_cmake_test/cmake/run_test.py" "/home/live/work01/build/xczs_inspection_robot_control/test_results/xczs_inspection_robot_control/action_and_control_state_policy_test.gtest.xml" "--package-name" "xczs_inspection_robot_control" "--output-file" "/home/live/work01/build/xczs_inspection_robot_control/ament_cmake_gtest/action_and_control_state_policy_test.txt" "--command" "/home/live/work01/build/xczs_inspection_robot_control/action_and_control_state_policy_test" "--gtest_output=xml:/home/live/work01/build/xczs_inspection_robot_control/test_results/xczs_inspection_robot_control/action_and_control_state_policy_test.gtest.xml"
Directory: /home/live/work01/build/xczs_inspection_robot_control
"action_and_control_state_policy_test" start time: Aug 13 15:19 CST
Output:
----------------------------------------------------------
-- run_test.py: invoking following command in '/home/live/work01/build/xczs_inspection_robot_control':
 - /home/live/work01/build/xczs_inspection_robot_control/action_and_control_state_policy_test --gtest_output=xml:/home/live/work01/build/xczs_inspection_robot_control/test_results/xczs_inspection_robot_control/action_and_control_state_policy_test.gtest.xml
Running main() from /opt/ros/humble/src/gtest_vendor/src/gtest_main.cc
[==========] Running 7 tests from 2 test suites.
[----------] Global test environment set-up.
[----------] 4 tests from ActionTerminalPolicy
[ RUN      ] ActionTerminalPolicy.PhysicalSuccessWinsAConcurrentLateCancel
[       OK ] ActionTerminalPolicy.PhysicalSuccessWinsAConcurrentLateCancel (0 ms)
[ RUN      ] ActionTerminalPolicy.CancelWinsOnlyBeforeSuccessIsCommitted
[       OK ] ActionTerminalPolicy.CancelWinsOnlyBeforeSuccessIsCommitted (0 ms)
[ RUN      ] ActionTerminalPolicy.CancelIsAcceptedBeforePhysicalCommit
[       OK ] ActionTerminalPolicy.CancelIsAcceptedBeforePhysicalCommit (0 ms)
[ RUN      ] ActionTerminalPolicy.CancelIsRejectedAfterPhysicalCommit
[       OK ] ActionTerminalPolicy.CancelIsRejectedAfterPhysicalCommit (0 ms)
[----------] 4 tests from ActionTerminalPolicy (0 ms total)

[----------] 3 tests from StructuredControlStatePolicy
[ RUN      ] StructuredControlStatePolicy.RejectsDeclaredInvalidAndNonFiniteSamples
[       OK ] StructuredControlStatePolicy.RejectsDeclaredInvalidAndNonFiniteSamples (0 ms)
[ RUN      ] StructuredControlStatePolicy.IgnoresAnotherControlsSample
[       OK ] StructuredControlStatePolicy.IgnoresAnotherControlsSample (0 ms)
[ RUN      ] StructuredControlStatePolicy.JointTrafficCannotKeepStructuredStateAlive
[       OK ] StructuredControlStatePolicy.JointTrafficCannotKeepStructuredStateAlive (0 ms)
[----------] 3 tests from StructuredControlStatePolicy (0 ms total)

[----------] Global test environment tear-down
[==========] 7 tests from 2 test suites ran. (0 ms total)
[  PASSED  ] 7 tests.
-- run_test.py: return code 0
-- run_test.py: inject classname prefix into gtest result file '/home/live/work01/build/xczs_inspection_robot_control/test_results/xczs_inspection_robot_control/action_and_control_state_policy_test.gtest.xml'
-- run_test.py: verify result file '/home/live/work01/build/xczs_inspection_robot_control/test_results/xczs_inspection_robot_control/action_and_control_state_policy_test.gtest.xml'
<end of output>
Test time =   0.07 sec
----------------------------------------------------------
Test Passed.
"action_and_control_state_policy_test" end time: Aug 13 15:19 CST
"action_and_control_state_policy_test" time elapsed: 00:00:00
----------------------------------------------------------

6/7 Testing: cabinet_pose_frame_contract_test
6/7 Test: cabinet_pose_frame_contract_test
Command: "/usr/bin/python3" "-u" "/opt/ros/humble/share/ament_cmake_test/cmake/run_test.py" "/home/live/work01/build/xczs_inspection_robot_control/test_results/xczs_inspection_robot_control/cabinet_pose_frame_contract_test.gtest.xml" "--package-name" "xczs_inspection_robot_control" "--output-file" "/home/live/work01/build/xczs_inspection_robot_control/ament_cmake_gtest/cabinet_pose_frame_contract_test.txt" "--command" "/home/live/work01/build/xczs_inspection_robot_control/cabinet_pose_frame_contract_test" "--gtest_output=xml:/home/live/work01/build/xczs_inspection_robot_control/test_results/xczs_inspection_robot_control/cabinet_pose_frame_contract_test.gtest.xml"
Directory: /home/live/work01/build/xczs_inspection_robot_control
"cabinet_pose_frame_contract_test" start time: Aug 13 15:19 CST
Output:
----------------------------------------------------------
-- run_test.py: invoking following command in '/home/live/work01/build/xczs_inspection_robot_control':
 - /home/live/work01/build/xczs_inspection_robot_control/cabinet_pose_frame_contract_test --gtest_output=xml:/home/live/work01/build/xczs_inspection_robot_control/test_results/xczs_inspection_robot_control/cabinet_pose_frame_contract_test.gtest.xml
Running main() from /opt/ros/humble/src/gtest_vendor/src/gtest_main.cc
[==========] Running 1 test from 1 test suite.
[----------] Global test environment set-up.
[----------] 1 test from CabinetPoseFrameContract
[ RUN      ] CabinetPoseFrameContract.SpawnAndPoseAuthorityShareOdomWorld
[       OK ] CabinetPoseFrameContract.SpawnAndPoseAuthorityShareOdomWorld (0 ms)
[----------] 1 test from CabinetPoseFrameContract (0 ms total)

[----------] Global test environment tear-down
[==========] 1 test from 1 test suite ran. (0 ms total)
[  PASSED  ] 1 test.
-- run_test.py: return code 0
-- run_test.py: inject classname prefix into gtest result file '/home/live/work01/build/xczs_inspection_robot_control/test_results/xczs_inspection_robot_control/cabinet_pose_frame_contract_test.gtest.xml'
-- run_test.py: verify result file '/home/live/work01/build/xczs_inspection_robot_control/test_results/xczs_inspection_robot_control/cabinet_pose_frame_contract_test.gtest.xml'
<end of output>
Test time =   0.07 sec
----------------------------------------------------------
Test Passed.
"cabinet_pose_frame_contract_test" end time: Aug 13 15:19 CST
"cabinet_pose_frame_contract_test" time elapsed: 00:00:00
----------------------------------------------------------

7/7 Testing: launch_startup_policy_test
7/7 Test: launch_startup_policy_test
Command: "/usr/bin/python3" "-u" "/opt/ros/humble/share/ament_cmake_test/cmake/run_test.py" "/home/live/work01/build/xczs_inspection_robot_control/test_results/xczs_inspection_robot_control/launch_startup_policy_test.xunit.xml" "--package-name" "xczs_inspection_robot_control" "--output-file" "/home/live/work01/build/xczs_inspection_robot_control/ament_cmake_pytest/launch_startup_policy_test.txt" "--command" "/usr/bin/python3" "-u" "-m" "pytest" "/home/live/work01/xczs_inspection_robot_control/test/test_launch_startup_policy.py" "-o" "cache_dir=/home/live/work01/build/xczs_inspection_robot_control/ament_cmake_pytest/launch_startup_policy_test/.cache" "--junit-xml=/home/live/work01/build/xczs_inspection_robot_control/test_results/xczs_inspection_robot_control/launch_startup_policy_test.xunit.xml" "--junit-prefix=xczs_inspection_robot_control"
Directory: /home/live/work01/build/xczs_inspection_robot_control
"launch_startup_policy_test" start time: Aug 13 15:19 CST
Output:
----------------------------------------------------------
-- run_test.py: invoking following command in '/home/live/work01/build/xczs_inspection_robot_control':
 - /usr/bin/python3 -u -m pytest /home/live/work01/xczs_inspection_robot_control/test/test_launch_startup_policy.py -o cache_dir=/home/live/work01/build/xczs_inspection_robot_control/ament_cmake_pytest/launch_startup_policy_test/.cache --junit-xml=/home/live/work01/build/xczs_inspection_robot_control/test_results/xczs_inspection_robot_control/launch_startup_policy_test.xunit.xml --junit-prefix=xczs_inspection_robot_control
============================= test session starts ==============================
platform linux -- Python 3.10.12, pytest-8.4.2, pluggy-1.6.0
cachedir: build/xczs_inspection_robot_control/ament_cmake_pytest/launch_startup_policy_test/.cache
rootdir: /home/live/work01
plugins: ament-lint-0.12.15, ament-flake8-0.12.15, ament-xmllint-0.12.15, ament-copyright-0.12.15, launch-testing-ros-0.19.13, ament-pep257-0.12.15, launch-testing-1.0.14, anyio-4.14.2, asyncio-0.26.0, colcon-core-0.21.0, cov-3.0.0
asyncio: mode=strict, asyncio_default_fixture_loop_scope=None, asyncio_default_test_loop_scope=function
collected 12 items

../../xczs_inspection_robot_control/test/test_launch_startup_policy.py . [  8%]
...........                                                              [100%]

=============================== warnings summary ===============================
xczs_inspection_robot_control/test/test_launch_startup_policy.py::test_required_process_success_starts_only_configured_downstream_actions
  Warning: private variables, such as '_ConstructUnits__ConstructUnitsValue', will be normal attributes in 3.11

-- Docs: https://docs.pytest.org/en/stable/how-to/capture-warnings.html
- generated xml file: /home/live/work01/build/xczs_inspection_robot_control/test_results/xczs_inspection_robot_control/launch_startup_policy_test.xunit.xml -
======================== 12 passed, 1 warning in 0.17s =========================
-- run_test.py: return code 0
-- run_test.py: verify result file '/home/live/work01/build/xczs_inspection_robot_control/test_results/xczs_inspection_robot_control/launch_startup_policy_test.xunit.xml'
<end of output>
Test time =   0.76 sec
----------------------------------------------------------
Test Passed.
"launch_startup_policy_test" end time: Aug 13 15:19 CST
"launch_startup_policy_test" time elapsed: 00:00:00
----------------------------------------------------------

End testing: Aug 13 15:19 CST

gtest =   0.14 sec*proc

pytest =   0.76 sec*proc

