Start testing: Aug 13 12:41 CST
----------------------------------------------------------
1/5 Testing: operation_lease_state_test
1/5 Test: operation_lease_state_test
Command: "/usr/bin/python3" "-u" "/opt/ros/humble/share/ament_cmake_test/cmake/run_test.py" "/home/live/work01/build/xczs_inspection_robot_control/test_results/xczs_inspection_robot_control/operation_lease_state_test.gtest.xml" "--package-name" "xczs_inspection_robot_control" "--output-file" "/home/live/work01/build/xczs_inspection_robot_control/ament_cmake_gtest/operation_lease_state_test.txt" "--command" "/home/live/work01/build/xczs_inspection_robot_control/operation_lease_state_test" "--gtest_output=xml:/home/live/work01/build/xczs_inspection_robot_control/test_results/xczs_inspection_robot_control/operation_lease_state_test.gtest.xml"
Directory: /home/live/work01/build/xczs_inspection_robot_control
"operation_lease_state_test" start time: Aug 13 12:41 CST
Output:
----------------------------------------------------------
-- run_test.py: invoking following command in '/home/live/work01/build/xczs_inspection_robot_control':
 - /home/live/work01/build/xczs_inspection_robot_control/operation_lease_state_test --gtest_output=xml:/home/live/work01/build/xczs_inspection_robot_control/test_results/xczs_inspection_robot_control/operation_lease_state_test.gtest.xml
Running main() from /opt/ros/humble/src/gtest_vendor/src/gtest_main.cc
[==========] Running 4 tests from 1 test suite.
[----------] Global test environment set-up.
[----------] 4 tests from OperationLeaseState
[ RUN      ] OperationLeaseState.ExcludesOtherOwnersAndAllowsRelease
[       OK ] OperationLeaseState.ExcludesOtherOwnersAndAllowsRelease (0 ms)
[ RUN      ] OperationLeaseState.ConcurrentAcquireHasExactlyOneWinner
[       OK ] OperationLeaseState.ConcurrentAcquireHasExactlyOneWinner (1 ms)
[ RUN      ] OperationLeaseState.RenewalExtendsLeaseAndStaleTokenCannotRelease
[       OK ] OperationLeaseState.RenewalExtendsLeaseAndStaleTokenCannotRelease (0 ms)
[ RUN      ] OperationLeaseState.ExpiredOwnerCannotRenewAndResourceRecovers
[       OK ] OperationLeaseState.ExpiredOwnerCannotRenewAndResourceRecovers (0 ms)
[----------] 4 tests from OperationLeaseState (1 ms total)

[----------] Global test environment tear-down
[==========] 4 tests from 1 test suite ran. (1 ms total)
[  PASSED  ] 4 tests.
-- run_test.py: return code 0
-- run_test.py: inject classname prefix into gtest result file '/home/live/work01/build/xczs_inspection_robot_control/test_results/xczs_inspection_robot_control/operation_lease_state_test.gtest.xml'
-- run_test.py: verify result file '/home/live/work01/build/xczs_inspection_robot_control/test_results/xczs_inspection_robot_control/operation_lease_state_test.gtest.xml'
<end of output>
Test time =   0.06 sec
----------------------------------------------------------
Test Passed.
"operation_lease_state_test" end time: Aug 13 12:41 CST
"operation_lease_state_test" time elapsed: 00:00:00
----------------------------------------------------------

2/5 Testing: router_utils_test
2/5 Test: router_utils_test
Command: "/usr/bin/python3" "-u" "/opt/ros/humble/share/ament_cmake_test/cmake/run_test.py" "/home/live/work01/build/xczs_inspection_robot_control/test_results/xczs_inspection_robot_control/router_utils_test.gtest.xml" "--package-name" "xczs_inspection_robot_control" "--output-file" "/home/live/work01/build/xczs_inspection_robot_control/ament_cmake_gtest/router_utils_test.txt" "--command" "/home/live/work01/build/xczs_inspection_robot_control/router_utils_test" "--gtest_output=xml:/home/live/work01/build/xczs_inspection_robot_control/test_results/xczs_inspection_robot_control/router_utils_test.gtest.xml"
Directory: /home/live/work01/build/xczs_inspection_robot_control
"router_utils_test" start time: Aug 13 12:41 CST
Output:
----------------------------------------------------------
-- run_test.py: invoking following command in '/home/live/work01/build/xczs_inspection_robot_control':
 - /home/live/work01/build/xczs_inspection_robot_control/router_utils_test --gtest_output=xml:/home/live/work01/build/xczs_inspection_robot_control/test_results/xczs_inspection_robot_control/router_utils_test.gtest.xml
Running main() from /opt/ros/humble/src/gtest_vendor/src/gtest_main.cc
[==========] Running 5 tests from 1 test suite.
[----------] Global test environment set-up.
[----------] 5 tests from RouterUtils
[ RUN      ] RouterUtils.RotatesPlanarVelocityByConfiguredYaw
[       OK ] RouterUtils.RotatesPlanarVelocityByConfiguredYaw (0 ms)
[ RUN      ] RouterUtils.RotationPreservesPlanarMagnitude
[       OK ] RouterUtils.RotationPreservesPlanarMagnitude (0 ms)
[ RUN      ] RouterUtils.UsesTheSameOffsetForDockingFrameYaw
[       OK ] RouterUtils.UsesTheSameOffsetForDockingFrameYaw (0 ms)
[ RUN      ] RouterUtils.RejectsInvalidJointGroups
[       OK ] RouterUtils.RejectsInvalidJointGroups (0 ms)
[ RUN      ] RouterUtils.GatesOnlyEmbeddedNavigationRequests
[       OK ] RouterUtils.GatesOnlyEmbeddedNavigationRequests (0 ms)
[----------] 5 tests from RouterUtils (0 ms total)

[----------] Global test environment tear-down
[==========] 5 tests from 1 test suite ran. (0 ms total)
[  PASSED  ] 5 tests.
-- run_test.py: return code 0
-- run_test.py: inject classname prefix into gtest result file '/home/live/work01/build/xczs_inspection_robot_control/test_results/xczs_inspection_robot_control/router_utils_test.gtest.xml'
-- run_test.py: verify result file '/home/live/work01/build/xczs_inspection_robot_control/test_results/xczs_inspection_robot_control/router_utils_test.gtest.xml'
<end of output>
Test time =   0.06 sec
----------------------------------------------------------
Test Passed.
"router_utils_test" end time: Aug 13 12:41 CST
"router_utils_test" time elapsed: 00:00:00
----------------------------------------------------------

3/5 Testing: planning_scene_profile_test
3/5 Test: planning_scene_profile_test
Command: "/usr/bin/python3" "-u" "/opt/ros/humble/share/ament_cmake_test/cmake/run_test.py" "/home/live/work01/build/xczs_inspection_robot_control/test_results/xczs_inspection_robot_control/planning_scene_profile_test.gtest.xml" "--package-name" "xczs_inspection_robot_control" "--output-file" "/home/live/work01/build/xczs_inspection_robot_control/ament_cmake_gtest/planning_scene_profile_test.txt" "--command" "/home/live/work01/build/xczs_inspection_robot_control/planning_scene_profile_test" "--gtest_output=xml:/home/live/work01/build/xczs_inspection_robot_control/test_results/xczs_inspection_robot_control/planning_scene_profile_test.gtest.xml"
Directory: /home/live/work01/build/xczs_inspection_robot_control
"planning_scene_profile_test" start time: Aug 13 12:41 CST
Output:
----------------------------------------------------------
-- run_test.py: invoking following command in '/home/live/work01/build/xczs_inspection_robot_control':
 - /home/live/work01/build/xczs_inspection_robot_control/planning_scene_profile_test --gtest_output=xml:/home/live/work01/build/xczs_inspection_robot_control/test_results/xczs_inspection_robot_control/planning_scene_profile_test.gtest.xml
Running main() from /opt/ros/humble/src/gtest_vendor/src/gtest_main.cc
[==========] Running 7 tests from 1 test suite.
[----------] Global test environment set-up.
[----------] 7 tests from PlanningSceneProfile
[ RUN      ] PlanningSceneProfile.AcceptsButtonAndKnobOnlyDevice
[       OK ] PlanningSceneProfile.AcceptsButtonAndKnobOnlyDevice (0 ms)
[ RUN      ] PlanningSceneProfile.AcceptsDoorWithoutSwitch
[       OK ] PlanningSceneProfile.AcceptsDoorWithoutSwitch (0 ms)
[ RUN      ] PlanningSceneProfile.AcceptsUnparentedSwitchWithoutDoor
[       OK ] PlanningSceneProfile.AcceptsUnparentedSwitchWithoutDoor (0 ms)
[ RUN      ] PlanningSceneProfile.AcceptsSwitchParentedToDoor
[       OK ] PlanningSceneProfile.AcceptsSwitchParentedToDoor (0 ms)
[ RUN      ] PlanningSceneProfile.RejectsMissingSwitchParent
[       OK ] PlanningSceneProfile.RejectsMissingSwitchParent (0 ms)
[ RUN      ] PlanningSceneProfile.RejectsSwitchParentThatIsNotDoor
[       OK ] PlanningSceneProfile.RejectsSwitchParentThatIsNotDoor (0 ms)
[ RUN      ] PlanningSceneProfile.RejectsMultipleDoorsOrSwitches
[       OK ] PlanningSceneProfile.RejectsMultipleDoorsOrSwitches (0 ms)
[----------] 7 tests from PlanningSceneProfile (0 ms total)

[----------] Global test environment tear-down
[==========] 7 tests from 1 test suite ran. (0 ms total)
[  PASSED  ] 7 tests.
-- run_test.py: return code 0
-- run_test.py: inject classname prefix into gtest result file '/home/live/work01/build/xczs_inspection_robot_control/test_results/xczs_inspection_robot_control/planning_scene_profile_test.gtest.xml'
-- run_test.py: verify result file '/home/live/work01/build/xczs_inspection_robot_control/test_results/xczs_inspection_robot_control/planning_scene_profile_test.gtest.xml'
<end of output>
Test time =   0.06 sec
----------------------------------------------------------
Test Passed.
"planning_scene_profile_test" end time: Aug 13 12:41 CST
"planning_scene_profile_test" time elapsed: 00:00:00
----------------------------------------------------------

4/5 Testing: operation_validation_policy_test
4/5 Test: operation_validation_policy_test
Command: "/usr/bin/python3" "-u" "/opt/ros/humble/share/ament_cmake_test/cmake/run_test.py" "/home/live/work01/build/xczs_inspection_robot_control/test_results/xczs_inspection_robot_control/operation_validation_policy_test.gtest.xml" "--package-name" "xczs_inspection_robot_control" "--output-file" "/home/live/work01/build/xczs_inspection_robot_control/ament_cmake_gtest/operation_validation_policy_test.txt" "--command" "/home/live/work01/build/xczs_inspection_robot_control/operation_validation_policy_test" "--gtest_output=xml:/home/live/work01/build/xczs_inspection_robot_control/test_results/xczs_inspection_robot_control/operation_validation_policy_test.gtest.xml"
Directory: /home/live/work01/build/xczs_inspection_robot_control
"operation_validation_policy_test" start time: Aug 13 12:41 CST
Output:
----------------------------------------------------------
-- run_test.py: invoking following command in '/home/live/work01/build/xczs_inspection_robot_control':
 - /home/live/work01/build/xczs_inspection_robot_control/operation_validation_policy_test --gtest_output=xml:/home/live/work01/build/xczs_inspection_robot_control/test_results/xczs_inspection_robot_control/operation_validation_policy_test.gtest.xml
Running main() from /opt/ros/humble/src/gtest_vendor/src/gtest_main.cc
[==========] Running 11 tests from 1 test suite.
[----------] Global test environment set-up.
[----------] 11 tests from OperationValidationPolicy
[ RUN      ] OperationValidationPolicy.PlanningOnlyPreparationNeverOwnsBaseMotion
[       OK ] OperationValidationPolicy.PlanningOnlyPreparationNeverOwnsBaseMotion (0 ms)
[ RUN      ] OperationValidationPolicy.PhysicalPreparationUsesConfiguredMotionLayers
[       OK ] OperationValidationPolicy.PhysicalPreparationUsesConfiguredMotionLayers (0 ms)
[ RUN      ] OperationValidationPolicy.AcceptedOrPendingGoalDoesNotOwnMotionResources
[       OK ] OperationValidationPolicy.AcceptedOrPendingGoalDoesNotOwnMotionResources (0 ms)
[ RUN      ] OperationValidationPolicy.ActivePhysicalGoalOwnsResourcesAfterLease
[       OK ] OperationValidationPolicy.ActivePhysicalGoalOwnsResourcesAfterLease (0 ms)
[ RUN      ] OperationValidationPolicy.PlanningOnlyNeverOwnsMotionResources
[       OK ] OperationValidationPolicy.PlanningOnlyNeverOwnsMotionResources (0 ms)
[ RUN      ] OperationValidationPolicy.UnverifiedControlRequiresPlanningOnly
[       OK ] OperationValidationPolicy.UnverifiedControlRequiresPlanningOnly (0 ms)
[ RUN      ] OperationValidationPolicy.VerifiedControlMayUsePhysicalExecution
[       OK ] OperationValidationPolicy.VerifiedControlMayUsePhysicalExecution (0 ms)
[ RUN      ] OperationValidationPolicy.ValidationAlwaysBlocksPhysicalMotion
[       OK ] OperationValidationPolicy.ValidationAlwaysBlocksPhysicalMotion (0 ms)
[ RUN      ] OperationValidationPolicy.PreflightAndDockingFailuresNeedNoRecoveryMotion
[       OK ] OperationValidationPolicy.PreflightAndDockingFailuresNeedNoRecoveryMotion (0 ms)
[ RUN      ] OperationValidationPolicy.ExecutedOperationStillRequiresSafetyRecovery
[       OK ] OperationValidationPolicy.ExecutedOperationStillRequiresSafetyRecovery (0 ms)
[ RUN      ] OperationValidationPolicy.EngagementFlagsConservativelyRequireRecovery
[       OK ] OperationValidationPolicy.EngagementFlagsConservativelyRequireRecovery (0 ms)
[----------] 11 tests from OperationValidationPolicy (0 ms total)

[----------] Global test environment tear-down
[==========] 11 tests from 1 test suite ran. (0 ms total)
[  PASSED  ] 11 tests.
-- run_test.py: return code 0
-- run_test.py: inject classname prefix into gtest result file '/home/live/work01/build/xczs_inspection_robot_control/test_results/xczs_inspection_robot_control/operation_validation_policy_test.gtest.xml'
-- run_test.py: verify result file '/home/live/work01/build/xczs_inspection_robot_control/test_results/xczs_inspection_robot_control/operation_validation_policy_test.gtest.xml'
<end of output>
Test time =   0.06 sec
----------------------------------------------------------
Test Passed.
"operation_validation_policy_test" end time: Aug 13 12:41 CST
"operation_validation_policy_test" time elapsed: 00:00:00
----------------------------------------------------------

5/5 Testing: launch_startup_policy_test
5/5 Test: launch_startup_policy_test
Command: "/usr/bin/python3" "-u" "/opt/ros/humble/share/ament_cmake_test/cmake/run_test.py" "/home/live/work01/build/xczs_inspection_robot_control/test_results/xczs_inspection_robot_control/launch_startup_policy_test.xunit.xml" "--package-name" "xczs_inspection_robot_control" "--output-file" "/home/live/work01/build/xczs_inspection_robot_control/ament_cmake_pytest/launch_startup_policy_test.txt" "--command" "/usr/bin/python3" "-u" "-m" "pytest" "/home/live/work01/xczs_inspection_robot_control/test/test_launch_startup_policy.py" "-o" "cache_dir=/home/live/work01/build/xczs_inspection_robot_control/ament_cmake_pytest/launch_startup_policy_test/.cache" "--junit-xml=/home/live/work01/build/xczs_inspection_robot_control/test_results/xczs_inspection_robot_control/launch_startup_policy_test.xunit.xml" "--junit-prefix=xczs_inspection_robot_control"
Directory: /home/live/work01/build/xczs_inspection_robot_control
"launch_startup_policy_test" start time: Aug 13 12:41 CST
Output:
----------------------------------------------------------
-- run_test.py: invoking following command in '/home/live/work01/build/xczs_inspection_robot_control':
 - /usr/bin/python3 -u -m pytest /home/live/work01/xczs_inspection_robot_control/test/test_launch_startup_policy.py -o cache_dir=/home/live/work01/build/xczs_inspection_robot_control/ament_cmake_pytest/launch_startup_policy_test/.cache --junit-xml=/home/live/work01/build/xczs_inspection_robot_control/test_results/xczs_inspection_robot_control/launch_startup_policy_test.xunit.xml --junit-prefix=xczs_inspection_robot_control
============================= test session starts ==============================
platform linux -- Python 3.10.12, pytest-8.4.2, pluggy-1.6.0
cachedir: build/xczs_inspection_robot_control/ament_cmake_pytest/launch_startup_policy_test/.cache
rootdir: /home/live/work01
plugins: ament-lint-0.12.15, ament-flake8-0.12.15, ament-xmllint-0.12.15, ament-copyright-0.12.15, launch-testing-ros-0.19.13, ament-pep257-0.12.15, launch-testing-1.0.14, anyio-4.14.2, asyncio-0.26.0, colcon-core-0.21.0, cov-3.0.0
asyncio: mode=strict, asyncio_default_fixture_loop_scope=None, asyncio_default_test_loop_scope=function
collected 6 items

../../xczs_inspection_robot_control/test/test_launch_startup_policy.py . [ 16%]
.....                                                                    [100%]

=============================== warnings summary ===============================
xczs_inspection_robot_control/test/test_launch_startup_policy.py::test_required_process_success_starts_only_configured_downstream_actions
  Warning: private variables, such as '_ConstructUnits__ConstructUnitsValue', will be normal attributes in 3.11

-- Docs: https://docs.pytest.org/en/stable/how-to/capture-warnings.html
- generated xml file: /home/live/work01/build/xczs_inspection_robot_control/test_results/xczs_inspection_robot_control/launch_startup_policy_test.xunit.xml -
========================= 6 passed, 1 warning in 0.11s =========================
-- run_test.py: return code 0
-- run_test.py: verify result file '/home/live/work01/build/xczs_inspection_robot_control/test_results/xczs_inspection_robot_control/launch_startup_policy_test.xunit.xml'
<end of output>
Test time =   0.59 sec
----------------------------------------------------------
Test Passed.
"launch_startup_policy_test" end time: Aug 13 12:41 CST
"launch_startup_policy_test" time elapsed: 00:00:00
----------------------------------------------------------

End testing: Aug 13 12:41 CST

gtest =   0.24 sec*proc

pytest =   0.59 sec*proc

