<?xml version="1.0" encoding="UTF-8"?>
<Site BuildName="(empty)"
	BuildStamp="20260822-1004-Experimental"
	Name="live"
	Generator="ctest-3.22.1"
	CompilerName="/usr/bin/c++"
	CompilerVersion="11.4.0"
	OSName="Linux"
	Hostname="live"
	OSRelease="6.8.0-136-generic"
	OSVersion="#136~22.04.1-Ubuntu SMP PREEMPT_DYNAMIC Fri Jul  3 16:29:11 UTC "
	OSPlatform="x86_64"
	Is64Bits="1"
	VendorString="AuthenticAMD"
	VendorID="Advanced Micro Devices"
	FamilyID="25"
	ModelID="80"
	ProcessorCacheSize="512"
	NumberOfLogicalCPU="12"
	NumberOfPhysicalCPU="6"
	TotalVirtualMemory="19072"
	TotalPhysicalMemory="15843"
	LogicalProcessorsPerPhysical="2"
	ProcessorClockFrequency="3670.06"
	>
	<Testing>
		<StartDateTime>Aug 22 18:04 CST</StartDateTime>
		<StartTestTime>1787393080</StartTestTime>
		<TestList>
			<Test>./move_group_launch_policy_test</Test>
		</TestList>
		<Test Status="failed">
			<Name>move_group_launch_policy_test</Name>
			<Path>.</Path>
			<FullName>./move_group_launch_policy_test</FullName>
			<FullCommandLine>/usr/bin/python3 "-u" "/opt/ros/humble/share/ament_cmake_test/cmake/run_test.py" "/home/live/work01/build/xczs_inspection_robot_moveit_config/test_results/xczs_inspection_robot_moveit_config/move_group_launch_policy_test.xunit.xml" "--package-name" "xczs_inspection_robot_moveit_config" "--output-file" "/home/live/work01/build/xczs_inspection_robot_moveit_config/ament_cmake_pytest/move_group_launch_policy_test.txt" "--command" "/usr/bin/python3" "-u" "-m" "pytest" "/home/live/work01/xczs_inspection_robot_moveit_config/test/test_move_group_launch_policy.py" "-o" "cache_dir=/home/live/work01/build/xczs_inspection_robot_moveit_config/ament_cmake_pytest/move_group_launch_policy_test/.cache" "--junit-xml=/home/live/work01/build/xczs_inspection_robot_moveit_config/test_results/xczs_inspection_robot_moveit_config/move_group_launch_policy_test.xunit.xml" "--junit-prefix=xczs_inspection_robot_moveit_config"</FullCommandLine>
			<Results>
				<NamedMeasurement type="text/string" name="Exit Code">
					<Value>Failed</Value>
				</NamedMeasurement>
				<NamedMeasurement type="text/string" name="Exit Value">
					<Value>1</Value>
				</NamedMeasurement>
				<NamedMeasurement type="numeric/double" name="Execution Time">
					<Value>0.998815</Value>
				</NamedMeasurement>
				<NamedMeasurement type="numeric/double" name="Processors">
					<Value>1</Value>
				</NamedMeasurement>
				<NamedMeasurement type="text/string" name="Completion Status">
					<Value>Completed</Value>
				</NamedMeasurement>
				<NamedMeasurement type="text/string" name="Command Line">
					<Value>/usr/bin/python3 "-u" "/opt/ros/humble/share/ament_cmake_test/cmake/run_test.py" "/home/live/work01/build/xczs_inspection_robot_moveit_config/test_results/xczs_inspection_robot_moveit_config/move_group_launch_policy_test.xunit.xml" "--package-name" "xczs_inspection_robot_moveit_config" "--output-file" "/home/live/work01/build/xczs_inspection_robot_moveit_config/ament_cmake_pytest/move_group_launch_policy_test.txt" "--command" "/usr/bin/python3" "-u" "-m" "pytest" "/home/live/work01/xczs_inspection_robot_moveit_config/test/test_move_group_launch_policy.py" "-o" "cache_dir=/home/live/work01/build/xczs_inspection_robot_moveit_config/ament_cmake_pytest/move_group_launch_policy_test/.cache" "--junit-xml=/home/live/work01/build/xczs_inspection_robot_moveit_config/test_results/xczs_inspection_robot_moveit_config/move_group_launch_policy_test.xunit.xml" "--junit-prefix=xczs_inspection_robot_moveit_config"</Value>
				</NamedMeasurement>
				<NamedMeasurement type="text/string" name="Environment">
					<Value>#CTEST_RESOURCE_GROUP_COUNT=</Value>
				</NamedMeasurement>
				<Measurement>
					<Value>-- run_test.py: invoking following command in '/home/live/work01/build/xczs_inspection_robot_moveit_config':
 - /usr/bin/python3 -u -m pytest /home/live/work01/xczs_inspection_robot_moveit_config/test/test_move_group_launch_policy.py -o cache_dir=/home/live/work01/build/xczs_inspection_robot_moveit_config/ament_cmake_pytest/move_group_launch_policy_test/.cache --junit-xml=/home/live/work01/build/xczs_inspection_robot_moveit_config/test_results/xczs_inspection_robot_moveit_config/move_group_launch_policy_test.xunit.xml --junit-prefix=xczs_inspection_robot_moveit_config
============================= test session starts ==============================
platform linux -- Python 3.10.12, pytest-8.4.2, pluggy-1.6.0
cachedir: build/xczs_inspection_robot_moveit_config/ament_cmake_pytest/move_group_launch_policy_test/.cache
rootdir: /home/live/work01
plugins: ament-lint-0.12.15, ament-flake8-0.12.15, ament-xmllint-0.12.15, ament-copyright-0.12.15, launch-testing-ros-0.19.13, ament-pep257-0.12.15, launch-testing-1.0.14, anyio-4.14.2, asyncio-0.26.0, colcon-core-0.21.0, cov-3.0.0
asyncio: mode=strict, asyncio_default_fixture_loop_scope=None, asyncio_default_test_loop_scope=function
collected 5 items

../../xczs_inspection_robot_moveit_config/test/test_move_group_launch_policy.py F [ 20%]
F.FF                                                                     [100%]

=================================== FAILURES ===================================
_________ test_move_group_watchdog_is_registered_before_required_node __________

tmp_path = PosixPath('/tmp/pytest-of-live/pytest-88/test_move_group_watchdog_is_re0')

    def test_move_group_watchdog_is_registered_before_required_node(tmp_path):
        module = _load_launch_module()
        with (
            patch.object(
                module,
                "get_package_share_directory",
                return_value=str(tmp_path),
            ),
            patch.object(
                module,
                "MoveItConfigsBuilder",
                return_value=_FakeMoveItConfigsBuilder(),
            ),
        ):
&gt;           actions = module._launch_setup(_launch_context())

../../xczs_inspection_robot_moveit_config/test/test_move_group_launch_policy.py:90: 
_ _ _ _ _ _ _ _ _ _ _ _ _ _ _ _ _ _ _ _ _ _ _ _ _ _ _ _ _ _ _ _ _ _ _ _ _ _ _ _ 
../../xczs_inspection_robot_moveit_config/launch/move_group.launch.py:87: in _launch_setup
    LaunchConfiguration("toolset").perform(context).strip().upper()
_ _ _ _ _ _ _ _ _ _ _ _ _ _ _ _ _ _ _ _ _ _ _ _ _ _ _ _ _ _ _ _ _ _ _ _ _ _ _ _ 

self = &lt;launch.substitutions.launch_configuration.LaunchConfiguration object at 0x758c612e80a0&gt;
context = &lt;launch.launch_context.LaunchContext object at 0x758c612e9f00&gt;

    def perform(self, context: LaunchContext) -&gt; Text:
        """
        Perform the substitution by retrieving the launch configuration, as a string.
    
        If the launch configuration is not found and a default has been set,
        the default will be returned, as a string.
        """
        from ..utilities import perform_substitutions
        expanded_variable_name = perform_substitutions(context, self.__variable_name)
        if expanded_variable_name not in context.launch_configurations:
            if self.__default is None:
&gt;               raise SubstitutionFailure(
                    "launch configuration '{}' does not exist".format(expanded_variable_name))
E               launch.substitutions.substitution_failure.SubstitutionFailure: launch configuration 'toolset' does not exist

/opt/ros/humble/lib/python3.10/site-packages/launch/substitutions/launch_configuration.py:98: SubstitutionFailure
________ test_move_group_exit_requests_shutdown_while_launch_is_active _________

tmp_path = PosixPath('/tmp/pytest-of-live/pytest-88/test_move_group_exit_requests_0')

    def test_move_group_exit_requests_shutdown_while_launch_is_active(tmp_path):
        module = _load_launch_module()
        with (
            patch.object(
                module,
                "get_package_share_directory",
                return_value=str(tmp_path),
            ),
            patch.object(
                module,
                "MoveItConfigsBuilder",
                return_value=_FakeMoveItConfigsBuilder(),
            ),
        ):
&gt;           actions = module._launch_setup(_launch_context())

../../xczs_inspection_robot_moveit_config/test/test_move_group_launch_policy.py:115: 
_ _ _ _ _ _ _ _ _ _ _ _ _ _ _ _ _ _ _ _ _ _ _ _ _ _ _ _ _ _ _ _ _ _ _ _ _ _ _ _ 
../../xczs_inspection_robot_moveit_config/launch/move_group.launch.py:87: in _launch_setup
    LaunchConfiguration("toolset").perform(context).strip().upper()
_ _ _ _ _ _ _ _ _ _ _ _ _ _ _ _ _ _ _ _ _ _ _ _ _ _ _ _ _ _ _ _ _ _ _ _ _ _ _ _ 

self = &lt;launch.substitutions.launch_configuration.LaunchConfiguration object at 0x758c61323550&gt;
context = &lt;launch.launch_context.LaunchContext object at 0x758c613234c0&gt;

    def perform(self, context: LaunchContext) -&gt; Text:
        """
        Perform the substitution by retrieving the launch configuration, as a string.
    
        If the launch configuration is not found and a default has been set,
        the default will be returned, as a string.
        """
        from ..utilities import perform_substitutions
        expanded_variable_name = perform_substitutions(context, self.__variable_name)
        if expanded_variable_name not in context.launch_configurations:
            if self.__default is None:
&gt;               raise SubstitutionFailure(
                    "launch configuration '{}' does not exist".format(expanded_variable_name))
E               launch.substitutions.substitution_failure.SubstitutionFailure: launch configuration 'toolset' does not exist

/opt/ros/humble/lib/python3.10/site-packages/launch/substitutions/launch_configuration.py:98: SubstitutionFailure
____________ test_move_group_rejects_an_invalid_use_sim_time_value _____________

    def test_move_group_rejects_an_invalid_use_sim_time_value():
        module = _load_launch_module()
        context = _launch_context()
        context.launch_configurations["use_sim_time"] = "truthy"
    
        with pytest.raises(RuntimeError, match="use_sim_time must be true or false"):
&gt;           module._launch_setup(context)

../../xczs_inspection_robot_moveit_config/test/test_move_group_launch_policy.py:150: 
_ _ _ _ _ _ _ _ _ _ _ _ _ _ _ _ _ _ _ _ _ _ _ _ _ _ _ _ _ _ _ _ _ _ _ _ _ _ _ _ 
../../xczs_inspection_robot_moveit_config/launch/move_group.launch.py:87: in _launch_setup
    LaunchConfiguration("toolset").perform(context).strip().upper()
_ _ _ _ _ _ _ _ _ _ _ _ _ _ _ _ _ _ _ _ _ _ _ _ _ _ _ _ _ _ _ _ _ _ _ _ _ _ _ _ 

self = &lt;launch.substitutions.launch_configuration.LaunchConfiguration object at 0x758c614c60b0&gt;
context = &lt;launch.launch_context.LaunchContext object at 0x758c614c62c0&gt;

    def perform(self, context: LaunchContext) -&gt; Text:
        """
        Perform the substitution by retrieving the launch configuration, as a string.
    
        If the launch configuration is not found and a default has been set,
        the default will be returned, as a string.
        """
        from ..utilities import perform_substitutions
        expanded_variable_name = perform_substitutions(context, self.__variable_name)
        if expanded_variable_name not in context.launch_configurations:
            if self.__default is None:
&gt;               raise SubstitutionFailure(
                    "launch configuration '{}' does not exist".format(expanded_variable_name))
E               launch.substitutions.substitution_failure.SubstitutionFailure: launch configuration 'toolset' does not exist

/opt/ros/humble/lib/python3.10/site-packages/launch/substitutions/launch_configuration.py:98: SubstitutionFailure

During handling of the above exception, another exception occurred:

    def test_move_group_rejects_an_invalid_use_sim_time_value():
        module = _load_launch_module()
        context = _launch_context()
        context.launch_configurations["use_sim_time"] = "truthy"
    
&gt;       with pytest.raises(RuntimeError, match="use_sim_time must be true or false"):
E       AssertionError: Regex pattern did not match.
E        Regex: 'use_sim_time must be true or false'
E        Input: "launch configuration 'toolset' does not exist"

../../xczs_inspection_robot_moveit_config/test/test_move_group_launch_policy.py:149: AssertionError
________________ test_move_group_rejects_an_invalid_rviz_value _________________

    def test_move_group_rejects_an_invalid_rviz_value():
        module = _load_launch_module()
        context = _launch_context()
        context.launch_configurations["rviz"] = "truthy"
    
        with pytest.raises(RuntimeError, match="rviz must be true or false"):
&gt;           module._launch_setup(context)

../../xczs_inspection_robot_moveit_config/test/test_move_group_launch_policy.py:159: 
_ _ _ _ _ _ _ _ _ _ _ _ _ _ _ _ _ _ _ _ _ _ _ _ _ _ _ _ _ _ _ _ _ _ _ _ _ _ _ _ 
../../xczs_inspection_robot_moveit_config/launch/move_group.launch.py:87: in _launch_setup
    LaunchConfiguration("toolset").perform(context).strip().upper()
_ _ _ _ _ _ _ _ _ _ _ _ _ _ _ _ _ _ _ _ _ _ _ _ _ _ _ _ _ _ _ _ _ _ _ _ _ _ _ _ 

self = &lt;launch.substitutions.launch_configuration.LaunchConfiguration object at 0x758c612e6e30&gt;
context = &lt;launch.launch_context.LaunchContext object at 0x758c612e7430&gt;

    def perform(self, context: LaunchContext) -&gt; Text:
        """
        Perform the substitution by retrieving the launch configuration, as a string.
    
        If the launch configuration is not found and a default has been set,
        the default will be returned, as a string.
        """
        from ..utilities import perform_substitutions
        expanded_variable_name = perform_substitutions(context, self.__variable_name)
        if expanded_variable_name not in context.launch_configurations:
            if self.__default is None:
&gt;               raise SubstitutionFailure(
                    "launch configuration '{}' does not exist".format(expanded_variable_name))
E               launch.substitutions.substitution_failure.SubstitutionFailure: launch configuration 'toolset' does not exist

/opt/ros/humble/lib/python3.10/site-packages/launch/substitutions/launch_configuration.py:98: SubstitutionFailure

During handling of the above exception, another exception occurred:

    def test_move_group_rejects_an_invalid_rviz_value():
        module = _load_launch_module()
        context = _launch_context()
        context.launch_configurations["rviz"] = "truthy"
    
&gt;       with pytest.raises(RuntimeError, match="rviz must be true or false"):
E       AssertionError: Regex pattern did not match.
E        Regex: 'rviz must be true or false'
E        Input: "launch configuration 'toolset' does not exist"

../../xczs_inspection_robot_moveit_config/test/test_move_group_launch_policy.py:158: AssertionError
=============================== warnings summary ===============================
xczs_inspection_robot_moveit_config/test/test_move_group_launch_policy.py::test_move_group_watchdog_is_registered_before_required_node
  Warning: private variables, such as '_ConstructUnits__ConstructUnitsValue', will be normal attributes in 3.11

-- Docs: https://docs.pytest.org/en/stable/how-to/capture-warnings.html
- generated xml file: /home/live/work01/build/xczs_inspection_robot_moveit_config/test_results/xczs_inspection_robot_moveit_config/move_group_launch_policy_test.xunit.xml -
=========================== short test summary info ============================
FAILED ../../xczs_inspection_robot_moveit_config/test/test_move_group_launch_policy.py::test_move_group_watchdog_is_registered_before_required_node
FAILED ../../xczs_inspection_robot_moveit_config/test/test_move_group_launch_policy.py::test_move_group_exit_requests_shutdown_while_launch_is_active
FAILED ../../xczs_inspection_robot_moveit_config/test/test_move_group_launch_policy.py::test_move_group_rejects_an_invalid_use_sim_time_value
FAILED ../../xczs_inspection_robot_moveit_config/test/test_move_group_launch_policy.py::test_move_group_rejects_an_invalid_rviz_value
==================== 4 failed, 1 passed, 1 warning in 0.20s ====================
-- run_test.py: return code 1
-- run_test.py: verify result file '/home/live/work01/build/xczs_inspection_robot_moveit_config/test_results/xczs_inspection_robot_moveit_config/move_group_launch_policy_test.xunit.xml'
</Value>
				</Measurement>
			</Results>
			<Labels>
				<Label>pytest</Label>
			</Labels>
		</Test>
		<EndDateTime>Aug 22 18:04 CST</EndDateTime>
		<EndTestTime>1787393081</EndTestTime>
		<ElapsedMinutes>0</ElapsedMinutes>
	</Testing>
</Site>
