<?xml version="1.0" encoding="utf-8"?><testsuites name="pytest tests"><testsuite name="pytest" errors="0" failures="0" skipped="0" tests="2" time="0.078" timestamp="2026-08-24T10:48:19.321617+08:00" hostname="live"><testcase classname="xczs_inspection_robot_nav2.xczs_inspection_robot_nav2.test.test_navigation_launch_policy" name="test_every_nav2_boolean_argument_is_validated" time="0.050" /><testcase classname="xczs_inspection_robot_nav2.xczs_inspection_robot_nav2.test.test_navigation_launch_policy" name="test_nav2_boolean_arguments_are_normalized_before_forwarding" time="0.001" /></testsuite></testsuites>